2025-05-15 11:33:20,003 [WARNING] Failed to connect 
2025-05-15 11:33:20,111 [INFO] Waiting for connection
2025-05-15 11:33:25,122 [ERROR] Timeout while waiting for connection. Reconnecting
Traceback (most recent call last):
  File "C:\Program Files\WindowsApps\PythonSoftwareFoundation.Python.3.11_3.11.2544.0_x64__qbz5n2kfra8p0\Lib\asyncio\tasks.py", line 500, in wait_for
    return fut.result()
           ^^^^^^^^^^^^
  File "C:\Program Files\WindowsApps\PythonSoftwareFoundation.Python.3.11_3.11.2544.0_x64__qbz5n2kfra8p0\Lib\asyncio\locks.py", line 213, in wait
    await fut
asyncio.exceptions.CancelledError

The above exception was the direct cause of the following exception:

Traceback (most recent call last):
  File "C:\Users\Andraž\Desktop\huawei_sun2000_control\.venv\Lib\site-packages\huawei_solar\huawei_solar.py", line 141, in _communication_lock
    await asyncio.wait_for(
  File "C:\Program Files\WindowsApps\PythonSoftwareFoundation.Python.3.11_3.11.2544.0_x64__qbz5n2kfra8p0\Lib\asyncio\tasks.py", line 502, in wait_for
    raise exceptions.TimeoutError() from exc
TimeoutError
2025-05-15 11:33:25,127 [ERROR] Connection or login failed: 
2025-05-15 12:18:39,121 [WARNING] Failed to connect 
2025-05-15 12:18:39,230 [INFO] Waiting for connection
2025-05-15 12:18:44,236 [ERROR] Timeout while waiting for connection. Reconnecting
Traceback (most recent call last):
  File "C:\Program Files\WindowsApps\PythonSoftwareFoundation.Python.3.11_3.11.2544.0_x64__qbz5n2kfra8p0\Lib\asyncio\tasks.py", line 500, in wait_for
    return fut.result()
           ^^^^^^^^^^^^
  File "C:\Program Files\WindowsApps\PythonSoftwareFoundation.Python.3.11_3.11.2544.0_x64__qbz5n2kfra8p0\Lib\asyncio\locks.py", line 213, in wait
    await fut
asyncio.exceptions.CancelledError

The above exception was the direct cause of the following exception:

Traceback (most recent call last):
  File "C:\Users\Andraž\Desktop\huawei_sun2000_control\.venv\Lib\site-packages\huawei_solar\huawei_solar.py", line 141, in _communication_lock
    await asyncio.wait_for(
  File "C:\Program Files\WindowsApps\PythonSoftwareFoundation.Python.3.11_3.11.2544.0_x64__qbz5n2kfra8p0\Lib\asyncio\tasks.py", line 502, in wait_for
    raise exceptions.TimeoutError() from exc
TimeoutError
2025-05-15 12:18:44,241 [ERROR] Connection or login failed: 
2025-05-15 15:08:48,227 [ERROR] RTU connection or login failed: create_rtu_bridge() got an unexpected keyword argument 'parity'
2025-05-15 15:13:13,679 [ERROR] Error during operation: connect_and_login_rtu() got an unexpected keyword argument 'port'
2025-05-15 15:15:51,260 [INFO] Waiting for connection
2025-05-15 15:16:31,590 [ERROR] No response received after 3 retries, continue with next request
2025-05-15 15:16:31,593 [ERROR] RTU connection or login failed: Modbus Error: [Input/Output] No response received after 3 retries, continue with next request
2025-05-15 15:47:41,026 [INFO] Waiting for connection
2025-05-15 15:48:21,420 [ERROR] No response received after 3 retries, continue with next request
2025-05-15 15:48:21,425 [ERROR] RTU connection or login failed: Modbus Error: [Input/Output] No response received after 3 retries, continue with next request
2025-05-15 15:52:15,208 [INFO] Waiting for connection
2025-05-15 15:52:17,335 [ERROR] Exception response 193 / 0
2025-05-15 15:52:17,338 [ERROR] RTU connection or login failed: 'ExceptionResponse' object has no attribute 'content'
2025-05-15 16:03:21,914 [INFO] Waiting for connection
2025-05-15 16:03:23,632 [INFO] Connected over RTU: port=COM3, baudrate=9600, slave=2
2025-05-15 16:03:23,634 [INFO] Waiting 5s for inverter to stabilize…
2025-05-15 16:03:28,662 [INFO] [SET] Target SoC for Charge = 100
2025-05-15 16:03:28,819 [INFO] [VALIDATED] Target SoC for Charge = 100.0
2025-05-15 16:03:28,912 [INFO] [SET] Charge Period = 2
2025-05-15 16:03:29,068 [INFO] [VALIDATED] Charge Period = 2
2025-05-15 16:03:29,176 [INFO] [SET] Charge Power = 100
2025-05-15 16:03:29,287 [INFO] [VALIDATED] Charge Power = 100
2025-05-15 16:03:29,709 [INFO] [SET] Trigger Charge = 1
2025-05-15 16:03:29,802 [WARNING] [MISMATCH] Trigger Charge: expected 1, got Stop
2025-05-15 16:03:29,804 [INFO] [MONITOR] Monitoring started.
2025-05-15 16:03:29,879 [INFO] [READ] State of Capacity = 100.0
2025-05-15 16:03:29,990 [INFO] [READ] Battery Charge/Discharge Power = 0
2025-05-15 16:03:35,030 [INFO] [READ] State of Capacity = 100.0
2025-05-15 16:03:35,264 [INFO] [READ] Battery Charge/Discharge Power = 0
2025-05-15 16:03:40,269 [INFO] [READ] State of Capacity = 100.0
2025-05-15 16:03:40,376 [INFO] [READ] Battery Charge/Discharge Power = 0
2025-05-15 16:03:45,471 [INFO] [READ] State of Capacity = 100.0
2025-05-15 16:03:45,577 [INFO] [READ] Battery Charge/Discharge Power = 0
2025-05-15 16:03:50,623 [INFO] [READ] State of Capacity = 100.0
2025-05-15 16:03:50,733 [INFO] [READ] Battery Charge/Discharge Power = 0
2025-05-15 16:03:55,789 [INFO] [READ] State of Capacity = 100.0
2025-05-15 16:03:55,897 [INFO] [READ] Battery Charge/Discharge Power = 0
2025-05-15 16:04:00,954 [INFO] [READ] State of Capacity = 100.0
2025-05-15 16:04:01,079 [INFO] [READ] Battery Charge/Discharge Power = 0
2025-05-15 16:04:06,133 [INFO] [READ] State of Capacity = 100.0
2025-05-15 16:04:06,240 [INFO] [READ] Battery Charge/Discharge Power = 0
2025-05-15 16:04:11,275 [INFO] [READ] State of Capacity = 100.0
2025-05-15 16:04:11,384 [INFO] [READ] Battery Charge/Discharge Power = 0
2025-05-15 16:04:16,406 [INFO] [READ] State of Capacity = 100.0
2025-05-15 16:04:16,516 [INFO] [READ] Battery Charge/Discharge Power = 0
2025-05-15 16:04:21,564 [INFO] [READ] State of Capacity = 100.0
2025-05-15 16:04:21,676 [INFO] [READ] Battery Charge/Discharge Power = 0
2025-05-15 16:04:26,720 [INFO] [READ] State of Capacity = 100.0
2025-05-15 16:04:26,844 [INFO] [READ] Battery Charge/Discharge Power = 0
2025-05-15 16:04:31,875 [INFO] [READ] State of Capacity = 100.0
2025-05-15 16:04:31,986 [INFO] [READ] Battery Charge/Discharge Power = 0
2025-05-15 16:04:37,038 [INFO] [READ] State of Capacity = 100.0
2025-05-15 16:04:37,132 [INFO] [READ] Battery Charge/Discharge Power = 0
2025-05-15 16:04:42,146 [INFO] [READ] State of Capacity = 100.0
2025-05-15 16:04:42,254 [INFO] [READ] Battery Charge/Discharge Power = 0
2025-05-15 16:04:47,294 [INFO] [READ] State of Capacity = 100.0
2025-05-15 16:04:47,435 [INFO] [READ] Battery Charge/Discharge Power = 0
2025-05-15 16:04:52,531 [INFO] [READ] State of Capacity = 100.0
2025-05-15 16:04:52,750 [INFO] [READ] Battery Charge/Discharge Power = 0
2025-05-15 16:04:57,798 [INFO] [READ] State of Capacity = 100.0
2025-05-15 16:04:57,971 [INFO] [READ] Battery Charge/Discharge Power = 0
2025-05-15 16:05:02,988 [INFO] [READ] State of Capacity = 100.0
2025-05-15 16:05:03,099 [INFO] [READ] Battery Charge/Discharge Power = 0
2025-05-15 16:05:08,139 [INFO] [READ] State of Capacity = 100.0
2025-05-15 16:05:08,247 [INFO] [READ] Battery Charge/Discharge Power = 0
2025-05-15 16:05:13,281 [INFO] [READ] State of Capacity = 100.0
2025-05-15 16:05:13,419 [INFO] [READ] Battery Charge/Discharge Power = 0
2025-05-15 16:05:18,469 [INFO] [READ] State of Capacity = 100.0
2025-05-15 16:05:18,593 [INFO] [READ] Battery Charge/Discharge Power = 0
2025-05-15 16:05:23,652 [INFO] [READ] State of Capacity = 100.0
2025-05-15 16:05:23,760 [INFO] [READ] Battery Charge/Discharge Power = 0
2025-05-15 16:05:28,789 [INFO] [READ] State of Capacity = 100.0
2025-05-15 16:05:28,898 [INFO] [READ] Battery Charge/Discharge Power = 0
2025-05-15 16:05:29,839 [INFO] [SET] Discharge Period (min) = 0
2025-05-15 16:05:29,932 [INFO] [VALIDATED] Discharge Period (min) = 0
2025-05-15 16:05:30,309 [INFO] [SET] Charge Power = 0
2025-05-15 16:05:30,420 [INFO] [VALIDATED] Charge Power = 0
2025-05-15 16:05:30,561 [INFO] [SET] Discharge Power = 0
2025-05-15 16:05:30,684 [INFO] [VALIDATED] Discharge Power = 0
2025-05-15 16:05:30,779 [INFO] [SET] Stop Charge/Discharge = 0
2025-05-15 16:05:30,873 [INFO] [VALIDATED] Stop Charge/Discharge = Stop
2025-05-15 16:05:30,875 [INFO] [MONITOR] Monitoring stopped.
2025-05-15 16:05:30,998 [INFO] [SET] Target SoC for Discharge = 0
2025-05-15 16:05:31,233 [INFO] [VALIDATED] Target SoC for Discharge = 0.0
2025-05-15 16:05:31,356 [INFO] [SET] Discharge Period = 2
2025-05-15 16:05:31,464 [INFO] [VALIDATED] Discharge Period = 2
2025-05-15 16:05:31,574 [INFO] [SET] Discharge Power = 100
2025-05-15 16:05:31,682 [INFO] [VALIDATED] Discharge Power = 100
2025-05-15 16:05:31,775 [INFO] [SET] Trigger Discharge = 2
2025-05-15 16:05:32,147 [INFO] [VALIDATED] Trigger Discharge = Discharge
2025-05-15 16:05:32,149 [INFO] [MONITOR] Monitoring started.
2025-05-15 16:05:32,240 [INFO] [READ] State of Capacity = 100.0
2025-05-15 16:05:32,350 [INFO] [READ] Battery Charge/Discharge Power = 0
2025-05-15 16:05:37,378 [INFO] [READ] State of Capacity = 100.0
2025-05-15 16:05:37,597 [INFO] [READ] Battery Charge/Discharge Power = 0
2025-05-15 16:05:42,637 [INFO] [READ] State of Capacity = 100.0
2025-05-15 16:05:42,747 [INFO] [READ] Battery Charge/Discharge Power = -108
2025-05-15 16:05:47,803 [INFO] [READ] State of Capacity = 100.0
2025-05-15 16:05:47,912 [INFO] [READ] Battery Charge/Discharge Power = -107
2025-05-15 16:05:52,947 [INFO] [READ] State of Capacity = 100.0
2025-05-15 16:05:53,089 [INFO] [READ] Battery Charge/Discharge Power = -109
2025-05-15 16:05:58,113 [INFO] [READ] State of Capacity = 100.0
2025-05-15 16:05:58,286 [INFO] [READ] Battery Charge/Discharge Power = -108
2025-05-15 16:06:03,339 [INFO] [READ] State of Capacity = 100.0
2025-05-15 16:06:03,451 [INFO] [READ] Battery Charge/Discharge Power = -109
2025-05-15 16:06:08,528 [INFO] [READ] State of Capacity = 100.0
2025-05-15 16:06:08,640 [INFO] [READ] Battery Charge/Discharge Power = -109
2025-05-15 16:06:13,747 [INFO] [READ] State of Capacity = 100.0
2025-05-15 16:06:13,858 [INFO] [READ] Battery Charge/Discharge Power = -108
2025-05-15 16:06:18,892 [INFO] [READ] State of Capacity = 100.0
2025-05-15 16:06:19,002 [INFO] [READ] Battery Charge/Discharge Power = -108
2025-05-15 16:06:24,096 [INFO] [READ] State of Capacity = 100.0
2025-05-15 16:06:24,224 [INFO] [READ] Battery Charge/Discharge Power = -108
2025-05-15 16:06:41,023 [INFO] [READ] State of Capacity = 100.0
2025-05-15 16:06:41,117 [INFO] [READ] Battery Charge/Discharge Power = -108
2025-05-15 16:06:46,171 [INFO] [READ] State of Capacity = 100.0
2025-05-15 16:06:46,295 [INFO] [READ] Battery Charge/Discharge Power = -109
2025-05-15 16:06:51,365 [INFO] [READ] State of Capacity = 100.0
2025-05-15 16:06:51,474 [INFO] [READ] Battery Charge/Discharge Power = -109
2025-05-15 16:06:56,498 [INFO] [READ] State of Capacity = 100.0
2025-05-15 16:06:56,605 [INFO] [READ] Battery Charge/Discharge Power = -109
2025-05-15 16:07:01,621 [INFO] [READ] State of Capacity = 100.0
2025-05-15 16:07:01,731 [INFO] [READ] Battery Charge/Discharge Power = -109
2025-05-15 16:07:06,744 [INFO] [READ] State of Capacity = 100.0
2025-05-15 16:07:06,855 [INFO] [READ] Battery Charge/Discharge Power = -109
2025-05-15 16:07:11,892 [INFO] [READ] State of Capacity = 100.0
2025-05-15 16:07:12,016 [INFO] [READ] Battery Charge/Discharge Power = -109
2025-05-15 16:07:17,126 [INFO] [READ] State of Capacity = 100.0
2025-05-15 16:07:17,220 [INFO] [READ] Battery Charge/Discharge Power = -109
2025-05-15 16:07:22,253 [INFO] [READ] State of Capacity = 100.0
2025-05-15 16:07:22,363 [INFO] [READ] Battery Charge/Discharge Power = -109
2025-05-15 16:07:27,420 [INFO] [READ] State of Capacity = 100.0
2025-05-15 16:07:27,530 [INFO] [READ] Battery Charge/Discharge Power = -109
2025-05-15 16:07:32,270 [INFO] [SET] Discharge Period (min) = 0
2025-05-15 16:07:32,364 [INFO] [VALIDATED] Discharge Period (min) = 0
2025-05-15 16:07:32,504 [INFO] [SET] Charge Power = 0
2025-05-15 16:07:32,833 [INFO] [VALIDATED] Charge Power = 0
2025-05-15 16:07:32,928 [INFO] [READ] State of Capacity = 100.0
2025-05-15 16:07:33,037 [INFO] [SET] Discharge Power = 0
2025-05-15 16:07:33,147 [INFO] [READ] Battery Charge/Discharge Power = -109
2025-05-15 16:07:33,255 [INFO] [VALIDATED] Discharge Power = 0
2025-05-15 16:07:33,364 [INFO] [SET] Stop Charge/Discharge = 0
2025-05-15 16:07:33,473 [INFO] [VALIDATED] Stop Charge/Discharge = Stop
2025-05-15 16:07:33,475 [INFO] [MONITOR] Monitoring stopped.
2025-05-15 16:07:33,550 [INFO] [SET] Target SoC for Charge = 100
2025-05-15 16:07:33,644 [INFO] [VALIDATED] Target SoC for Charge = 100.0
2025-05-15 16:07:33,770 [INFO] [SET] Charge Period = 2
2025-05-15 16:07:34,178 [INFO] [VALIDATED] Charge Period = 2
2025-05-15 16:07:34,271 [INFO] [SET] Charge Power = 200
2025-05-15 16:07:34,380 [INFO] [VALIDATED] Charge Power = 200
2025-05-15 16:07:34,475 [INFO] [SET] Trigger Charge = 1
2025-05-15 16:07:34,570 [WARNING] [MISMATCH] Trigger Charge: expected 1, got Stop
2025-05-15 16:07:34,571 [INFO] [MONITOR] Monitoring started.
2025-05-15 16:07:34,743 [INFO] [READ] State of Capacity = 100.0
2025-05-15 16:07:34,853 [INFO] [READ] Battery Charge/Discharge Power = -108
2025-05-15 16:07:39,879 [INFO] [READ] State of Capacity = 100.0
2025-05-15 16:07:39,988 [INFO] [READ] Battery Charge/Discharge Power = -92
2025-05-15 16:07:45,079 [INFO] [READ] State of Capacity = 100.0
2025-05-15 16:07:45,188 [INFO] [READ] Battery Charge/Discharge Power = 0
2025-05-15 16:07:50,245 [INFO] [READ] State of Capacity = 100.0
2025-05-15 16:07:50,355 [INFO] [READ] Battery Charge/Discharge Power = 0
2025-05-15 16:07:55,449 [INFO] [READ] State of Capacity = 100.0
2025-05-15 16:07:55,557 [INFO] [READ] Battery Charge/Discharge Power = 0
2025-05-15 16:08:00,573 [INFO] [READ] State of Capacity = 100.0
2025-05-15 16:08:00,683 [INFO] [READ] Battery Charge/Discharge Power = 0
2025-05-15 16:08:05,696 [INFO] [READ] State of Capacity = 100.0
2025-05-15 16:08:05,805 [INFO] [READ] Battery Charge/Discharge Power = 0
2025-05-15 16:08:10,858 [INFO] [READ] State of Capacity = 100.0
2025-05-15 16:08:10,986 [INFO] [READ] Battery Charge/Discharge Power = 0
2025-05-15 16:08:16,045 [INFO] [READ] State of Capacity = 100.0
2025-05-15 16:08:16,154 [INFO] [READ] Battery Charge/Discharge Power = 0
2025-05-15 16:08:21,182 [INFO] [READ] State of Capacity = 100.0
2025-05-15 16:08:21,274 [INFO] [READ] Battery Charge/Discharge Power = 0
2025-05-15 16:08:26,303 [INFO] [READ] State of Capacity = 100.0
2025-05-15 16:08:26,412 [INFO] [READ] Battery Charge/Discharge Power = 0
2025-05-15 16:08:31,455 [INFO] [READ] State of Capacity = 100.0
2025-05-15 16:08:31,641 [INFO] [READ] Battery Charge/Discharge Power = 0
2025-05-15 16:08:36,673 [INFO] [READ] State of Capacity = 100.0
2025-05-15 16:08:36,861 [INFO] [READ] Battery Charge/Discharge Power = 0
2025-05-15 16:08:41,900 [INFO] [READ] State of Capacity = 100.0
2025-05-15 16:08:42,201 [INFO] [READ] Battery Charge/Discharge Power = 0
2025-05-15 16:08:47,264 [INFO] [READ] State of Capacity = 100.0
2025-05-15 16:08:47,374 [INFO] [READ] Battery Charge/Discharge Power = 0
2025-05-15 16:08:52,432 [INFO] [READ] State of Capacity = 100.0
2025-05-15 16:08:52,541 [INFO] [READ] Battery Charge/Discharge Power = 0
2025-05-15 16:08:57,581 [INFO] [READ] State of Capacity = 100.0
2025-05-15 16:08:57,694 [INFO] [READ] Battery Charge/Discharge Power = 0
2025-05-15 16:09:02,723 [INFO] [READ] State of Capacity = 100.0
2025-05-15 16:09:02,834 [INFO] [READ] Battery Charge/Discharge Power = 0
2025-05-15 16:09:07,868 [INFO] [READ] State of Capacity = 100.0
2025-05-15 16:09:07,977 [INFO] [READ] Battery Charge/Discharge Power = 0
2025-05-15 16:09:13,010 [INFO] [READ] State of Capacity = 100.0
2025-05-15 16:09:13,119 [INFO] [READ] Battery Charge/Discharge Power = 0
2025-05-15 16:09:18,143 [INFO] [READ] State of Capacity = 100.0
2025-05-15 16:09:18,251 [INFO] [READ] Battery Charge/Discharge Power = 0
2025-05-15 16:09:23,283 [INFO] [READ] State of Capacity = 100.0
2025-05-15 16:09:23,391 [INFO] [READ] Battery Charge/Discharge Power = 0
2025-05-15 16:09:28,448 [INFO] [READ] State of Capacity = 100.0
2025-05-15 16:09:28,558 [INFO] [READ] Battery Charge/Discharge Power = 0
2025-05-15 16:09:33,566 [INFO] [READ] State of Capacity = 100.0
2025-05-15 16:09:33,676 [INFO] [READ] Battery Charge/Discharge Power = 0
2025-05-15 16:09:34,621 [INFO] [SET] Discharge Period (min) = 0
2025-05-15 16:09:35,060 [INFO] [VALIDATED] Discharge Period (min) = 0
2025-05-15 16:09:35,299 [INFO] [SET] Charge Power = 0
2025-05-15 16:09:35,409 [INFO] [VALIDATED] Charge Power = 0
2025-05-15 16:09:35,627 [INFO] [SET] Discharge Power = 0
2025-05-15 16:09:35,737 [INFO] [VALIDATED] Discharge Power = 0
2025-05-15 16:09:35,830 [INFO] [SET] Stop Charge/Discharge = 0
2025-05-15 16:09:35,926 [INFO] [VALIDATED] Stop Charge/Discharge = Stop
2025-05-15 16:09:35,927 [INFO] [MONITOR] Monitoring stopped.
2025-05-15 16:09:36,036 [INFO] [SET] Target SoC for Discharge = 0
2025-05-15 16:09:36,144 [INFO] [VALIDATED] Target SoC for Discharge = 0.0
2025-05-15 16:09:36,269 [INFO] [SET] Discharge Period = 2
2025-05-15 16:09:36,362 [INFO] [VALIDATED] Discharge Period = 2
2025-05-15 16:09:36,470 [INFO] [SET] Discharge Power = 200
2025-05-15 16:09:36,563 [INFO] [VALIDATED] Discharge Power = 200
2025-05-15 16:09:36,928 [INFO] [SET] Trigger Discharge = 2
2025-05-15 16:09:37,037 [INFO] [VALIDATED] Trigger Discharge = Discharge
2025-05-15 16:09:37,038 [INFO] [MONITOR] Monitoring started.
2025-05-15 16:09:37,131 [INFO] [READ] State of Capacity = 100.0
2025-05-15 16:09:37,241 [INFO] [READ] Battery Charge/Discharge Power = 0
2025-05-15 16:09:42,302 [INFO] [READ] State of Capacity = 100.0
2025-05-15 16:09:42,412 [INFO] [READ] Battery Charge/Discharge Power = 0
2025-05-15 16:09:47,461 [INFO] [READ] State of Capacity = 100.0
2025-05-15 16:09:47,585 [INFO] [READ] Battery Charge/Discharge Power = -980
2025-05-15 16:09:52,901 [INFO] [READ] State of Capacity = 100.0
2025-05-15 16:09:53,011 [INFO] [READ] Battery Charge/Discharge Power = -203
2025-05-15 16:09:58,039 [INFO] [READ] State of Capacity = 100.0
2025-05-15 16:09:58,223 [INFO] [READ] Battery Charge/Discharge Power = -204
2025-05-15 16:10:03,255 [INFO] [READ] State of Capacity = 100.0
2025-05-15 16:10:03,365 [INFO] [READ] Battery Charge/Discharge Power = -202
2025-05-15 16:10:08,536 [INFO] [READ] State of Capacity = 100.0
2025-05-15 16:10:08,645 [INFO] [READ] Battery Charge/Discharge Power = -202
2025-05-15 16:10:13,702 [INFO] [READ] State of Capacity = 100.0
2025-05-15 16:10:13,826 [INFO] [READ] Battery Charge/Discharge Power = -202
2025-05-15 16:10:18,874 [INFO] [READ] State of Capacity = 100.0
2025-05-15 16:10:19,000 [INFO] [READ] Battery Charge/Discharge Power = -201
2025-05-15 16:10:24,068 [INFO] [READ] State of Capacity = 100.0
2025-05-15 16:10:24,177 [INFO] [READ] Battery Charge/Discharge Power = -201
2025-05-15 16:10:29,190 [INFO] [READ] State of Capacity = 100.0
2025-05-15 16:10:29,410 [INFO] [READ] Battery Charge/Discharge Power = -201
2025-05-15 16:10:34,445 [INFO] [READ] State of Capacity = 100.0
2025-05-15 16:10:34,619 [INFO] [READ] Battery Charge/Discharge Power = -201
2025-05-15 16:10:39,672 [INFO] [READ] State of Capacity = 100.0
2025-05-15 16:10:39,889 [INFO] [READ] Battery Charge/Discharge Power = -202
2025-05-15 16:10:44,918 [INFO] [READ] State of Capacity = 100.0
2025-05-15 16:10:45,025 [INFO] [READ] Battery Charge/Discharge Power = -202
2025-05-15 16:10:50,053 [INFO] [READ] State of Capacity = 100.0
2025-05-15 16:10:50,163 [INFO] [READ] Battery Charge/Discharge Power = -202
2025-05-15 16:10:55,193 [INFO] [READ] State of Capacity = 100.0
2025-05-15 16:10:55,286 [INFO] [READ] Battery Charge/Discharge Power = -202
2025-05-15 16:11:00,344 [INFO] [READ] State of Capacity = 100.0
2025-05-15 16:11:00,468 [INFO] [READ] Battery Charge/Discharge Power = -202
2025-05-15 16:11:05,497 [INFO] [READ] State of Capacity = 100.0
2025-05-15 16:11:05,605 [INFO] [READ] Battery Charge/Discharge Power = -203
2025-05-15 16:11:10,623 [INFO] [READ] State of Capacity = 100.0
2025-05-15 16:11:10,731 [INFO] [READ] Battery Charge/Discharge Power = -203
2025-05-15 16:11:15,825 [INFO] [READ] State of Capacity = 100.0
2025-05-15 16:11:15,920 [INFO] [READ] Battery Charge/Discharge Power = -202
2025-05-15 16:11:20,948 [INFO] [READ] State of Capacity = 100.0
2025-05-15 16:11:21,089 [INFO] [READ] Battery Charge/Discharge Power = -202
2025-05-15 16:11:26,114 [INFO] [READ] State of Capacity = 100.0
2025-05-15 16:11:26,224 [INFO] [READ] Battery Charge/Discharge Power = -203
2025-05-15 16:11:31,360 [INFO] [READ] State of Capacity = 100.0
2025-05-15 16:11:31,472 [INFO] [READ] Battery Charge/Discharge Power = -204
2025-05-15 16:11:36,504 [INFO] [READ] State of Capacity = 100.0
2025-05-15 16:11:36,613 [INFO] [READ] Battery Charge/Discharge Power = -202
2025-05-15 16:11:37,115 [INFO] [SET] Discharge Period (min) = 0
2025-05-15 16:11:37,618 [INFO] [VALIDATED] Discharge Period (min) = 0
2025-05-15 16:11:37,728 [INFO] [SET] Charge Power = 0
2025-05-15 16:11:37,837 [INFO] [VALIDATED] Charge Power = 0
2025-05-15 16:11:37,946 [INFO] [SET] Discharge Power = 0
2025-05-15 16:11:38,183 [INFO] [VALIDATED] Discharge Power = 0
2025-05-15 16:11:38,276 [INFO] [SET] Stop Charge/Discharge = 0
2025-05-15 16:11:38,370 [INFO] [VALIDATED] Stop Charge/Discharge = Stop
2025-05-15 16:11:38,372 [INFO] [MONITOR] Monitoring stopped.
2025-05-15 16:11:38,479 [INFO] [SET] Target SoC for Charge = 100
2025-05-15 16:11:38,574 [INFO] [VALIDATED] Target SoC for Charge = 100.0
2025-05-15 16:11:38,685 [INFO] [SET] Charge Period = 2
2025-05-15 16:11:38,790 [INFO] [VALIDATED] Charge Period = 2
2025-05-15 16:11:38,901 [INFO] [SET] Charge Power = 300
2025-05-15 16:11:39,011 [INFO] [VALIDATED] Charge Power = 300
2025-05-15 16:11:39,360 [INFO] [SET] Trigger Charge = 1
2025-05-15 16:11:39,455 [WARNING] [MISMATCH] Trigger Charge: expected 1, got Stop
2025-05-15 16:11:39,456 [INFO] [MONITOR] Monitoring started.
2025-05-15 16:11:39,595 [INFO] [READ] State of Capacity = 100.0
2025-05-15 16:11:39,705 [INFO] [READ] Battery Charge/Discharge Power = -202
2025-05-15 16:11:44,739 [INFO] [READ] State of Capacity = 100.0
2025-05-15 16:11:44,850 [INFO] [READ] Battery Charge/Discharge Power = -202
2025-05-15 16:11:49,918 [INFO] [READ] State of Capacity = 100.0
2025-05-15 16:11:50,057 [INFO] [READ] Battery Charge/Discharge Power = 0
2025-05-15 16:11:55,072 [INFO] [READ] State of Capacity = 100.0
2025-05-15 16:11:55,182 [INFO] [READ] Battery Charge/Discharge Power = 0
2025-05-15 16:12:00,193 [INFO] [READ] State of Capacity = 100.0
2025-05-15 16:12:00,379 [INFO] [READ] Battery Charge/Discharge Power = 0
2025-05-15 16:12:05,413 [INFO] [READ] State of Capacity = 100.0
2025-05-15 16:12:05,522 [INFO] [READ] Battery Charge/Discharge Power = 0
2025-05-15 16:12:10,560 [INFO] [READ] State of Capacity = 100.0
2025-05-15 16:12:10,667 [INFO] [READ] Battery Charge/Discharge Power = 0
2025-05-15 16:12:15,705 [INFO] [READ] State of Capacity = 100.0
2025-05-15 16:12:15,817 [INFO] [READ] Battery Charge/Discharge Power = 0
2025-05-15 16:12:20,859 [INFO] [READ] State of Capacity = 100.0
2025-05-15 16:12:20,983 [INFO] [READ] Battery Charge/Discharge Power = 0
2025-05-15 16:12:26,041 [INFO] [READ] State of Capacity = 100.0
2025-05-15 16:12:26,152 [INFO] [READ] Battery Charge/Discharge Power = 0
2025-05-15 16:12:31,178 [INFO] [READ] State of Capacity = 100.0
2025-05-15 16:12:31,381 [INFO] [READ] Battery Charge/Discharge Power = 0
2025-05-15 16:12:36,422 [INFO] [READ] State of Capacity = 100.0
2025-05-15 16:12:36,516 [INFO] [READ] Battery Charge/Discharge Power = 0
2025-05-15 16:12:41,576 [INFO] [READ] State of Capacity = 100.0
2025-05-15 16:12:41,686 [INFO] [READ] Battery Charge/Discharge Power = 0
2025-05-15 16:12:46,759 [INFO] [READ] State of Capacity = 100.0
2025-05-15 16:12:46,867 [INFO] [READ] Battery Charge/Discharge Power = 0
2025-05-15 16:12:51,921 [INFO] [READ] State of Capacity = 100.0
2025-05-15 16:12:52,046 [INFO] [READ] Battery Charge/Discharge Power = 0
2025-05-15 16:12:57,064 [INFO] [READ] State of Capacity = 100.0
2025-05-15 16:12:57,174 [INFO] [READ] Battery Charge/Discharge Power = 0
2025-05-15 16:13:02,211 [INFO] [READ] State of Capacity = 100.0
2025-05-15 16:13:02,320 [INFO] [READ] Battery Charge/Discharge Power = 0
2025-05-15 16:13:07,358 [INFO] [READ] State of Capacity = 100.0
2025-05-15 16:13:07,485 [INFO] [READ] Battery Charge/Discharge Power = 0
2025-05-15 16:13:12,544 [INFO] [READ] State of Capacity = 100.0
2025-05-15 16:13:12,653 [INFO] [READ] Battery Charge/Discharge Power = 0
2025-05-15 16:13:17,679 [INFO] [READ] State of Capacity = 100.0
2025-05-15 16:13:17,788 [INFO] [READ] Battery Charge/Discharge Power = 0
2025-05-15 16:13:22,814 [INFO] [READ] State of Capacity = 100.0
2025-05-15 16:13:22,925 [INFO] [READ] Battery Charge/Discharge Power = 0
2025-05-15 16:13:27,945 [INFO] [READ] State of Capacity = 100.0
2025-05-15 16:13:28,054 [INFO] [READ] Battery Charge/Discharge Power = 0
2025-05-15 16:13:33,074 [INFO] [READ] State of Capacity = 100.0
2025-05-15 16:13:33,185 [INFO] [READ] Battery Charge/Discharge Power = 0
2025-05-15 16:13:38,272 [INFO] [READ] State of Capacity = 100.0
2025-05-15 16:13:38,380 [INFO] [READ] Battery Charge/Discharge Power = 0
2025-05-15 16:13:39,512 [INFO] [SET] Discharge Period (min) = 0
2025-05-15 16:13:39,952 [INFO] [VALIDATED] Discharge Period (min) = 0
2025-05-15 16:13:40,108 [INFO] [SET] Charge Power = 0
2025-05-15 16:13:40,233 [INFO] [VALIDATED] Charge Power = 0
2025-05-15 16:13:40,359 [INFO] [SET] Discharge Power = 0
2025-05-15 16:13:40,468 [INFO] [VALIDATED] Discharge Power = 0
2025-05-15 16:13:40,654 [INFO] [SET] Stop Charge/Discharge = 0
2025-05-15 16:13:40,746 [INFO] [VALIDATED] Stop Charge/Discharge = Stop
2025-05-15 16:13:40,749 [INFO] [MONITOR] Monitoring stopped.
2025-05-15 16:13:40,841 [INFO] [SET] Target SoC for Discharge = 0
2025-05-15 16:13:40,937 [INFO] [VALIDATED] Target SoC for Discharge = 0.0
2025-05-15 16:13:41,060 [INFO] [SET] Discharge Period = 2
2025-05-15 16:13:41,152 [INFO] [VALIDATED] Discharge Period = 2
2025-05-15 16:13:41,293 [INFO] [SET] Discharge Power = 300
2025-05-15 16:13:41,403 [INFO] [VALIDATED] Discharge Power = 300
2025-05-15 16:13:41,761 [INFO] [SET] Trigger Discharge = 2
2025-05-15 16:13:41,902 [INFO] [VALIDATED] Trigger Discharge = Discharge
2025-05-15 16:13:41,904 [INFO] [MONITOR] Monitoring started.
2025-05-15 16:13:42,059 [INFO] [READ] State of Capacity = 100.0
2025-05-15 16:13:42,170 [INFO] [READ] Battery Charge/Discharge Power = 0
2025-05-15 16:13:47,215 [INFO] [READ] State of Capacity = 100.0
2025-05-15 16:13:47,310 [INFO] [READ] Battery Charge/Discharge Power = 0
2025-05-15 16:13:52,400 [INFO] [READ] State of Capacity = 100.0
2025-05-15 16:13:52,510 [INFO] [READ] Battery Charge/Discharge Power = 0
2025-05-15 16:13:57,531 [INFO] [READ] State of Capacity = 100.0
2025-05-15 16:13:57,641 [INFO] [READ] Battery Charge/Discharge Power = -302
2025-05-15 16:14:02,675 [INFO] [READ] State of Capacity = 100.0
2025-05-15 16:14:02,785 [INFO] [READ] Battery Charge/Discharge Power = -301
2025-05-15 16:14:07,836 [INFO] [READ] State of Capacity = 100.0
2025-05-15 16:14:07,945 [INFO] [READ] Battery Charge/Discharge Power = -303
2025-05-15 16:14:13,023 [INFO] [READ] State of Capacity = 100.0
2025-05-15 16:14:13,131 [INFO] [READ] Battery Charge/Discharge Power = -302
2025-05-15 16:14:18,203 [INFO] [READ] State of Capacity = 100.0
2025-05-15 16:14:18,327 [INFO] [READ] Battery Charge/Discharge Power = -303
2025-05-15 16:14:23,366 [INFO] [READ] State of Capacity = 100.0
2025-05-15 16:14:23,522 [INFO] [READ] Battery Charge/Discharge Power = -304
2025-05-15 16:14:28,748 [INFO] [READ] State of Capacity = 100.0
2025-05-15 16:14:28,856 [INFO] [READ] Battery Charge/Discharge Power = -304
2025-05-15 16:14:33,953 [INFO] [READ] State of Capacity = 100.0
2025-05-15 16:14:34,078 [INFO] [READ] Battery Charge/Discharge Power = -304
2025-05-15 16:14:39,261 [INFO] [READ] State of Capacity = 100.0
2025-05-15 16:14:39,370 [INFO] [READ] Battery Charge/Discharge Power = -303
2025-05-15 16:14:44,514 [INFO] [READ] State of Capacity = 100.0
2025-05-15 16:14:44,640 [INFO] [READ] Battery Charge/Discharge Power = -303
2025-05-15 16:14:49,839 [INFO] [READ] State of Capacity = 100.0
2025-05-15 16:14:49,947 [INFO] [READ] Battery Charge/Discharge Power = -302
2025-05-15 16:14:55,018 [INFO] [READ] State of Capacity = 100.0
2025-05-15 16:14:55,142 [INFO] [READ] Battery Charge/Discharge Power = -303
2025-05-15 16:15:00,269 [INFO] [READ] State of Capacity = 100.0
2025-05-15 16:15:00,377 [INFO] [READ] Battery Charge/Discharge Power = -303
2025-05-15 16:15:05,392 [INFO] [READ] State of Capacity = 100.0
2025-05-15 16:15:05,627 [INFO] [READ] Battery Charge/Discharge Power = -303
2025-05-15 16:15:10,658 [INFO] [READ] State of Capacity = 100.0
2025-05-15 16:15:10,769 [INFO] [READ] Battery Charge/Discharge Power = -303
2025-05-15 16:15:15,801 [INFO] [READ] State of Capacity = 100.0
2025-05-15 16:15:15,911 [INFO] [READ] Battery Charge/Discharge Power = -303
2025-05-15 16:15:20,950 [INFO] [READ] State of Capacity = 100.0
2025-05-15 16:15:21,062 [INFO] [READ] Battery Charge/Discharge Power = -302
2025-05-15 16:15:26,106 [INFO] [READ] State of Capacity = 100.0
2025-05-15 16:15:26,197 [INFO] [READ] Battery Charge/Discharge Power = -303
2025-05-15 16:15:31,240 [INFO] [READ] State of Capacity = 100.0
2025-05-15 16:15:31,365 [INFO] [READ] Battery Charge/Discharge Power = -304
2025-05-15 16:15:36,393 [INFO] [READ] State of Capacity = 100.0
2025-05-15 16:15:36,503 [INFO] [READ] Battery Charge/Discharge Power = -303
2025-05-15 16:15:41,535 [INFO] [READ] State of Capacity = 100.0
2025-05-15 16:15:41,644 [INFO] [READ] Battery Charge/Discharge Power = -303
2025-05-15 16:15:41,957 [INFO] [SET] Discharge Period (min) = 0
2025-05-15 16:15:42,050 [INFO] [VALIDATED] Discharge Period (min) = 0
2025-05-15 16:15:42,441 [INFO] [SET] Charge Power = 0
2025-05-15 16:15:42,551 [INFO] [VALIDATED] Charge Power = 0
2025-05-15 16:15:42,645 [INFO] [SET] Discharge Power = 0
2025-05-15 16:15:42,755 [INFO] [VALIDATED] Discharge Power = 0
2025-05-15 16:15:42,866 [INFO] [SET] Stop Charge/Discharge = 0
2025-05-15 16:15:42,960 [INFO] [VALIDATED] Stop Charge/Discharge = Stop
2025-05-15 16:15:42,964 [INFO] [MONITOR] Monitoring stopped.
2025-05-15 16:15:42,967 [INFO] Bridge stopped successfully.
2025-05-16 14:28:43,747 [INFO] Waiting for connection
2025-05-16 14:28:45,865 [INFO] Connected over RTU: port=COM3, baudrate=9600, slave=2
2025-05-16 14:28:45,866 [INFO] Waiting 5s for inverter to stabilize…
2025-05-16 14:28:50,954 [INFO] [SET] Target SoC for Charge = 100
2025-05-16 14:28:51,078 [INFO] [VALIDATED] Target SoC for Charge = 100.0
2025-05-16 14:28:51,156 [INFO] [SET] Charge Period = 2
2025-05-16 14:28:51,250 [INFO] [VALIDATED] Charge Period = 2
2025-05-16 14:28:51,391 [INFO] [SET] Charge Power = 100
2025-05-16 14:28:51,487 [INFO] [VALIDATED] Charge Power = 100
2025-05-16 14:28:51,867 [INFO] [SET] Trigger Charge = 1
2025-05-16 14:28:51,961 [WARNING] [MISMATCH] Trigger Charge: expected 1, got Stop
2025-05-16 14:28:51,963 [INFO] [MONITOR] Monitoring started.
2025-05-16 14:28:52,056 [INFO] [READ] State of Capacity = 100.0
2025-05-16 14:28:52,168 [INFO] [READ] Battery Charge/Discharge Power = 0
2025-05-16 14:28:57,207 [INFO] [READ] State of Capacity = 100.0
2025-05-16 14:28:57,316 [INFO] [READ] Battery Charge/Discharge Power = 0
2025-05-16 14:29:02,410 [INFO] [READ] State of Capacity = 100.0
2025-05-16 14:29:02,517 [INFO] [READ] Battery Charge/Discharge Power = 0
2025-05-16 14:29:07,549 [INFO] [READ] State of Capacity = 100.0
2025-05-16 14:29:07,642 [INFO] [READ] Battery Charge/Discharge Power = 0
2025-05-16 14:29:12,674 [INFO] [READ] State of Capacity = 100.0
2025-05-16 14:29:12,785 [INFO] [READ] Battery Charge/Discharge Power = 0
2025-05-16 14:29:17,830 [INFO] [READ] State of Capacity = 100.0
2025-05-16 14:29:17,938 [INFO] [READ] Battery Charge/Discharge Power = 0
2025-05-16 14:29:22,970 [INFO] [READ] State of Capacity = 100.0
2025-05-16 14:29:23,176 [INFO] [READ] Battery Charge/Discharge Power = 0
2025-05-16 14:29:28,291 [INFO] [READ] State of Capacity = 100.0
2025-05-16 14:29:28,400 [INFO] [READ] Battery Charge/Discharge Power = 0
2025-05-16 14:29:33,428 [INFO] [READ] State of Capacity = 100.0
2025-05-16 14:29:33,537 [INFO] [READ] Battery Charge/Discharge Power = 0
2025-05-16 14:29:38,629 [INFO] [READ] State of Capacity = 100.0
2025-05-16 14:29:38,739 [INFO] [READ] Battery Charge/Discharge Power = 0
2025-05-16 14:29:43,805 [INFO] [READ] State of Capacity = 100.0
2025-05-16 14:29:43,913 [INFO] [READ] Battery Charge/Discharge Power = 0
2025-05-16 14:29:48,966 [INFO] [READ] State of Capacity = 100.0
2025-05-16 14:29:49,076 [INFO] [READ] Battery Charge/Discharge Power = 0
2025-05-16 14:29:54,175 [INFO] [READ] State of Capacity = 100.0
2025-05-16 14:29:54,268 [INFO] [READ] Battery Charge/Discharge Power = 0
2025-05-16 14:29:59,304 [INFO] [READ] State of Capacity = 100.0
2025-05-16 14:29:59,551 [INFO] [READ] Battery Charge/Discharge Power = 0
2025-05-16 14:30:04,600 [INFO] [READ] State of Capacity = 100.0
2025-05-16 14:30:04,709 [INFO] [READ] Battery Charge/Discharge Power = 0
2025-05-16 14:30:09,760 [INFO] [READ] State of Capacity = 100.0
2025-05-16 14:30:09,869 [INFO] [READ] Battery Charge/Discharge Power = 0
2025-05-16 14:30:14,929 [INFO] [READ] State of Capacity = 100.0
2025-05-16 14:30:15,380 [INFO] [READ] Battery Charge/Discharge Power = 0
2025-05-16 14:30:20,416 [INFO] [READ] State of Capacity = 100.0
2025-05-16 14:30:20,523 [INFO] [READ] Battery Charge/Discharge Power = 0
2025-05-16 14:30:25,570 [INFO] [READ] State of Capacity = 100.0
2025-05-16 14:30:25,681 [INFO] [READ] Battery Charge/Discharge Power = 0
2025-05-16 14:30:31,412 [INFO] [READ] State of Capacity = 100.0
2025-05-16 14:30:31,521 [INFO] [READ] Battery Charge/Discharge Power = 0
2025-05-16 14:30:36,997 [INFO] [READ] State of Capacity = 100.0
2025-05-16 14:30:37,105 [INFO] [READ] Battery Charge/Discharge Power = 0
2025-05-16 14:30:42,735 [INFO] [READ] State of Capacity = 100.0
2025-05-16 14:30:42,861 [INFO] [READ] Battery Charge/Discharge Power = 0
2025-05-16 14:30:48,494 [INFO] [READ] State of Capacity = 100.0
2025-05-16 14:30:48,712 [INFO] [READ] Battery Charge/Discharge Power = 0
2025-05-16 14:30:52,019 [INFO] [SET] Discharge Period (min) = 0
2025-05-16 14:30:52,131 [INFO] [VALIDATED] Discharge Period (min) = 0
2025-05-16 14:30:52,570 [INFO] [SET] Charge Power = 0
2025-05-16 14:30:52,681 [INFO] [VALIDATED] Charge Power = 0
2025-05-16 14:30:52,840 [INFO] [SET] Discharge Power = 0
2025-05-16 14:30:52,952 [INFO] [VALIDATED] Discharge Power = 0
2025-05-16 14:30:53,062 [INFO] [SET] Stop Charge/Discharge = 0
2025-05-16 14:30:53,156 [INFO] [VALIDATED] Stop Charge/Discharge = Stop
2025-05-16 14:30:53,158 [INFO] [MONITOR] Monitoring stopped.
2025-05-16 14:30:53,281 [INFO] [SET] Target SoC for Discharge = 0
2025-05-16 14:30:53,481 [INFO] [VALIDATED] Target SoC for Discharge = 0.0
2025-05-16 14:30:53,589 [INFO] [SET] Discharge Period = 2
2025-05-16 14:30:53,686 [INFO] [VALIDATED] Discharge Period = 2
2025-05-16 14:30:53,794 [INFO] [SET] Discharge Power = 100
2025-05-16 14:30:53,905 [INFO] [VALIDATED] Discharge Power = 100
2025-05-16 14:30:54,013 [INFO] [SET] Trigger Discharge = 2
2025-05-16 14:30:55,309 [INFO] [VALIDATED] Trigger Discharge = Discharge
2025-05-16 14:30:55,310 [INFO] [MONITOR] Monitoring started.
2025-05-16 14:30:55,447 [INFO] [READ] State of Capacity = 100.0
2025-05-16 14:30:55,558 [INFO] [READ] Battery Charge/Discharge Power = 0
2025-05-16 14:31:00,645 [INFO] [READ] State of Capacity = 100.0
2025-05-16 14:31:01,165 [INFO] [READ] Battery Charge/Discharge Power = 0
2025-05-16 14:31:06,421 [INFO] [READ] State of Capacity = 100.0
2025-05-16 14:31:06,532 [INFO] [READ] Battery Charge/Discharge Power = -1329
2025-05-16 14:31:12,168 [INFO] [READ] State of Capacity = 100.0
2025-05-16 14:31:12,277 [INFO] [READ] Battery Charge/Discharge Power = -109
2025-05-16 14:31:17,285 [INFO] [READ] State of Capacity = 100.0
2025-05-16 14:31:17,409 [INFO] [READ] Battery Charge/Discharge Power = -110
2025-05-16 14:31:22,466 [INFO] [READ] State of Capacity = 100.0
2025-05-16 14:31:22,575 [INFO] [READ] Battery Charge/Discharge Power = -110
2025-05-16 14:31:27,612 [INFO] [READ] State of Capacity = 100.0
2025-05-16 14:31:27,722 [INFO] [READ] Battery Charge/Discharge Power = -110
2025-05-16 14:31:32,759 [INFO] [READ] State of Capacity = 100.0
2025-05-16 14:31:32,868 [INFO] [READ] Battery Charge/Discharge Power = -109
2025-05-16 14:31:38,282 [INFO] [READ] State of Capacity = 100.0
2025-05-16 14:31:38,391 [INFO] [READ] Battery Charge/Discharge Power = -111
2025-05-16 14:31:43,431 [INFO] [READ] State of Capacity = 100.0
2025-05-16 14:31:43,539 [INFO] [READ] Battery Charge/Discharge Power = -110
2025-05-16 14:31:48,589 [INFO] [READ] State of Capacity = 100.0
2025-05-16 14:31:48,697 [INFO] [READ] Battery Charge/Discharge Power = -110
2025-05-16 14:31:53,881 [INFO] [READ] State of Capacity = 100.0
2025-05-16 14:31:54,066 [INFO] [READ] Battery Charge/Discharge Power = -111
2025-05-16 14:31:59,110 [INFO] [READ] State of Capacity = 100.0
2025-05-16 14:31:59,281 [INFO] [READ] Battery Charge/Discharge Power = -111
2025-05-16 14:32:05,012 [INFO] [READ] State of Capacity = 100.0
2025-05-16 14:32:05,416 [INFO] [READ] Battery Charge/Discharge Power = -110
2025-05-16 14:32:10,488 [INFO] [READ] State of Capacity = 100.0
2025-05-16 14:32:10,599 [INFO] [READ] Battery Charge/Discharge Power = -110
2025-05-16 14:32:15,656 [INFO] [READ] State of Capacity = 100.0
2025-05-16 14:32:15,764 [INFO] [READ] Battery Charge/Discharge Power = -110
2025-05-16 14:32:20,793 [INFO] [READ] State of Capacity = 100.0
2025-05-16 14:32:20,902 [INFO] [READ] Battery Charge/Discharge Power = -110
2025-05-16 14:32:25,928 [INFO] [READ] State of Capacity = 100.0
2025-05-16 14:32:26,037 [INFO] [READ] Battery Charge/Discharge Power = -109
2025-05-16 14:32:31,120 [INFO] [READ] State of Capacity = 100.0
2025-05-16 14:32:31,232 [INFO] [READ] Battery Charge/Discharge Power = -110
2025-05-16 14:32:36,283 [INFO] [READ] State of Capacity = 100.0
2025-05-16 14:32:36,395 [INFO] [READ] Battery Charge/Discharge Power = -109
2025-05-16 14:32:41,519 [INFO] [READ] State of Capacity = 100.0
2025-05-16 14:32:41,628 [INFO] [READ] Battery Charge/Discharge Power = -110
2025-05-16 14:32:46,679 [INFO] [READ] State of Capacity = 100.0
2025-05-16 14:32:46,941 [INFO] [READ] Battery Charge/Discharge Power = -110
2025-05-16 14:32:51,975 [INFO] [READ] State of Capacity = 100.0
2025-05-16 14:32:52,084 [INFO] [READ] Battery Charge/Discharge Power = -109
2025-05-16 14:32:55,348 [INFO] [SET] Discharge Period (min) = 0
2025-05-16 14:32:55,425 [INFO] [VALIDATED] Discharge Period (min) = 0
2025-05-16 14:32:55,548 [INFO] [SET] Charge Power = 0
2025-05-16 14:32:55,672 [INFO] [VALIDATED] Charge Power = 0
2025-05-16 14:32:55,968 [INFO] [SET] Discharge Power = 0
2025-05-16 14:32:56,081 [INFO] [VALIDATED] Discharge Power = 0
2025-05-16 14:32:56,218 [INFO] [SET] Stop Charge/Discharge = 0
2025-05-16 14:32:56,315 [INFO] [VALIDATED] Stop Charge/Discharge = Stop
2025-05-16 14:32:56,317 [INFO] [MONITOR] Monitoring stopped.
2025-05-16 14:32:56,410 [INFO] [SET] Target SoC for Charge = 100
2025-05-16 14:32:56,502 [INFO] [VALIDATED] Target SoC for Charge = 100.0
2025-05-16 14:32:56,610 [INFO] [SET] Charge Period = 2
2025-05-16 14:32:56,719 [INFO] [VALIDATED] Charge Period = 2
2025-05-16 14:32:56,875 [INFO] [SET] Charge Power = 200
2025-05-16 14:32:57,263 [INFO] [VALIDATED] Charge Power = 200
2025-05-16 14:32:57,371 [INFO] [SET] Trigger Charge = 1
2025-05-16 14:32:57,509 [INFO] [VALIDATED] Trigger Charge = Charge
2025-05-16 14:32:57,511 [INFO] [MONITOR] Monitoring started.
2025-05-16 14:32:57,603 [INFO] [READ] State of Capacity = 100.0
2025-05-16 14:32:57,711 [INFO] [READ] Battery Charge/Discharge Power = -109
2025-05-16 14:33:02,752 [INFO] [READ] State of Capacity = 100.0
2025-05-16 14:33:02,863 [INFO] [READ] Battery Charge/Discharge Power = -109
2025-05-16 14:33:07,898 [INFO] [READ] State of Capacity = 100.0
2025-05-16 14:33:08,009 [INFO] [READ] Battery Charge/Discharge Power = -109
2025-05-16 14:33:13,053 [INFO] [READ] State of Capacity = 100.0
2025-05-16 14:33:13,163 [INFO] [READ] Battery Charge/Discharge Power = 0
2025-05-16 14:33:18,211 [INFO] [READ] State of Capacity = 100.0
2025-05-16 14:33:18,320 [INFO] [READ] Battery Charge/Discharge Power = 0
2025-05-16 14:33:23,342 [INFO] [READ] State of Capacity = 100.0
2025-05-16 14:33:23,452 [INFO] [READ] Battery Charge/Discharge Power = 0
2025-05-16 14:33:28,485 [INFO] [READ] State of Capacity = 100.0
2025-05-16 14:33:28,673 [INFO] [READ] Battery Charge/Discharge Power = 0
2025-05-16 14:33:33,992 [INFO] [READ] State of Capacity = 100.0
2025-05-16 14:33:34,101 [INFO] [READ] Battery Charge/Discharge Power = 0
2025-05-16 14:33:39,273 [INFO] [READ] State of Capacity = 100.0
2025-05-16 14:33:39,380 [INFO] [READ] Battery Charge/Discharge Power = 0
2025-05-16 14:33:44,431 [INFO] [READ] State of Capacity = 100.0
2025-05-16 14:33:44,540 [INFO] [READ] Battery Charge/Discharge Power = 0
2025-05-16 14:33:49,742 [INFO] [READ] State of Capacity = 100.0
2025-05-16 14:33:49,850 [INFO] [READ] Battery Charge/Discharge Power = -9
2025-05-16 14:33:54,895 [INFO] [READ] State of Capacity = 100.0
2025-05-16 14:33:54,986 [INFO] [READ] Battery Charge/Discharge Power = 0
2025-05-16 14:34:00,032 [INFO] [READ] State of Capacity = 100.0
2025-05-16 14:34:00,157 [INFO] [READ] Battery Charge/Discharge Power = 0
2025-05-16 14:34:05,296 [INFO] [READ] State of Capacity = 100.0
2025-05-16 14:34:05,406 [INFO] [READ] Battery Charge/Discharge Power = 0
2025-05-16 14:34:10,496 [INFO] [READ] State of Capacity = 100.0
2025-05-16 14:34:10,604 [INFO] [READ] Battery Charge/Discharge Power = 0
2025-05-16 14:34:15,658 [INFO] [READ] State of Capacity = 100.0
2025-05-16 14:34:15,817 [INFO] [READ] Battery Charge/Discharge Power = -147
2025-05-16 14:34:20,858 [INFO] [READ] State of Capacity = 100.0
2025-05-16 14:34:20,967 [INFO] [READ] Battery Charge/Discharge Power = 0
2025-05-16 14:34:26,003 [INFO] [READ] State of Capacity = 100.0
2025-05-16 14:34:26,112 [INFO] [READ] Battery Charge/Discharge Power = -21
2025-05-16 14:34:31,139 [INFO] [READ] State of Capacity = 100.0
2025-05-16 14:34:31,264 [INFO] [READ] Battery Charge/Discharge Power = 0
2025-05-16 14:34:36,330 [INFO] [READ] State of Capacity = 100.0
2025-05-16 14:34:36,441 [INFO] [READ] Battery Charge/Discharge Power = 0
2025-05-16 14:34:41,494 [INFO] [READ] State of Capacity = 100.0
2025-05-16 14:34:41,604 [INFO] [READ] Battery Charge/Discharge Power = 0
2025-05-16 14:34:46,735 [INFO] [READ] State of Capacity = 100.0
2025-05-16 14:34:46,845 [INFO] [READ] Battery Charge/Discharge Power = 0
2025-05-16 14:34:51,900 [INFO] [READ] State of Capacity = 100.0
2025-05-16 14:34:52,137 [INFO] [READ] Battery Charge/Discharge Power = -6
2025-05-16 14:34:57,183 [INFO] [READ] State of Capacity = 100.0
2025-05-16 14:34:57,292 [INFO] [READ] Battery Charge/Discharge Power = 0
2025-05-16 14:34:57,555 [INFO] [SET] Discharge Period (min) = 0
2025-05-16 14:34:57,651 [INFO] [VALIDATED] Discharge Period (min) = 0
2025-05-16 14:34:57,788 [INFO] [SET] Charge Power = 0
2025-05-16 14:34:57,899 [INFO] [VALIDATED] Charge Power = 0
2025-05-16 14:34:58,038 [INFO] [SET] Discharge Power = 0
2025-05-16 14:34:58,147 [INFO] [VALIDATED] Discharge Power = 0
2025-05-16 14:34:58,239 [INFO] [SET] Stop Charge/Discharge = 0
2025-05-16 14:34:58,333 [INFO] [VALIDATED] Stop Charge/Discharge = Stop
2025-05-16 14:34:58,334 [INFO] [MONITOR] Monitoring stopped.
2025-05-16 14:34:58,549 [INFO] [SET] Target SoC for Discharge = 0
2025-05-16 14:34:58,659 [INFO] [VALIDATED] Target SoC for Discharge = 0.0
2025-05-16 14:34:59,032 [INFO] [SET] Discharge Period = 2
2025-05-16 14:34:59,140 [INFO] [VALIDATED] Discharge Period = 2
2025-05-16 14:34:59,250 [INFO] [SET] Discharge Power = 200
2025-05-16 14:34:59,360 [INFO] [VALIDATED] Discharge Power = 200
2025-05-16 14:34:59,485 [INFO] [SET] Trigger Discharge = 2
2025-05-16 14:34:59,609 [INFO] [VALIDATED] Trigger Discharge = Discharge
2025-05-16 14:34:59,611 [INFO] [MONITOR] Monitoring started.
2025-05-16 14:34:59,702 [INFO] [READ] State of Capacity = 100.0
2025-05-16 14:34:59,810 [INFO] [READ] Battery Charge/Discharge Power = 0
2025-05-16 14:35:04,851 [INFO] [READ] State of Capacity = 100.0
2025-05-16 14:35:04,961 [INFO] [READ] Battery Charge/Discharge Power = 0
2025-05-16 14:35:10,007 [INFO] [READ] State of Capacity = 100.0
2025-05-16 14:35:10,161 [INFO] [READ] Battery Charge/Discharge Power = 0
2025-05-16 14:35:15,225 [INFO] [READ] State of Capacity = 100.0
2025-05-16 14:35:15,334 [INFO] [READ] Battery Charge/Discharge Power = -204
2025-05-16 14:35:20,380 [INFO] [READ] State of Capacity = 100.0
2025-05-16 14:35:20,490 [INFO] [READ] Battery Charge/Discharge Power = -203
2025-05-16 14:35:25,532 [INFO] [READ] State of Capacity = 100.0
2025-05-16 14:35:25,701 [INFO] [READ] Battery Charge/Discharge Power = -204
2025-05-16 14:35:30,728 [INFO] [READ] State of Capacity = 100.0
2025-05-16 14:35:30,900 [INFO] [READ] Battery Charge/Discharge Power = -203
2025-05-16 14:35:35,930 [INFO] [READ] State of Capacity = 100.0
2025-05-16 14:35:36,023 [INFO] [READ] Battery Charge/Discharge Power = -203
2025-05-16 14:35:41,063 [INFO] [READ] State of Capacity = 100.0
2025-05-16 14:35:41,157 [INFO] [READ] Battery Charge/Discharge Power = -203
2025-05-16 14:35:46,212 [INFO] [READ] State of Capacity = 100.0
2025-05-16 14:35:46,323 [INFO] [READ] Battery Charge/Discharge Power = -203
2025-05-16 14:35:51,337 [INFO] [READ] State of Capacity = 100.0
2025-05-16 14:35:51,467 [INFO] [READ] Battery Charge/Discharge Power = -204
2025-05-16 14:35:56,514 [INFO] [READ] State of Capacity = 100.0
2025-05-16 14:35:56,623 [INFO] [READ] Battery Charge/Discharge Power = -204
2025-05-16 14:36:01,641 [INFO] [READ] State of Capacity = 100.0
2025-05-16 14:36:01,768 [INFO] [READ] Battery Charge/Discharge Power = -202
2025-05-16 14:36:06,814 [INFO] [READ] State of Capacity = 100.0
2025-05-16 14:36:06,938 [INFO] [READ] Battery Charge/Discharge Power = -204
2025-05-16 14:36:12,064 [INFO] [READ] State of Capacity = 100.0
2025-05-16 14:36:12,158 [INFO] [READ] Battery Charge/Discharge Power = -204
2025-05-16 14:36:17,219 [INFO] [READ] State of Capacity = 100.0
2025-05-16 14:36:17,344 [INFO] [READ] Battery Charge/Discharge Power = -204
2025-05-16 14:36:22,480 [INFO] [READ] State of Capacity = 100.0
2025-05-16 14:36:22,578 [INFO] [READ] Battery Charge/Discharge Power = -203
2025-05-16 14:36:27,635 [INFO] [READ] State of Capacity = 100.0
2025-05-16 14:36:27,744 [INFO] [READ] Battery Charge/Discharge Power = -203
2025-05-16 14:36:32,779 [INFO] [READ] State of Capacity = 100.0
2025-05-16 14:36:32,889 [INFO] [READ] Battery Charge/Discharge Power = -204
2025-05-16 14:36:38,034 [INFO] [READ] State of Capacity = 100.0
2025-05-16 14:36:38,174 [INFO] [READ] Battery Charge/Discharge Power = -204
2025-05-16 14:36:43,360 [INFO] [READ] State of Capacity = 100.0
2025-05-16 14:36:43,468 [INFO] [READ] Battery Charge/Discharge Power = -203
2025-05-16 14:36:48,508 [INFO] [READ] State of Capacity = 100.0
2025-05-16 14:36:48,617 [INFO] [READ] Battery Charge/Discharge Power = -203
2025-05-16 14:36:53,650 [INFO] [READ] State of Capacity = 100.0
2025-05-16 14:36:53,843 [INFO] [READ] Battery Charge/Discharge Power = -203
2025-05-16 14:36:58,923 [INFO] [READ] State of Capacity = 100.0
2025-05-16 14:36:59,187 [INFO] [READ] Battery Charge/Discharge Power = -203
2025-05-16 14:36:59,651 [INFO] [SET] Discharge Period (min) = 0
2025-05-16 14:36:59,746 [INFO] [VALIDATED] Discharge Period (min) = 0
2025-05-16 14:37:00,178 [INFO] [SET] Charge Power = 0
2025-05-16 14:37:00,288 [INFO] [VALIDATED] Charge Power = 0
2025-05-16 14:37:00,395 [INFO] [SET] Discharge Power = 0
2025-05-16 14:37:00,506 [INFO] [VALIDATED] Discharge Power = 0
2025-05-16 14:37:00,615 [INFO] [SET] Stop Charge/Discharge = 0
2025-05-16 14:37:00,815 [INFO] [VALIDATED] Stop Charge/Discharge = Stop
2025-05-16 14:37:00,816 [INFO] [MONITOR] Monitoring stopped.
2025-05-16 14:37:00,923 [INFO] [SET] Target SoC for Charge = 100
2025-05-16 14:37:01,032 [INFO] [VALIDATED] Target SoC for Charge = 100.0
2025-05-16 14:37:01,203 [INFO] [SET] Charge Period = 2
2025-05-16 14:37:01,298 [INFO] [VALIDATED] Charge Period = 2
2025-05-16 14:37:01,395 [INFO] [SET] Charge Power = 300
2025-05-16 14:37:01,473 [INFO] [VALIDATED] Charge Power = 300
2025-05-16 14:37:01,583 [INFO] [SET] Trigger Charge = 1
2025-05-16 14:37:01,663 [WARNING] [MISMATCH] Trigger Charge: expected 1, got Stop
2025-05-16 14:37:01,664 [INFO] [MONITOR] Monitoring started.
2025-05-16 14:37:02,259 [INFO] [READ] State of Capacity = 100.0
2025-05-16 14:37:02,371 [INFO] [READ] Battery Charge/Discharge Power = -203
2025-05-16 14:37:07,618 [INFO] [READ] State of Capacity = 100.0
2025-05-16 14:37:07,725 [INFO] [READ] Battery Charge/Discharge Power = -204
2025-05-16 14:37:12,773 [INFO] [READ] State of Capacity = 100.0
2025-05-16 14:37:12,867 [INFO] [READ] Battery Charge/Discharge Power = 120
2025-05-16 14:37:17,894 [INFO] [READ] State of Capacity = 100.0
2025-05-16 14:37:18,004 [INFO] [READ] Battery Charge/Discharge Power = 319
2025-05-16 14:37:23,038 [INFO] [READ] State of Capacity = 100.0
2025-05-16 14:37:23,148 [INFO] [READ] Battery Charge/Discharge Power = -317
2025-05-16 14:37:28,209 [INFO] [READ] State of Capacity = 100.0
2025-05-16 14:37:28,318 [INFO] [READ] Battery Charge/Discharge Power = 7
2025-05-16 14:37:33,351 [INFO] [READ] State of Capacity = 100.0
2025-05-16 14:37:33,461 [INFO] [READ] Battery Charge/Discharge Power = -84
2025-05-16 14:37:38,513 [INFO] [READ] State of Capacity = 100.0
2025-05-16 14:37:38,625 [INFO] [READ] Battery Charge/Discharge Power = -92
2025-05-16 14:37:43,759 [INFO] [READ] State of Capacity = 100.0
2025-05-16 14:37:43,868 [INFO] [READ] Battery Charge/Discharge Power = 221
2025-05-16 14:37:48,990 [INFO] [READ] State of Capacity = 100.0
2025-05-16 14:37:49,100 [INFO] [READ] Battery Charge/Discharge Power = 4
2025-05-16 14:37:54,148 [INFO] [READ] State of Capacity = 100.0
2025-05-16 14:37:54,256 [INFO] [READ] Battery Charge/Discharge Power = 144
2025-05-16 14:37:59,342 [INFO] [READ] State of Capacity = 100.0
2025-05-16 14:37:59,451 [INFO] [READ] Battery Charge/Discharge Power = 43
2025-05-16 14:38:04,510 [INFO] [READ] State of Capacity = 100.0
2025-05-16 14:38:04,621 [INFO] [READ] Battery Charge/Discharge Power = 66
2025-05-16 14:38:09,695 [INFO] [READ] State of Capacity = 100.0
2025-05-16 14:38:09,896 [INFO] [READ] Battery Charge/Discharge Power = 113
2025-05-16 14:38:14,915 [INFO] [READ] State of Capacity = 100.0
2025-05-16 14:38:15,118 [INFO] [READ] Battery Charge/Discharge Power = -51
2025-05-16 14:38:20,154 [INFO] [READ] State of Capacity = 100.0
2025-05-16 14:38:20,264 [INFO] [READ] Battery Charge/Discharge Power = 373
2025-05-16 14:38:25,429 [INFO] [READ] State of Capacity = 100.0
2025-05-16 14:38:25,537 [INFO] [READ] Battery Charge/Discharge Power = -150
2025-05-16 14:38:30,578 [INFO] [READ] State of Capacity = 100.0
2025-05-16 14:38:30,764 [INFO] [READ] Battery Charge/Discharge Power = -877
2025-05-16 14:38:35,854 [INFO] [READ] State of Capacity = 100.0
2025-05-16 14:38:35,962 [INFO] [READ] Battery Charge/Discharge Power = 1132
2025-05-16 14:38:41,142 [INFO] [READ] State of Capacity = 100.0
2025-05-16 14:38:41,267 [INFO] [READ] Battery Charge/Discharge Power = 952
2025-05-16 14:38:46,421 [INFO] [READ] State of Capacity = 100.0
2025-05-16 14:38:46,530 [INFO] [READ] Battery Charge/Discharge Power = -1767
2025-05-16 14:38:51,805 [INFO] [READ] State of Capacity = 100.0
2025-05-16 14:38:51,916 [INFO] [READ] Battery Charge/Discharge Power = 766
2025-05-16 14:38:56,968 [INFO] [READ] State of Capacity = 100.0
2025-05-16 14:38:57,078 [INFO] [READ] Battery Charge/Discharge Power = 404
2025-05-16 14:39:01,715 [INFO] [SET] Discharge Period (min) = 0
2025-05-16 14:39:01,873 [INFO] [VALIDATED] Discharge Period (min) = 0
2025-05-16 14:39:01,982 [INFO] [SET] Charge Power = 0
2025-05-16 14:39:02,121 [INFO] [VALIDATED] Charge Power = 0
2025-05-16 14:39:02,355 [INFO] [READ] State of Capacity = 100.0
2025-05-16 14:39:02,483 [INFO] [SET] Discharge Power = 0
2025-05-16 14:39:02,594 [INFO] [READ] Battery Charge/Discharge Power = -936
2025-05-16 14:39:02,719 [INFO] [VALIDATED] Discharge Power = 0
2025-05-16 14:39:02,828 [INFO] [SET] Stop Charge/Discharge = 0
2025-05-16 14:39:03,250 [INFO] [VALIDATED] Stop Charge/Discharge = Stop
2025-05-16 14:39:03,285 [INFO] [MONITOR] Monitoring stopped.
2025-05-16 14:39:03,324 [INFO] [SET] Target SoC for Discharge = 0
2025-05-16 14:39:03,417 [INFO] [VALIDATED] Target SoC for Discharge = 0.0
2025-05-16 14:39:03,591 [INFO] [SET] Discharge Period = 2
2025-05-16 14:39:03,702 [INFO] [VALIDATED] Discharge Period = 2
2025-05-16 14:39:03,812 [INFO] [SET] Discharge Power = 300
2025-05-16 14:39:03,936 [INFO] [VALIDATED] Discharge Power = 300
2025-05-16 14:39:04,090 [INFO] [SET] Trigger Discharge = 2
2025-05-16 14:39:04,198 [INFO] [VALIDATED] Trigger Discharge = Discharge
2025-05-16 14:39:04,200 [INFO] [MONITOR] Monitoring started.
2025-05-16 14:39:04,276 [INFO] [READ] State of Capacity = 100.0
2025-05-16 14:39:04,386 [INFO] [READ] Battery Charge/Discharge Power = -936
2025-05-16 14:39:09,486 [INFO] [READ] State of Capacity = 100.0
2025-05-16 14:39:09,611 [INFO] [READ] Battery Charge/Discharge Power = 0
2025-05-16 14:39:14,646 [INFO] [READ] State of Capacity = 100.0
2025-05-16 14:39:14,755 [INFO] [READ] Battery Charge/Discharge Power = -2419
2025-05-16 14:39:19,803 [INFO] [READ] State of Capacity = 100.0
2025-05-16 14:39:19,911 [INFO] [READ] Battery Charge/Discharge Power = -305
2025-05-16 14:39:24,957 [INFO] [READ] State of Capacity = 100.0
2025-05-16 14:39:25,066 [INFO] [READ] Battery Charge/Discharge Power = -305
2025-05-16 14:39:30,096 [INFO] [READ] State of Capacity = 100.0
2025-05-16 14:39:30,281 [INFO] [READ] Battery Charge/Discharge Power = -305
2025-05-16 14:39:35,342 [INFO] [READ] State of Capacity = 100.0
2025-05-16 14:39:35,451 [INFO] [READ] Battery Charge/Discharge Power = -304
2025-05-16 14:39:40,478 [INFO] [READ] State of Capacity = 100.0
2025-05-16 14:39:40,590 [INFO] [READ] Battery Charge/Discharge Power = -304
2025-05-16 14:39:45,638 [INFO] [READ] State of Capacity = 100.0
2025-05-16 14:39:45,747 [INFO] [READ] Battery Charge/Discharge Power = -305
2025-05-16 14:39:50,764 [INFO] [READ] State of Capacity = 100.0
2025-05-16 14:39:50,875 [INFO] [READ] Battery Charge/Discharge Power = -304
2025-05-16 14:39:55,926 [INFO] [READ] State of Capacity = 100.0
2025-05-16 14:39:56,034 [INFO] [READ] Battery Charge/Discharge Power = -305
2025-05-16 14:40:01,092 [INFO] [READ] State of Capacity = 100.0
2025-05-16 14:40:01,362 [INFO] [READ] Battery Charge/Discharge Power = -305
2025-05-16 14:40:06,527 [INFO] [READ] State of Capacity = 100.0
2025-05-16 14:40:06,623 [INFO] [READ] Battery Charge/Discharge Power = -304
2025-05-16 14:40:11,648 [INFO] [READ] State of Capacity = 100.0
2025-05-16 14:40:11,802 [INFO] [READ] Battery Charge/Discharge Power = -305
2025-05-16 14:40:16,853 [INFO] [READ] State of Capacity = 100.0
2025-05-16 14:40:17,086 [INFO] [READ] Battery Charge/Discharge Power = -304
2025-05-16 14:40:22,141 [INFO] [READ] State of Capacity = 100.0
2025-05-16 14:40:22,253 [INFO] [READ] Battery Charge/Discharge Power = -304
2025-05-16 14:40:27,301 [INFO] [READ] State of Capacity = 100.0
2025-05-16 14:40:27,409 [INFO] [READ] Battery Charge/Discharge Power = -304
2025-05-16 14:40:32,461 [INFO] [READ] State of Capacity = 100.0
2025-05-16 14:40:32,571 [INFO] [READ] Battery Charge/Discharge Power = -305
2025-05-16 14:40:37,594 [INFO] [READ] State of Capacity = 99.0
2025-05-16 14:40:37,785 [INFO] [READ] Battery Charge/Discharge Power = -304
2025-05-16 14:40:42,837 [INFO] [READ] State of Capacity = 99.0
2025-05-16 14:40:42,945 [INFO] [READ] Battery Charge/Discharge Power = -305
2025-05-16 14:40:47,960 [INFO] [READ] State of Capacity = 99.0
2025-05-16 14:40:48,089 [INFO] [READ] Battery Charge/Discharge Power = -304
2025-05-16 14:40:53,113 [INFO] [READ] State of Capacity = 99.0
2025-05-16 14:40:53,236 [INFO] [READ] Battery Charge/Discharge Power = -305
2025-05-16 14:40:58,296 [INFO] [READ] State of Capacity = 99.0
2025-05-16 14:40:58,404 [INFO] [READ] Battery Charge/Discharge Power = -305
2025-05-16 14:41:03,420 [INFO] [READ] State of Capacity = 99.0
2025-05-16 14:41:03,530 [INFO] [READ] Battery Charge/Discharge Power = -304
2025-05-16 14:41:04,278 [INFO] [SET] Discharge Period (min) = 0
2025-05-16 14:41:04,371 [INFO] [VALIDATED] Discharge Period (min) = 0
2025-05-16 14:41:04,527 [INFO] [SET] Charge Power = 0
2025-05-16 14:41:04,651 [INFO] [VALIDATED] Charge Power = 0
2025-05-16 14:41:04,760 [INFO] [SET] Discharge Power = 0
2025-05-16 14:41:04,853 [INFO] [VALIDATED] Discharge Power = 0
2025-05-16 14:41:04,946 [INFO] [SET] Stop Charge/Discharge = 0
2025-05-16 14:41:05,039 [INFO] [VALIDATED] Stop Charge/Discharge = Stop
2025-05-16 14:41:05,040 [INFO] [MONITOR] Monitoring stopped.
2025-05-16 14:41:05,043 [INFO] Bridge stopped successfully.
2025-05-19 14:28:58,879 [INFO] Waiting for connection
2025-05-19 14:29:00,823 [INFO] Connected over RTU: port=COM3, baudrate=9600, slave=2
2025-05-19 14:29:00,824 [INFO] Waiting 5s for inverter to stabilize…
2025-05-19 14:29:05,967 [INFO] [SET] Target SoC for Charge = 100
2025-05-19 14:29:06,059 [INFO] [VALIDATED] Target SoC for Charge = 100.0
2025-05-19 14:29:06,153 [INFO] [SET] Charge Period = 2
2025-05-19 14:29:06,310 [INFO] [VALIDATED] Charge Period = 2
2025-05-19 14:29:06,420 [INFO] [SET] Charge Power = 100
2025-05-19 14:29:06,514 [INFO] [VALIDATED] Charge Power = 100
2025-05-19 14:29:06,622 [INFO] [SET] Trigger Charge = 1
2025-05-19 14:29:06,714 [INFO] [VALIDATED] Trigger Charge = Charge
2025-05-19 14:29:06,716 [INFO] [MONITOR] Monitoring started.
2025-05-19 14:29:06,825 [INFO] [READ] State of Capacity = 30.0
2025-05-19 14:29:06,983 [INFO] [READ] Battery Charge/Discharge Power = -21
2025-05-19 14:29:12,022 [INFO] [READ] State of Capacity = 30.0
2025-05-19 14:29:12,193 [INFO] [READ] Battery Charge/Discharge Power = -18
2025-05-19 14:29:17,230 [INFO] [READ] State of Capacity = 30.0
2025-05-19 14:29:17,343 [INFO] [READ] Battery Charge/Discharge Power = 208
2025-05-19 14:29:22,402 [INFO] [READ] State of Capacity = 30.0
2025-05-19 14:29:22,513 [INFO] [READ] Battery Charge/Discharge Power = 208
2025-05-19 14:29:27,555 [INFO] [READ] State of Capacity = 30.0
2025-05-19 14:29:27,680 [INFO] [READ] Battery Charge/Discharge Power = 208
2025-05-19 14:29:32,722 [INFO] [READ] State of Capacity = 30.0
2025-05-19 14:29:32,831 [INFO] [READ] Battery Charge/Discharge Power = 208
2025-05-19 14:29:37,848 [INFO] [READ] State of Capacity = 30.0
2025-05-19 14:29:37,960 [INFO] [READ] Battery Charge/Discharge Power = 209
2025-05-19 14:29:42,974 [INFO] [READ] State of Capacity = 30.0
2025-05-19 14:29:43,084 [INFO] [READ] Battery Charge/Discharge Power = 209
2025-05-19 14:29:48,103 [INFO] [READ] State of Capacity = 30.0
2025-05-19 14:29:48,215 [INFO] [READ] Battery Charge/Discharge Power = 208
2025-05-19 14:29:53,235 [INFO] [READ] State of Capacity = 30.0
2025-05-19 14:29:53,328 [INFO] [READ] Battery Charge/Discharge Power = 208
2025-05-19 14:29:58,492 [INFO] [READ] State of Capacity = 30.0
2025-05-19 14:29:58,601 [INFO] [READ] Battery Charge/Discharge Power = 209
2025-05-19 14:30:03,656 [INFO] [READ] State of Capacity = 30.0
2025-05-19 14:30:03,782 [INFO] [READ] Battery Charge/Discharge Power = 209
2025-05-19 14:30:08,829 [INFO] [READ] State of Capacity = 30.0
2025-05-19 14:30:08,941 [INFO] [READ] Battery Charge/Discharge Power = 210
2025-05-19 14:30:13,979 [INFO] [READ] State of Capacity = 30.0
2025-05-19 14:30:14,087 [INFO] [READ] Battery Charge/Discharge Power = 209
2025-05-19 14:30:19,126 [INFO] [READ] State of Capacity = 30.0
2025-05-19 14:30:19,250 [INFO] [READ] Battery Charge/Discharge Power = 210
2025-05-19 14:30:24,287 [INFO] [READ] State of Capacity = 30.0
2025-05-19 14:30:24,459 [INFO] [READ] Battery Charge/Discharge Power = 210
2025-05-19 14:30:29,486 [INFO] [READ] State of Capacity = 30.0
2025-05-19 14:30:29,610 [INFO] [READ] Battery Charge/Discharge Power = 209
2025-05-19 14:30:34,711 [INFO] [READ] State of Capacity = 30.0
2025-05-19 14:30:34,821 [INFO] [READ] Battery Charge/Discharge Power = 209
2025-05-19 14:30:39,855 [INFO] [READ] State of Capacity = 30.0
2025-05-19 14:30:39,965 [INFO] [READ] Battery Charge/Discharge Power = 209
2025-05-19 14:30:45,099 [INFO] [READ] State of Capacity = 30.0
2025-05-19 14:30:45,209 [INFO] [READ] Battery Charge/Discharge Power = 209
2025-05-19 14:30:50,279 [INFO] [READ] State of Capacity = 30.0
2025-05-19 14:30:50,389 [INFO] [READ] Battery Charge/Discharge Power = 209
2025-05-19 14:30:55,571 [INFO] [READ] State of Capacity = 30.0
2025-05-19 14:30:55,680 [INFO] [READ] Battery Charge/Discharge Power = 209
2025-05-19 14:31:00,741 [INFO] [READ] State of Capacity = 30.0
2025-05-19 14:31:00,850 [INFO] [READ] Battery Charge/Discharge Power = 209
2025-05-19 14:31:05,913 [INFO] [READ] State of Capacity = 30.0
2025-05-19 14:31:06,023 [INFO] [READ] Battery Charge/Discharge Power = 209
2025-05-19 14:31:06,849 [INFO] [SET] Discharge Period (min) = 0
2025-05-19 14:31:06,960 [INFO] [VALIDATED] Discharge Period (min) = 0
2025-05-19 14:31:07,084 [INFO] [SET] Charge Power = 0
2025-05-19 14:31:07,191 [INFO] [VALIDATED] Charge Power = 0
2025-05-19 14:31:07,302 [INFO] [SET] Discharge Power = 0
2025-05-19 14:31:07,741 [INFO] [VALIDATED] Discharge Power = 0
2025-05-19 14:31:07,868 [INFO] [SET] Stop Charge/Discharge = 0
2025-05-19 14:31:07,961 [INFO] [VALIDATED] Stop Charge/Discharge = Stop
2025-05-19 14:31:07,963 [INFO] [MONITOR] Monitoring stopped.
2025-05-19 14:31:08,070 [INFO] [SET] Target SoC for Discharge = 0
2025-05-19 14:31:08,164 [INFO] [VALIDATED] Target SoC for Discharge = 0.0
2025-05-19 14:31:08,335 [INFO] [SET] Discharge Period = 2
2025-05-19 14:31:08,427 [INFO] [VALIDATED] Discharge Period = 2
2025-05-19 14:31:08,537 [INFO] [SET] Discharge Power = 100
2025-05-19 14:31:08,646 [INFO] [VALIDATED] Discharge Power = 100
2025-05-19 14:31:08,741 [INFO] [SET] Trigger Discharge = 2
2025-05-19 14:31:08,848 [INFO] [VALIDATED] Trigger Discharge = Discharge
2025-05-19 14:31:08,849 [INFO] [MONITOR] Monitoring started.
2025-05-19 14:31:08,942 [INFO] [READ] State of Capacity = 30.0
2025-05-19 14:31:09,082 [INFO] [READ] Battery Charge/Discharge Power = 209
2025-05-19 14:31:14,106 [INFO] [READ] State of Capacity = 30.0
2025-05-19 14:31:14,215 [INFO] [READ] Battery Charge/Discharge Power = 174
2025-05-19 14:31:19,233 [INFO] [READ] State of Capacity = 30.0
2025-05-19 14:31:19,372 [INFO] [READ] Battery Charge/Discharge Power = -155
2025-05-19 14:31:24,485 [INFO] [READ] State of Capacity = 30.0
2025-05-19 14:31:24,578 [INFO] [READ] Battery Charge/Discharge Power = -78
2025-05-19 14:31:29,681 [INFO] [READ] State of Capacity = 30.0
2025-05-19 14:31:29,777 [INFO] [READ] Battery Charge/Discharge Power = -79
2025-05-19 14:31:34,915 [INFO] [READ] State of Capacity = 30.0
2025-05-19 14:31:35,024 [INFO] [READ] Battery Charge/Discharge Power = -81
2025-05-19 14:31:40,049 [INFO] [READ] State of Capacity = 30.0
2025-05-19 14:31:40,158 [INFO] [READ] Battery Charge/Discharge Power = -79
2025-05-19 14:31:45,210 [INFO] [READ] State of Capacity = 30.0
2025-05-19 14:31:45,320 [INFO] [READ] Battery Charge/Discharge Power = -79
2025-05-19 14:31:50,357 [INFO] [READ] State of Capacity = 30.0
2025-05-19 14:31:50,464 [INFO] [READ] Battery Charge/Discharge Power = -80
2025-05-19 14:31:55,563 [INFO] [READ] State of Capacity = 30.0
2025-05-19 14:31:55,672 [INFO] [READ] Battery Charge/Discharge Power = -80
2025-05-19 14:32:00,716 [INFO] [READ] State of Capacity = 30.0
2025-05-19 14:32:00,827 [INFO] [READ] Battery Charge/Discharge Power = -81
2025-05-19 14:32:05,866 [INFO] [READ] State of Capacity = 30.0
2025-05-19 14:32:05,975 [INFO] [READ] Battery Charge/Discharge Power = -80
2025-05-19 14:32:11,014 [INFO] [READ] State of Capacity = 30.0
2025-05-19 14:32:11,124 [INFO] [READ] Battery Charge/Discharge Power = -79
2025-05-19 14:32:16,165 [INFO] [READ] State of Capacity = 30.0
2025-05-19 14:32:16,259 [INFO] [READ] Battery Charge/Discharge Power = -79
2025-05-19 14:32:21,311 [INFO] [READ] State of Capacity = 30.0
2025-05-19 14:32:21,423 [INFO] [READ] Battery Charge/Discharge Power = -79
2025-05-19 14:32:26,457 [INFO] [READ] State of Capacity = 30.0
2025-05-19 14:32:26,566 [INFO] [READ] Battery Charge/Discharge Power = -79
2025-05-19 14:32:31,600 [INFO] [READ] State of Capacity = 30.0
2025-05-19 14:32:31,711 [INFO] [READ] Battery Charge/Discharge Power = -79
2025-05-19 14:32:36,743 [INFO] [READ] State of Capacity = 30.0
2025-05-19 14:32:36,838 [INFO] [READ] Battery Charge/Discharge Power = -79
2025-05-19 14:32:41,920 [INFO] [READ] State of Capacity = 30.0
2025-05-19 14:32:42,074 [INFO] [READ] Battery Charge/Discharge Power = -79
2025-05-19 14:32:47,296 [INFO] [READ] State of Capacity = 30.0
2025-05-19 14:32:47,406 [INFO] [READ] Battery Charge/Discharge Power = -79
2025-05-19 14:32:52,546 [INFO] [READ] State of Capacity = 30.0
2025-05-19 14:32:52,655 [INFO] [READ] Battery Charge/Discharge Power = -79
2025-05-19 14:32:57,686 [INFO] [READ] State of Capacity = 30.0
2025-05-19 14:32:57,890 [INFO] [READ] Battery Charge/Discharge Power = -78
2025-05-19 14:33:02,937 [INFO] [READ] State of Capacity = 30.0
2025-05-19 14:33:03,138 [INFO] [READ] Battery Charge/Discharge Power = -79
2025-05-19 14:33:08,203 [INFO] [READ] State of Capacity = 30.0
2025-05-19 14:33:08,377 [INFO] [READ] Battery Charge/Discharge Power = -79
2025-05-19 14:33:08,894 [INFO] [SET] Discharge Period (min) = 0
2025-05-19 14:33:09,051 [INFO] [VALIDATED] Discharge Period (min) = 0
2025-05-19 14:33:09,161 [INFO] [SET] Charge Power = 0
2025-05-19 14:33:09,273 [INFO] [VALIDATED] Charge Power = 0
2025-05-19 14:33:09,383 [INFO] [SET] Discharge Power = 0
2025-05-19 14:33:09,493 [INFO] [VALIDATED] Discharge Power = 0
2025-05-19 14:33:09,587 [INFO] [SET] Stop Charge/Discharge = 0
2025-05-19 14:33:09,742 [INFO] [VALIDATED] Stop Charge/Discharge = Stop
2025-05-19 14:33:09,743 [INFO] [MONITOR] Monitoring stopped.
2025-05-19 14:33:09,834 [INFO] [SET] Target SoC for Charge = 100
2025-05-19 14:33:09,943 [INFO] [VALIDATED] Target SoC for Charge = 100.0
2025-05-19 14:33:10,051 [INFO] [SET] Charge Period = 2
2025-05-19 14:33:10,144 [INFO] [VALIDATED] Charge Period = 2
2025-05-19 14:33:10,285 [INFO] [SET] Charge Power = 200
2025-05-19 14:33:10,690 [INFO] [VALIDATED] Charge Power = 200
2025-05-19 14:33:10,799 [INFO] [SET] Trigger Charge = 1
2025-05-19 14:33:10,894 [INFO] [VALIDATED] Trigger Charge = Charge
2025-05-19 14:33:10,964 [INFO] [MONITOR] Monitoring started.
2025-05-19 14:33:11,003 [INFO] [READ] State of Capacity = 30.0
2025-05-19 14:33:11,111 [INFO] [READ] Battery Charge/Discharge Power = -78
2025-05-19 14:33:16,209 [INFO] [READ] State of Capacity = 30.0
2025-05-19 14:33:16,317 [INFO] [READ] Battery Charge/Discharge Power = -79
2025-05-19 14:33:21,365 [INFO] [READ] State of Capacity = 30.0
2025-05-19 14:33:21,461 [INFO] [READ] Battery Charge/Discharge Power = -79
2025-05-19 14:33:26,489 [INFO] [READ] State of Capacity = 30.0
2025-05-19 14:33:26,600 [INFO] [READ] Battery Charge/Discharge Power = 208
2025-05-19 14:33:31,634 [INFO] [READ] State of Capacity = 30.0
2025-05-19 14:33:31,742 [INFO] [READ] Battery Charge/Discharge Power = 209
2025-05-19 14:33:36,792 [INFO] [READ] State of Capacity = 30.0
2025-05-19 14:33:36,885 [INFO] [READ] Battery Charge/Discharge Power = 211
2025-05-19 14:33:41,911 [INFO] [READ] State of Capacity = 30.0
2025-05-19 14:33:42,080 [INFO] [READ] Battery Charge/Discharge Power = 210
2025-05-19 14:33:47,160 [INFO] [READ] State of Capacity = 30.0
2025-05-19 14:33:47,253 [INFO] [READ] Battery Charge/Discharge Power = 210
2025-05-19 14:33:52,352 [INFO] [READ] State of Capacity = 30.0
2025-05-19 14:33:52,461 [INFO] [READ] Battery Charge/Discharge Power = 209
2025-05-19 14:33:57,604 [INFO] [READ] State of Capacity = 30.0
2025-05-19 14:33:57,713 [INFO] [READ] Battery Charge/Discharge Power = 210
2025-05-19 14:34:02,752 [INFO] [READ] State of Capacity = 30.0
2025-05-19 14:34:02,876 [INFO] [READ] Battery Charge/Discharge Power = 210
2025-05-19 14:34:07,941 [INFO] [READ] State of Capacity = 30.0
2025-05-19 14:34:08,031 [INFO] [READ] Battery Charge/Discharge Power = 209
2025-05-19 14:34:13,119 [INFO] [READ] State of Capacity = 30.0
2025-05-19 14:34:13,227 [INFO] [READ] Battery Charge/Discharge Power = 210
2025-05-19 14:34:18,260 [INFO] [READ] State of Capacity = 30.0
2025-05-19 14:34:18,448 [INFO] [READ] Battery Charge/Discharge Power = 210
2025-05-19 14:34:23,513 [INFO] [READ] State of Capacity = 30.0
2025-05-19 14:34:23,729 [INFO] [READ] Battery Charge/Discharge Power = 210
2025-05-19 14:34:28,769 [INFO] [READ] State of Capacity = 30.0
2025-05-19 14:34:28,972 [INFO] [READ] Battery Charge/Discharge Power = 210
2025-05-19 14:34:34,021 [INFO] [READ] State of Capacity = 30.0
2025-05-19 14:34:34,130 [INFO] [READ] Battery Charge/Discharge Power = 211
2025-05-19 14:34:39,171 [INFO] [READ] State of Capacity = 30.0
2025-05-19 14:34:39,296 [INFO] [READ] Battery Charge/Discharge Power = 210
2025-05-19 14:34:44,360 [INFO] [READ] State of Capacity = 30.0
2025-05-19 14:34:44,485 [INFO] [READ] Battery Charge/Discharge Power = 211
2025-05-19 14:34:49,506 [INFO] [READ] State of Capacity = 30.0
2025-05-19 14:34:49,614 [INFO] [READ] Battery Charge/Discharge Power = 210
2025-05-19 14:34:54,636 [INFO] [READ] State of Capacity = 30.0
2025-05-19 14:34:54,746 [INFO] [READ] Battery Charge/Discharge Power = 210
2025-05-19 14:34:59,781 [INFO] [READ] State of Capacity = 30.0
2025-05-19 14:34:59,906 [INFO] [READ] Battery Charge/Discharge Power = 210
2025-05-19 14:35:05,087 [INFO] [READ] State of Capacity = 30.0
2025-05-19 14:35:05,196 [INFO] [READ] Battery Charge/Discharge Power = 210
2025-05-19 14:35:10,233 [INFO] [READ] State of Capacity = 30.0
2025-05-19 14:35:10,344 [INFO] [READ] Battery Charge/Discharge Power = 210
2025-05-19 14:35:10,997 [INFO] [SET] Discharge Period (min) = 0
2025-05-19 14:35:11,108 [INFO] [VALIDATED] Discharge Period (min) = 0
2025-05-19 14:35:11,250 [INFO] [SET] Charge Power = 0
2025-05-19 14:35:11,375 [INFO] [VALIDATED] Charge Power = 0
2025-05-19 14:35:11,514 [INFO] [SET] Discharge Power = 0
2025-05-19 14:35:11,622 [INFO] [VALIDATED] Discharge Power = 0
2025-05-19 14:35:12,127 [INFO] [SET] Stop Charge/Discharge = 0
2025-05-19 14:35:12,236 [INFO] [VALIDATED] Stop Charge/Discharge = Stop
2025-05-19 14:35:12,292 [INFO] [MONITOR] Monitoring stopped.
2025-05-19 14:35:12,329 [INFO] [SET] Target SoC for Discharge = 0
2025-05-19 14:35:12,424 [INFO] [VALIDATED] Target SoC for Discharge = 0.0
2025-05-19 14:35:12,533 [INFO] [SET] Discharge Period = 2
2025-05-19 14:35:12,644 [INFO] [VALIDATED] Discharge Period = 2
2025-05-19 14:35:12,847 [INFO] [SET] Discharge Power = 200
2025-05-19 14:35:12,944 [INFO] [VALIDATED] Discharge Power = 200
2025-05-19 14:35:13,052 [INFO] [SET] Trigger Discharge = 2
2025-05-19 14:35:13,147 [INFO] [VALIDATED] Trigger Discharge = Discharge
2025-05-19 14:35:13,148 [INFO] [MONITOR] Monitoring started.
2025-05-19 14:35:13,240 [INFO] [READ] State of Capacity = 30.0
2025-05-19 14:35:13,335 [INFO] [READ] Battery Charge/Discharge Power = 210
2025-05-19 14:35:18,361 [INFO] [READ] State of Capacity = 30.0
2025-05-19 14:35:18,471 [INFO] [READ] Battery Charge/Discharge Power = 0
2025-05-19 14:35:23,518 [INFO] [READ] State of Capacity = 30.0
2025-05-19 14:35:23,629 [INFO] [READ] Battery Charge/Discharge Power = 0
2025-05-19 14:35:28,676 [INFO] [READ] State of Capacity = 30.0
2025-05-19 14:35:28,772 [INFO] [READ] Battery Charge/Discharge Power = -176
2025-05-19 14:35:33,816 [INFO] [READ] State of Capacity = 30.0
2025-05-19 14:35:33,926 [INFO] [READ] Battery Charge/Discharge Power = -176
2025-05-19 14:35:38,965 [INFO] [READ] State of Capacity = 30.0
2025-05-19 14:35:39,075 [INFO] [READ] Battery Charge/Discharge Power = -177
2025-05-19 14:35:44,218 [INFO] [READ] State of Capacity = 30.0
2025-05-19 14:35:44,341 [INFO] [READ] Battery Charge/Discharge Power = -173
2025-05-19 14:35:49,455 [INFO] [READ] State of Capacity = 30.0
2025-05-19 14:35:49,565 [INFO] [READ] Battery Charge/Discharge Power = -175
2025-05-19 14:35:54,602 [INFO] [READ] State of Capacity = 30.0
2025-05-19 14:35:54,789 [INFO] [READ] Battery Charge/Discharge Power = -175
2025-05-19 14:35:59,821 [INFO] [READ] State of Capacity = 30.0
2025-05-19 14:35:59,931 [INFO] [READ] Battery Charge/Discharge Power = -177
2025-05-19 14:36:05,061 [INFO] [READ] State of Capacity = 30.0
2025-05-19 14:36:05,171 [INFO] [READ] Battery Charge/Discharge Power = -173
2025-05-19 14:36:10,187 [INFO] [READ] State of Capacity = 30.0
2025-05-19 14:36:10,312 [INFO] [READ] Battery Charge/Discharge Power = -178
2025-05-19 14:36:15,347 [INFO] [READ] State of Capacity = 30.0
2025-05-19 14:36:15,457 [INFO] [READ] Battery Charge/Discharge Power = -175
2025-05-19 14:36:20,553 [INFO] [READ] State of Capacity = 30.0
2025-05-19 14:36:20,665 [INFO] [READ] Battery Charge/Discharge Power = -173
2025-05-19 14:36:25,700 [INFO] [READ] State of Capacity = 30.0
2025-05-19 14:36:25,798 [INFO] [READ] Battery Charge/Discharge Power = -176
2025-05-19 14:36:30,847 [INFO] [READ] State of Capacity = 30.0
2025-05-19 14:36:30,959 [INFO] [READ] Battery Charge/Discharge Power = -174
2025-05-19 14:36:35,996 [INFO] [READ] State of Capacity = 30.0
2025-05-19 14:36:36,090 [INFO] [READ] Battery Charge/Discharge Power = -174
2025-05-19 14:36:41,110 [INFO] [READ] State of Capacity = 30.0
2025-05-19 14:36:41,235 [INFO] [READ] Battery Charge/Discharge Power = -173
2025-05-19 14:36:46,272 [INFO] [READ] State of Capacity = 30.0
2025-05-19 14:36:46,382 [INFO] [READ] Battery Charge/Discharge Power = -173
2025-05-19 14:36:51,421 [INFO] [READ] State of Capacity = 30.0
2025-05-19 14:36:51,548 [INFO] [READ] Battery Charge/Discharge Power = -177
2025-05-19 14:36:56,597 [INFO] [READ] State of Capacity = 30.0
2025-05-19 14:36:56,707 [INFO] [READ] Battery Charge/Discharge Power = -174
2025-05-19 14:37:01,742 [INFO] [READ] State of Capacity = 30.0
2025-05-19 14:37:01,851 [INFO] [READ] Battery Charge/Discharge Power = -176
2025-05-19 14:37:06,920 [INFO] [READ] State of Capacity = 30.0
2025-05-19 14:37:07,047 [INFO] [READ] Battery Charge/Discharge Power = -173
2025-05-19 14:37:12,095 [INFO] [READ] State of Capacity = 30.0
2025-05-19 14:37:12,345 [INFO] [READ] Battery Charge/Discharge Power = -176
2025-05-19 14:37:13,237 [INFO] [SET] Discharge Period (min) = 0
2025-05-19 14:37:13,392 [INFO] [VALIDATED] Discharge Period (min) = 0
2025-05-19 14:37:13,502 [INFO] [SET] Charge Power = 0
2025-05-19 14:37:13,705 [INFO] [VALIDATED] Charge Power = 0
2025-05-19 14:37:13,816 [INFO] [SET] Discharge Power = 0
2025-05-19 14:37:13,908 [INFO] [VALIDATED] Discharge Power = 0
2025-05-19 14:37:14,016 [INFO] [SET] Stop Charge/Discharge = 0
2025-05-19 14:37:14,111 [INFO] [VALIDATED] Stop Charge/Discharge = Stop
2025-05-19 14:37:14,112 [INFO] [MONITOR] Monitoring stopped.
2025-05-19 14:37:14,219 [INFO] [SET] Target SoC for Charge = 100
2025-05-19 14:37:14,343 [INFO] [VALIDATED] Target SoC for Charge = 100.0
2025-05-19 14:37:14,513 [INFO] [SET] Charge Period = 2
2025-05-19 14:37:14,609 [INFO] [VALIDATED] Charge Period = 2
2025-05-19 14:37:14,733 [INFO] [SET] Charge Power = 300
2025-05-19 14:37:14,842 [INFO] [VALIDATED] Charge Power = 300
2025-05-19 14:37:15,217 [INFO] [SET] Trigger Charge = 1
2025-05-19 14:37:16,805 [INFO] [VALIDATED] Trigger Charge = Charge
2025-05-19 14:37:16,807 [INFO] [MONITOR] Monitoring started.
2025-05-19 14:37:17,025 [INFO] [READ] State of Capacity = 30.0
2025-05-19 14:37:17,134 [INFO] [READ] Battery Charge/Discharge Power = -171
2025-05-19 14:37:22,169 [INFO] [READ] State of Capacity = 30.0
2025-05-19 14:37:22,278 [INFO] [READ] Battery Charge/Discharge Power = -172
2025-05-19 14:37:27,300 [INFO] [READ] State of Capacity = 30.0
2025-05-19 14:37:27,409 [INFO] [READ] Battery Charge/Discharge Power = 117
2025-05-19 14:37:32,460 [INFO] [READ] State of Capacity = 30.0
2025-05-19 14:37:32,570 [INFO] [READ] Battery Charge/Discharge Power = 300
2025-05-19 14:37:37,685 [INFO] [READ] State of Capacity = 30.0
2025-05-19 14:37:37,792 [INFO] [READ] Battery Charge/Discharge Power = 300
2025-05-19 14:37:42,884 [INFO] [READ] State of Capacity = 30.0
2025-05-19 14:37:43,008 [INFO] [READ] Battery Charge/Discharge Power = 300
2025-05-19 14:37:48,040 [INFO] [READ] State of Capacity = 30.0
2025-05-19 14:37:48,150 [INFO] [READ] Battery Charge/Discharge Power = 300
2025-05-19 14:37:53,345 [INFO] [READ] State of Capacity = 30.0
2025-05-19 14:37:53,469 [INFO] [READ] Battery Charge/Discharge Power = 300
2025-05-19 14:37:58,613 [INFO] [READ] State of Capacity = 30.0
2025-05-19 14:37:58,723 [INFO] [READ] Battery Charge/Discharge Power = 300
2025-05-19 14:38:03,751 [INFO] [READ] State of Capacity = 30.0
2025-05-19 14:38:03,862 [INFO] [READ] Battery Charge/Discharge Power = 300
2025-05-19 14:38:08,907 [INFO] [READ] State of Capacity = 30.0
2025-05-19 14:38:09,032 [INFO] [READ] Battery Charge/Discharge Power = 299
2025-05-19 14:38:14,074 [INFO] [READ] State of Capacity = 30.0
2025-05-19 14:38:14,169 [INFO] [READ] Battery Charge/Discharge Power = 300
2025-05-19 14:38:19,415 [INFO] [READ] State of Capacity = 30.0
2025-05-19 14:38:19,526 [INFO] [READ] Battery Charge/Discharge Power = 300
2025-05-19 14:38:24,558 [INFO] [READ] State of Capacity = 30.0
2025-05-19 14:38:24,669 [INFO] [READ] Battery Charge/Discharge Power = 300
2025-05-19 14:38:29,705 [INFO] [READ] State of Capacity = 30.0
2025-05-19 14:38:29,815 [INFO] [READ] Battery Charge/Discharge Power = 300
2025-05-19 14:38:34,873 [INFO] [READ] State of Capacity = 30.0
2025-05-19 14:38:34,981 [INFO] [READ] Battery Charge/Discharge Power = 301
2025-05-19 14:38:40,024 [INFO] [READ] State of Capacity = 30.0
2025-05-19 14:38:40,197 [INFO] [READ] Battery Charge/Discharge Power = 301
2025-05-19 14:38:45,338 [INFO] [READ] State of Capacity = 30.0
2025-05-19 14:38:45,445 [INFO] [READ] Battery Charge/Discharge Power = 300
2025-05-19 14:38:50,492 [INFO] [READ] State of Capacity = 30.0
2025-05-19 14:38:50,665 [INFO] [READ] Battery Charge/Discharge Power = 300
2025-05-19 14:38:55,681 [INFO] [READ] State of Capacity = 30.0
2025-05-19 14:38:55,790 [INFO] [READ] Battery Charge/Discharge Power = 299
2025-05-19 14:39:00,826 [INFO] [READ] State of Capacity = 30.0
2025-05-19 14:39:00,953 [INFO] [READ] Battery Charge/Discharge Power = 300
2025-05-19 14:39:05,993 [INFO] [READ] State of Capacity = 30.0
2025-05-19 14:39:06,087 [INFO] [READ] Battery Charge/Discharge Power = 299
2025-05-19 14:39:11,096 [INFO] [READ] State of Capacity = 30.0
2025-05-19 14:39:11,204 [INFO] [READ] Battery Charge/Discharge Power = 301
2025-05-19 14:39:16,298 [INFO] [READ] State of Capacity = 30.0
2025-05-19 14:39:16,423 [INFO] [READ] Battery Charge/Discharge Power = 300
2025-05-19 14:39:16,861 [INFO] [SET] Discharge Period (min) = 0
2025-05-19 14:39:16,969 [INFO] [VALIDATED] Discharge Period (min) = 0
2025-05-19 14:39:17,174 [INFO] [SET] Charge Power = 0
2025-05-19 14:39:17,284 [INFO] [VALIDATED] Charge Power = 0
2025-05-19 14:39:17,393 [INFO] [SET] Discharge Power = 0
2025-05-19 14:39:17,504 [INFO] [VALIDATED] Discharge Power = 0
2025-05-19 14:39:17,612 [INFO] [SET] Stop Charge/Discharge = 0
2025-05-19 14:39:18,007 [INFO] [VALIDATED] Stop Charge/Discharge = Stop
2025-05-19 14:39:18,008 [INFO] [MONITOR] Monitoring stopped.
2025-05-19 14:39:18,226 [INFO] [SET] Target SoC for Discharge = 0
2025-05-19 14:39:18,320 [INFO] [VALIDATED] Target SoC for Discharge = 0.0
2025-05-19 14:39:18,430 [INFO] [SET] Discharge Period = 2
2025-05-19 14:39:18,540 [INFO] [VALIDATED] Discharge Period = 2
2025-05-19 14:39:18,650 [INFO] [SET] Discharge Power = 300
2025-05-19 14:39:18,761 [INFO] [VALIDATED] Discharge Power = 300
2025-05-19 14:39:18,951 [INFO] [SET] Trigger Discharge = 2
2025-05-19 14:39:19,043 [INFO] [VALIDATED] Trigger Discharge = Discharge
2025-05-19 14:39:19,045 [INFO] [MONITOR] Monitoring started.
2025-05-19 14:39:19,122 [INFO] [READ] State of Capacity = 30.0
2025-05-19 14:39:19,233 [INFO] [READ] Battery Charge/Discharge Power = 299
2025-05-19 14:39:24,261 [INFO] [READ] State of Capacity = 30.0
2025-05-19 14:39:24,371 [INFO] [READ] Battery Charge/Discharge Power = 300
2025-05-19 14:39:29,387 [INFO] [READ] State of Capacity = 30.0
2025-05-19 14:39:29,482 [INFO] [READ] Battery Charge/Discharge Power = -97
2025-05-19 14:39:34,562 [INFO] [READ] State of Capacity = 30.0
2025-05-19 14:39:34,716 [INFO] [READ] Battery Charge/Discharge Power = -455
2025-05-19 14:39:39,721 [INFO] [READ] State of Capacity = 30.0
2025-05-19 14:39:39,876 [INFO] [READ] Battery Charge/Discharge Power = -270
2025-05-19 14:39:44,913 [INFO] [READ] State of Capacity = 30.0
2025-05-19 14:39:45,022 [INFO] [READ] Battery Charge/Discharge Power = -270
2025-05-19 14:39:50,073 [INFO] [READ] State of Capacity = 30.0
2025-05-19 14:39:50,197 [INFO] [READ] Battery Charge/Discharge Power = -270
2025-05-19 14:39:55,283 [INFO] [READ] State of Capacity = 30.0
2025-05-19 14:39:55,395 [INFO] [READ] Battery Charge/Discharge Power = -270
2025-05-19 14:40:00,436 [INFO] [READ] State of Capacity = 30.0
2025-05-19 14:40:00,563 [INFO] [READ] Battery Charge/Discharge Power = -271
2025-05-19 14:40:05,723 [INFO] [READ] State of Capacity = 30.0
2025-05-19 14:40:05,831 [INFO] [READ] Battery Charge/Discharge Power = -271
2025-05-19 14:40:11,003 [INFO] [READ] State of Capacity = 30.0
2025-05-19 14:40:11,112 [INFO] [READ] Battery Charge/Discharge Power = -270
2025-05-19 14:40:16,128 [INFO] [READ] State of Capacity = 30.0
2025-05-19 14:40:16,362 [INFO] [READ] Battery Charge/Discharge Power = -270
2025-05-19 14:40:21,397 [INFO] [READ] State of Capacity = 30.0
2025-05-19 14:40:21,732 [INFO] [READ] Battery Charge/Discharge Power = -270
2025-05-19 14:40:26,758 [INFO] [READ] State of Capacity = 30.0
2025-05-19 14:40:26,927 [INFO] [READ] Battery Charge/Discharge Power = -271
2025-05-19 14:40:31,982 [INFO] [READ] State of Capacity = 30.0
2025-05-19 14:40:32,092 [INFO] [READ] Battery Charge/Discharge Power = -271
2025-05-19 14:40:37,109 [INFO] [READ] State of Capacity = 30.0
2025-05-19 14:40:37,234 [INFO] [READ] Battery Charge/Discharge Power = -271
2025-05-19 14:40:42,272 [INFO] [READ] State of Capacity = 30.0
2025-05-19 14:40:42,380 [INFO] [READ] Battery Charge/Discharge Power = -271
2025-05-19 14:40:47,427 [INFO] [READ] State of Capacity = 30.0
2025-05-19 14:40:47,537 [INFO] [READ] Battery Charge/Discharge Power = -270
2025-05-19 14:40:52,577 [INFO] [READ] State of Capacity = 30.0
2025-05-19 14:40:52,702 [INFO] [READ] Battery Charge/Discharge Power = -270
2025-05-19 14:40:57,749 [INFO] [READ] State of Capacity = 30.0
2025-05-19 14:40:57,874 [INFO] [READ] Battery Charge/Discharge Power = -269
2025-05-19 14:41:02,937 [INFO] [READ] State of Capacity = 30.0
2025-05-19 14:41:03,061 [INFO] [READ] Battery Charge/Discharge Power = -270
2025-05-19 14:41:08,093 [INFO] [READ] State of Capacity = 30.0
2025-05-19 14:41:08,200 [INFO] [READ] Battery Charge/Discharge Power = -270
2025-05-19 14:41:13,236 [INFO] [READ] State of Capacity = 30.0
2025-05-19 14:41:13,328 [INFO] [READ] Battery Charge/Discharge Power = -271
2025-05-19 14:41:18,362 [INFO] [READ] State of Capacity = 30.0
2025-05-19 14:41:18,501 [INFO] [READ] Battery Charge/Discharge Power = -271
2025-05-19 14:41:19,360 [INFO] [SET] Discharge Period (min) = 0
2025-05-19 14:41:19,471 [INFO] [VALIDATED] Discharge Period (min) = 0
2025-05-19 14:41:19,595 [INFO] [SET] Charge Power = 0
2025-05-19 14:41:19,718 [INFO] [VALIDATED] Charge Power = 0
2025-05-19 14:41:19,842 [INFO] [SET] Discharge Power = 0
2025-05-19 14:41:19,967 [INFO] [VALIDATED] Discharge Power = 0
2025-05-19 14:41:20,075 [INFO] [SET] Stop Charge/Discharge = 0
2025-05-19 14:41:20,169 [INFO] [VALIDATED] Stop Charge/Discharge = Stop
2025-05-19 14:41:20,171 [INFO] [MONITOR] Monitoring stopped.
2025-05-19 14:41:20,173 [INFO] Bridge stopped successfully.
2025-05-19 14:55:06,744 [WARNING] Failed to connect 
2025-05-19 14:55:06,854 [INFO] Waiting for connection
2025-05-19 14:55:11,861 [ERROR] Timeout while waiting for connection. Reconnecting
Traceback (most recent call last):
  File "C:\Program Files\WindowsApps\PythonSoftwareFoundation.Python.3.11_3.11.2544.0_x64__qbz5n2kfra8p0\Lib\asyncio\tasks.py", line 500, in wait_for
    return fut.result()
           ^^^^^^^^^^^^
  File "C:\Program Files\WindowsApps\PythonSoftwareFoundation.Python.3.11_3.11.2544.0_x64__qbz5n2kfra8p0\Lib\asyncio\locks.py", line 213, in wait
    await fut
asyncio.exceptions.CancelledError

The above exception was the direct cause of the following exception:

Traceback (most recent call last):
  File "C:\Users\Andraž\Desktop\huawei_sun2000_control\.venv\Lib\site-packages\huawei_solar\huawei_solar.py", line 141, in _communication_lock
    await asyncio.wait_for(
  File "C:\Program Files\WindowsApps\PythonSoftwareFoundation.Python.3.11_3.11.2544.0_x64__qbz5n2kfra8p0\Lib\asyncio\tasks.py", line 502, in wait_for
    raise exceptions.TimeoutError() from exc
TimeoutError
2025-05-19 14:55:11,959 [ERROR] Connection or login failed: 
2025-05-19 15:10:00,226 [WARNING] Failed to connect 
2025-05-19 15:10:00,334 [INFO] Waiting for connection
2025-05-19 15:10:05,349 [ERROR] Timeout while waiting for connection. Reconnecting
Traceback (most recent call last):
  File "C:\Program Files\WindowsApps\PythonSoftwareFoundation.Python.3.11_3.11.2544.0_x64__qbz5n2kfra8p0\Lib\asyncio\tasks.py", line 500, in wait_for
    return fut.result()
           ^^^^^^^^^^^^
  File "C:\Program Files\WindowsApps\PythonSoftwareFoundation.Python.3.11_3.11.2544.0_x64__qbz5n2kfra8p0\Lib\asyncio\locks.py", line 213, in wait
    await fut
asyncio.exceptions.CancelledError

The above exception was the direct cause of the following exception:

Traceback (most recent call last):
  File "C:\Users\Andraž\Desktop\huawei_sun2000_control\.venv\Lib\site-packages\huawei_solar\huawei_solar.py", line 141, in _communication_lock
    await asyncio.wait_for(
  File "C:\Program Files\WindowsApps\PythonSoftwareFoundation.Python.3.11_3.11.2544.0_x64__qbz5n2kfra8p0\Lib\asyncio\tasks.py", line 502, in wait_for
    raise exceptions.TimeoutError() from exc
TimeoutError
2025-05-19 15:10:05,355 [ERROR] Connection or login failed: 
2025-05-19 15:11:38,086 [INFO] Waiting for connection
2025-05-19 15:11:43,457 [INFO] Logged in as installer.
2025-05-19 15:11:43,459 [INFO] Waiting 5 seconds for inverter to stabilize...
2025-05-19 15:11:48,521 [INFO] [SET] Target SoC for Charge = 100
2025-05-19 15:11:48,617 [INFO] [VALIDATED] Target SoC for Charge = 100.0
2025-05-19 15:11:48,710 [INFO] [SET] Charge Period = 2
2025-05-19 15:11:48,793 [INFO] [VALIDATED] Charge Period = 2
2025-05-19 15:11:49,066 [INFO] [SET] Charge Power = 100
2025-05-19 15:11:49,237 [INFO] [VALIDATED] Charge Power = 100
2025-05-19 15:11:49,302 [INFO] [SET] Trigger Charge = 1
2025-05-19 15:11:49,381 [INFO] [VALIDATED] Trigger Charge = Charge
2025-05-19 15:11:49,382 [INFO] [MONITOR] Monitoring started.
2025-05-19 15:11:49,458 [INFO] [READ] State of Capacity = 30.0
2025-05-19 15:11:49,831 [INFO] [READ] Battery Charge/Discharge Power = 573
2025-05-19 15:11:54,848 [INFO] [READ] State of Capacity = 30.0
2025-05-19 15:11:54,911 [INFO] [READ] Battery Charge/Discharge Power = 573
2025-05-19 15:12:00,104 [INFO] [READ] State of Capacity = 30.0
2025-05-19 15:12:00,174 [INFO] [READ] Battery Charge/Discharge Power = 550
2025-05-19 15:12:06,006 [INFO] [READ] State of Capacity = 30.0
2025-05-19 15:12:06,069 [INFO] [READ] Battery Charge/Discharge Power = 520
2025-05-19 15:12:11,541 [INFO] [READ] State of Capacity = 30.0
2025-05-19 15:12:12,145 [INFO] [READ] Battery Charge/Discharge Power = 0
2025-05-19 15:12:17,291 [INFO] [READ] State of Capacity = 30.0
2025-05-19 15:12:17,365 [INFO] [READ] Battery Charge/Discharge Power = 0
2025-05-19 15:12:23,046 [INFO] [READ] State of Capacity = 30.0
2025-05-19 15:12:23,139 [INFO] [READ] Battery Charge/Discharge Power = 0
2025-05-19 15:12:28,803 [INFO] [READ] State of Capacity = 30.0
2025-05-19 15:12:28,866 [INFO] [READ] Battery Charge/Discharge Power = 0
2025-05-19 15:12:34,606 [INFO] [READ] State of Capacity = 30.0
2025-05-19 15:12:34,689 [INFO] [READ] Battery Charge/Discharge Power = 0
2025-05-19 15:12:40,311 [INFO] [READ] State of Capacity = 30.0
2025-05-19 15:12:40,377 [INFO] [READ] Battery Charge/Discharge Power = 0
2025-05-19 15:12:46,186 [INFO] [READ] State of Capacity = 30.0
2025-05-19 15:12:46,287 [INFO] [READ] Battery Charge/Discharge Power = 0
2025-05-19 15:12:51,913 [INFO] [READ] State of Capacity = 30.0
2025-05-19 15:12:52,002 [INFO] [READ] Battery Charge/Discharge Power = 0
2025-05-19 15:12:57,668 [INFO] [READ] State of Capacity = 30.0
2025-05-19 15:12:57,821 [INFO] [READ] Battery Charge/Discharge Power = 0
2025-05-19 15:13:03,422 [INFO] [READ] State of Capacity = 30.0
2025-05-19 15:13:03,486 [INFO] [READ] Battery Charge/Discharge Power = 0
2025-05-19 15:13:09,364 [INFO] [READ] State of Capacity = 30.0
2025-05-19 15:13:09,447 [INFO] [READ] Battery Charge/Discharge Power = 0
2025-05-19 15:13:15,267 [INFO] [READ] State of Capacity = 30.0
2025-05-19 15:13:15,344 [INFO] [READ] Battery Charge/Discharge Power = 0
2025-05-19 15:13:20,708 [INFO] [READ] State of Capacity = 30.0
2025-05-19 15:13:20,777 [INFO] [READ] Battery Charge/Discharge Power = 0
2025-05-19 15:13:26,438 [INFO] [READ] State of Capacity = 30.0
2025-05-19 15:13:26,504 [INFO] [READ] Battery Charge/Discharge Power = 0
2025-05-19 15:13:32,201 [INFO] [READ] State of Capacity = 30.0
2025-05-19 15:13:32,274 [INFO] [READ] Battery Charge/Discharge Power = 0
2025-05-19 15:13:37,963 [INFO] [READ] State of Capacity = 30.0
2025-05-19 15:13:38,041 [INFO] [READ] Battery Charge/Discharge Power = 0
2025-05-19 15:13:43,728 [INFO] [READ] State of Capacity = 30.0
2025-05-19 15:13:43,791 [INFO] [READ] Battery Charge/Discharge Power = 0
2025-05-19 15:13:49,496 [INFO] [READ] State of Capacity = 30.0
2025-05-19 15:13:49,605 [INFO] [READ] Battery Charge/Discharge Power = 0
2025-05-19 15:13:49,682 [INFO] [SET] Discharge Period (min) = 0
2025-05-19 15:13:49,741 [INFO] [VALIDATED] Discharge Period (min) = 0
2025-05-19 15:13:49,825 [INFO] [SET] Charge Power = 0
2025-05-19 15:13:49,890 [INFO] [VALIDATED] Charge Power = 0
2025-05-19 15:13:50,051 [INFO] [SET] Discharge Power = 0
2025-05-19 15:13:50,122 [INFO] [VALIDATED] Discharge Power = 0
2025-05-19 15:13:50,200 [INFO] [SET] Stop Charge/Discharge = 0
2025-05-19 15:13:50,266 [INFO] [VALIDATED] Stop Charge/Discharge = Stop
2025-05-19 15:13:50,268 [INFO] [MONITOR] Monitoring stopped.
2025-05-19 15:13:50,342 [INFO] [SET] Target SoC for Discharge = 0
2025-05-19 15:13:50,406 [INFO] [VALIDATED] Target SoC for Discharge = 0.0
2025-05-19 15:13:50,474 [INFO] [SET] Discharge Period = 2
2025-05-19 15:13:50,555 [INFO] [VALIDATED] Discharge Period = 2
2025-05-19 15:13:50,662 [INFO] [SET] Discharge Power = 100
2025-05-19 15:13:50,732 [INFO] [VALIDATED] Discharge Power = 100
2025-05-19 15:13:51,223 [INFO] [SET] Trigger Discharge = 2
2025-05-19 15:13:51,301 [INFO] [VALIDATED] Trigger Discharge = Discharge
2025-05-19 15:13:51,303 [INFO] [MONITOR] Monitoring started.
2025-05-19 15:13:51,371 [INFO] [READ] State of Capacity = 30.0
2025-05-19 15:13:51,435 [INFO] [READ] Battery Charge/Discharge Power = 0
2025-05-19 15:13:56,603 [INFO] [READ] State of Capacity = 30.0
2025-05-19 15:13:56,666 [INFO] [READ] Battery Charge/Discharge Power = 0
2025-05-19 15:14:01,690 [INFO] [READ] State of Capacity = 30.0
2025-05-19 15:14:01,764 [INFO] [READ] Battery Charge/Discharge Power = 205
2025-05-19 15:14:06,814 [INFO] [READ] State of Capacity = 30.0
2025-05-19 15:14:06,893 [INFO] [READ] Battery Charge/Discharge Power = -134
2025-05-19 15:14:12,552 [INFO] [READ] State of Capacity = 30.0
2025-05-19 15:14:12,649 [INFO] [READ] Battery Charge/Discharge Power = -77
2025-05-19 15:14:18,286 [INFO] [READ] State of Capacity = 30.0
2025-05-19 15:14:18,522 [INFO] [READ] Battery Charge/Discharge Power = -76
2025-05-19 15:14:24,087 [INFO] [READ] State of Capacity = 30.0
2025-05-19 15:14:24,159 [INFO] [READ] Battery Charge/Discharge Power = -76
2025-05-19 15:14:29,803 [INFO] [READ] State of Capacity = 30.0
2025-05-19 15:14:29,989 [INFO] [READ] Battery Charge/Discharge Power = -77
2025-05-19 15:14:35,770 [INFO] [READ] State of Capacity = 30.0
2025-05-19 15:14:35,840 [INFO] [READ] Battery Charge/Discharge Power = -76
2025-05-19 15:14:41,529 [INFO] [READ] State of Capacity = 30.0
2025-05-19 15:14:41,600 [INFO] [READ] Battery Charge/Discharge Power = -77
2025-05-19 15:14:47,055 [INFO] [READ] State of Capacity = 30.0
2025-05-19 15:14:47,121 [INFO] [READ] Battery Charge/Discharge Power = -76
2025-05-19 15:14:52,818 [INFO] [READ] State of Capacity = 30.0
2025-05-19 15:14:52,887 [INFO] [READ] Battery Charge/Discharge Power = -75
2025-05-19 15:14:58,579 [INFO] [READ] State of Capacity = 30.0
2025-05-19 15:14:58,675 [INFO] [READ] Battery Charge/Discharge Power = -76
2025-05-19 15:15:04,461 [INFO] [READ] State of Capacity = 30.0
2025-05-19 15:15:04,537 [INFO] [READ] Battery Charge/Discharge Power = -76
2025-05-19 15:15:10,105 [INFO] [READ] State of Capacity = 30.0
2025-05-19 15:15:10,178 [INFO] [READ] Battery Charge/Discharge Power = -77
2025-05-19 15:15:15,865 [INFO] [READ] State of Capacity = 30.0
2025-05-19 15:15:15,946 [INFO] [READ] Battery Charge/Discharge Power = -76
2025-05-19 15:15:21,603 [INFO] [READ] State of Capacity = 30.0
2025-05-19 15:15:21,683 [INFO] [READ] Battery Charge/Discharge Power = -76
2025-05-19 15:15:27,613 [INFO] [READ] State of Capacity = 30.0
2025-05-19 15:15:27,682 [INFO] [READ] Battery Charge/Discharge Power = -76
2025-05-19 15:15:33,494 [INFO] [READ] State of Capacity = 30.0
2025-05-19 15:15:33,558 [INFO] [READ] Battery Charge/Discharge Power = -76
2025-05-19 15:15:38,934 [INFO] [READ] State of Capacity = 30.0
2025-05-19 15:15:39,020 [INFO] [READ] Battery Charge/Discharge Power = -76
2025-05-19 15:15:44,716 [INFO] [READ] State of Capacity = 30.0
2025-05-19 15:15:44,786 [INFO] [READ] Battery Charge/Discharge Power = -75
2025-05-19 15:15:50,412 [INFO] [READ] State of Capacity = 30.0
2025-05-19 15:15:50,495 [INFO] [READ] Battery Charge/Discharge Power = -76
2025-05-19 15:15:51,350 [INFO] [SET] Discharge Period (min) = 0
2025-05-19 15:15:51,430 [INFO] [VALIDATED] Discharge Period (min) = 0
2025-05-19 15:15:51,504 [INFO] [SET] Charge Power = 0
2025-05-19 15:15:51,573 [INFO] [VALIDATED] Charge Power = 0
2025-05-19 15:15:51,651 [INFO] [SET] Discharge Power = 0
2025-05-19 15:15:51,733 [INFO] [VALIDATED] Discharge Power = 0
2025-05-19 15:15:51,800 [INFO] [SET] Stop Charge/Discharge = 0
2025-05-19 15:15:51,869 [INFO] [VALIDATED] Stop Charge/Discharge = Stop
2025-05-19 15:15:51,871 [INFO] [MONITOR] Monitoring stopped.
2025-05-19 15:15:51,949 [INFO] [SET] Target SoC for Charge = 100
2025-05-19 15:15:52,018 [INFO] [VALIDATED] Target SoC for Charge = 100.0
2025-05-19 15:15:52,120 [INFO] [SET] Charge Period = 2
2025-05-19 15:15:52,309 [INFO] [VALIDATED] Charge Period = 2
2025-05-19 15:15:52,381 [INFO] [SET] Charge Power = 200
2025-05-19 15:15:52,458 [INFO] [VALIDATED] Charge Power = 200
2025-05-19 15:15:52,525 [INFO] [SET] Trigger Charge = 1
2025-05-19 15:15:52,600 [INFO] [VALIDATED] Trigger Charge = Charge
2025-05-19 15:15:52,608 [INFO] [MONITOR] Monitoring started.
2025-05-19 15:15:52,661 [INFO] [READ] State of Capacity = 30.0
2025-05-19 15:15:52,738 [INFO] [READ] Battery Charge/Discharge Power = -76
2025-05-19 15:15:57,766 [INFO] [READ] State of Capacity = 30.0
2025-05-19 15:15:57,831 [INFO] [READ] Battery Charge/Discharge Power = -76
2025-05-19 15:16:02,860 [INFO] [READ] State of Capacity = 30.0
2025-05-19 15:16:03,025 [INFO] [READ] Battery Charge/Discharge Power = -74
2025-05-19 15:16:08,130 [INFO] [READ] State of Capacity = 30.0
2025-05-19 15:16:08,196 [INFO] [READ] Battery Charge/Discharge Power = 211
2025-05-19 15:16:13,601 [INFO] [READ] State of Capacity = 30.0
2025-05-19 15:16:13,676 [INFO] [READ] Battery Charge/Discharge Power = 210
2025-05-19 15:16:19,294 [INFO] [READ] State of Capacity = 30.0
2025-05-19 15:16:19,377 [INFO] [READ] Battery Charge/Discharge Power = 211
2025-05-19 15:16:25,113 [INFO] [READ] State of Capacity = 30.0
2025-05-19 15:16:25,261 [INFO] [READ] Battery Charge/Discharge Power = 211
2025-05-19 15:16:30,810 [INFO] [READ] State of Capacity = 30.0
2025-05-19 15:16:31,028 [INFO] [READ] Battery Charge/Discharge Power = 210
2025-05-19 15:16:36,568 [INFO] [READ] State of Capacity = 30.0
2025-05-19 15:16:36,633 [INFO] [READ] Battery Charge/Discharge Power = 210
2025-05-19 15:16:42,339 [INFO] [READ] State of Capacity = 30.0
2025-05-19 15:16:42,427 [INFO] [READ] Battery Charge/Discharge Power = 209
2025-05-19 15:16:48,101 [INFO] [READ] State of Capacity = 30.0
2025-05-19 15:16:48,184 [INFO] [READ] Battery Charge/Discharge Power = 210
2025-05-19 15:16:53,906 [INFO] [READ] State of Capacity = 30.0
2025-05-19 15:16:53,983 [INFO] [READ] Battery Charge/Discharge Power = 211
2025-05-19 15:16:59,798 [INFO] [READ] State of Capacity = 30.0
2025-05-19 15:16:59,865 [INFO] [READ] Battery Charge/Discharge Power = 211
2025-05-19 15:17:05,414 [INFO] [READ] State of Capacity = 30.0
2025-05-19 15:17:05,486 [INFO] [READ] Battery Charge/Discharge Power = 210
2025-05-19 15:17:11,436 [INFO] [READ] State of Capacity = 30.0
2025-05-19 15:17:11,506 [INFO] [READ] Battery Charge/Discharge Power = 209
2025-05-19 15:17:17,382 [INFO] [READ] State of Capacity = 30.0
2025-05-19 15:17:17,570 [INFO] [READ] Battery Charge/Discharge Power = 211
2025-05-19 15:17:22,664 [INFO] [READ] State of Capacity = 30.0
2025-05-19 15:17:23,096 [INFO] [READ] Battery Charge/Discharge Power = 208
2025-05-19 15:17:28,423 [INFO] [READ] State of Capacity = 30.0
2025-05-19 15:17:28,496 [INFO] [READ] Battery Charge/Discharge Power = 210
2025-05-19 15:17:34,190 [INFO] [READ] State of Capacity = 30.0
2025-05-19 15:17:34,261 [INFO] [READ] Battery Charge/Discharge Power = 208
2025-05-19 15:17:39,951 [INFO] [READ] State of Capacity = 30.0
2025-05-19 15:17:40,028 [INFO] [READ] Battery Charge/Discharge Power = 209
2025-05-19 15:17:45,710 [INFO] [READ] State of Capacity = 30.0
2025-05-19 15:17:45,809 [INFO] [READ] Battery Charge/Discharge Power = 209
2025-05-19 15:17:51,461 [INFO] [READ] State of Capacity = 30.0
2025-05-19 15:17:51,538 [INFO] [READ] Battery Charge/Discharge Power = 208
2025-05-19 15:17:52,671 [INFO] [SET] Discharge Period (min) = 0
2025-05-19 15:17:52,744 [INFO] [VALIDATED] Discharge Period (min) = 0
2025-05-19 15:17:52,822 [INFO] [SET] Charge Power = 0
2025-05-19 15:17:52,900 [INFO] [VALIDATED] Charge Power = 0
2025-05-19 15:17:52,972 [INFO] [SET] Discharge Power = 0
2025-05-19 15:17:53,034 [INFO] [VALIDATED] Discharge Power = 0
2025-05-19 15:17:53,132 [INFO] [SET] Stop Charge/Discharge = 0
2025-05-19 15:17:53,209 [INFO] [VALIDATED] Stop Charge/Discharge = Stop
2025-05-19 15:17:53,210 [INFO] [MONITOR] Monitoring stopped.
2025-05-19 15:17:53,278 [INFO] [SET] Target SoC for Discharge = 0
2025-05-19 15:17:53,403 [INFO] [VALIDATED] Target SoC for Discharge = 0.0
2025-05-19 15:17:53,619 [INFO] [SET] Discharge Period = 2
2025-05-19 15:17:53,694 [INFO] [VALIDATED] Discharge Period = 2
2025-05-19 15:17:53,767 [INFO] [SET] Discharge Power = 200
2025-05-19 15:17:53,835 [INFO] [VALIDATED] Discharge Power = 200
2025-05-19 15:17:53,898 [INFO] [SET] Trigger Discharge = 2
2025-05-19 15:17:53,974 [INFO] [VALIDATED] Trigger Discharge = Discharge
2025-05-19 15:17:53,976 [INFO] [MONITOR] Monitoring started.
2025-05-19 15:17:54,124 [INFO] [READ] State of Capacity = 30.0
2025-05-19 15:17:54,190 [INFO] [READ] Battery Charge/Discharge Power = 208
2025-05-19 15:17:59,215 [INFO] [READ] State of Capacity = 30.0
2025-05-19 15:17:59,400 [INFO] [READ] Battery Charge/Discharge Power = 0
2025-05-19 15:18:04,824 [INFO] [READ] State of Capacity = 30.0
2025-05-19 15:18:04,914 [INFO] [READ] Battery Charge/Discharge Power = 0
2025-05-19 15:18:09,950 [INFO] [READ] State of Capacity = 30.0
2025-05-19 15:18:10,029 [INFO] [READ] Battery Charge/Discharge Power = -177
2025-05-19 15:18:15,119 [INFO] [READ] State of Capacity = 30.0
2025-05-19 15:18:15,192 [INFO] [READ] Battery Charge/Discharge Power = -177
2025-05-19 15:18:20,295 [INFO] [READ] State of Capacity = 30.0
2025-05-19 15:18:20,810 [INFO] [READ] Battery Charge/Discharge Power = -175
2025-05-19 15:18:26,075 [INFO] [READ] State of Capacity = 30.0
2025-05-19 15:18:26,158 [INFO] [READ] Battery Charge/Discharge Power = -176
2025-05-19 15:18:31,748 [INFO] [READ] State of Capacity = 30.0
2025-05-19 15:18:31,812 [INFO] [READ] Battery Charge/Discharge Power = -176
2025-05-19 15:18:37,508 [INFO] [READ] State of Capacity = 30.0
2025-05-19 15:18:37,580 [INFO] [READ] Battery Charge/Discharge Power = -175
2025-05-19 15:18:43,284 [INFO] [READ] State of Capacity = 30.0
2025-05-19 15:18:43,348 [INFO] [READ] Battery Charge/Discharge Power = -175
2025-05-19 15:18:49,125 [INFO] [READ] State of Capacity = 30.0
2025-05-19 15:18:49,258 [INFO] [READ] Battery Charge/Discharge Power = -175
2025-05-19 15:18:54,790 [INFO] [READ] State of Capacity = 30.0
2025-05-19 15:18:54,869 [INFO] [READ] Battery Charge/Discharge Power = -175
2025-05-19 15:19:00,546 [INFO] [READ] State of Capacity = 30.0
2025-05-19 15:19:00,704 [INFO] [READ] Battery Charge/Discharge Power = -157
2025-05-19 15:19:06,528 [INFO] [READ] State of Capacity = 30.0
2025-05-19 15:19:06,615 [INFO] [READ] Battery Charge/Discharge Power = -176
2025-05-19 15:19:12,455 [INFO] [READ] State of Capacity = 30.0
2025-05-19 15:19:12,524 [INFO] [READ] Battery Charge/Discharge Power = -174
2025-05-19 15:19:17,808 [INFO] [READ] State of Capacity = 30.0
2025-05-19 15:19:17,875 [INFO] [READ] Battery Charge/Discharge Power = -174
2025-05-19 15:19:23,570 [INFO] [READ] State of Capacity = 30.0
2025-05-19 15:19:23,636 [INFO] [READ] Battery Charge/Discharge Power = -176
2025-05-19 15:19:29,298 [INFO] [READ] State of Capacity = 30.0
2025-05-19 15:19:29,376 [INFO] [READ] Battery Charge/Discharge Power = -175
2025-05-19 15:19:35,111 [INFO] [READ] State of Capacity = 30.0
2025-05-19 15:19:35,211 [INFO] [READ] Battery Charge/Discharge Power = -175
2025-05-19 15:19:40,871 [INFO] [READ] State of Capacity = 30.0
2025-05-19 15:19:40,948 [INFO] [READ] Battery Charge/Discharge Power = -174
2025-05-19 15:19:46,553 [INFO] [READ] State of Capacity = 30.0
2025-05-19 15:19:46,619 [INFO] [READ] Battery Charge/Discharge Power = -174
2025-05-19 15:19:52,346 [INFO] [READ] State of Capacity = 30.0
2025-05-19 15:19:52,501 [INFO] [READ] Battery Charge/Discharge Power = -176
2025-05-19 15:19:54,033 [INFO] [SET] Discharge Period (min) = 0
2025-05-19 15:19:54,102 [INFO] [VALIDATED] Discharge Period (min) = 0
2025-05-19 15:19:54,177 [INFO] [SET] Charge Power = 0
2025-05-19 15:19:54,256 [INFO] [VALIDATED] Charge Power = 0
2025-05-19 15:19:54,366 [INFO] [SET] Discharge Power = 0
2025-05-19 15:19:54,611 [INFO] [VALIDATED] Discharge Power = 0
2025-05-19 15:19:54,706 [INFO] [SET] Stop Charge/Discharge = 0
2025-05-19 15:19:54,768 [INFO] [VALIDATED] Stop Charge/Discharge = Stop
2025-05-19 15:19:54,769 [INFO] [MONITOR] Monitoring stopped.
2025-05-19 15:19:54,828 [INFO] [SET] Target SoC for Charge = 100
2025-05-19 15:19:54,907 [INFO] [VALIDATED] Target SoC for Charge = 100.0
2025-05-19 15:19:54,972 [INFO] [SET] Charge Period = 2
2025-05-19 15:19:55,036 [INFO] [VALIDATED] Charge Period = 2
2025-05-19 15:19:55,113 [INFO] [SET] Charge Power = 300
2025-05-19 15:19:55,191 [INFO] [VALIDATED] Charge Power = 300
2025-05-19 15:19:55,268 [INFO] [SET] Trigger Charge = 1
2025-05-19 15:19:55,333 [INFO] [VALIDATED] Trigger Charge = Charge
2025-05-19 15:19:55,334 [INFO] [MONITOR] Monitoring started.
2025-05-19 15:19:55,396 [INFO] [READ] State of Capacity = 30.0
2025-05-19 15:19:55,463 [INFO] [READ] Battery Charge/Discharge Power = -175
2025-05-19 15:20:00,504 [INFO] [READ] State of Capacity = 30.0
2025-05-19 15:20:00,587 [INFO] [READ] Battery Charge/Discharge Power = -175
2025-05-19 15:20:05,600 [INFO] [READ] State of Capacity = 30.0
2025-05-19 15:20:05,659 [INFO] [READ] Battery Charge/Discharge Power = -175
2025-05-19 15:20:10,679 [INFO] [READ] State of Capacity = 30.0
2025-05-19 15:20:10,740 [INFO] [READ] Battery Charge/Discharge Power = 300
2025-05-19 15:20:15,783 [INFO] [READ] State of Capacity = 30.0
2025-05-19 15:20:15,935 [INFO] [READ] Battery Charge/Discharge Power = 300
2025-05-19 15:20:21,172 [INFO] [READ] State of Capacity = 30.0
2025-05-19 15:20:21,246 [INFO] [READ] Battery Charge/Discharge Power = 300
2025-05-19 15:20:26,833 [INFO] [READ] State of Capacity = 30.0
2025-05-19 15:20:26,904 [INFO] [READ] Battery Charge/Discharge Power = 301
2025-05-19 15:20:32,592 [INFO] [READ] State of Capacity = 30.0
2025-05-19 15:20:32,661 [INFO] [READ] Battery Charge/Discharge Power = 301
2025-05-19 15:20:38,405 [INFO] [READ] State of Capacity = 30.0
2025-05-19 15:20:38,471 [INFO] [READ] Battery Charge/Discharge Power = 301
2025-05-19 15:20:44,433 [INFO] [READ] State of Capacity = 30.0
2025-05-19 15:20:44,536 [INFO] [READ] Battery Charge/Discharge Power = 300
2025-05-19 15:20:50,066 [INFO] [READ] State of Capacity = 30.0
2025-05-19 15:20:50,316 [INFO] [READ] Battery Charge/Discharge Power = 300
2025-05-19 15:20:55,672 [INFO] [READ] State of Capacity = 30.0
2025-05-19 15:20:55,733 [INFO] [READ] Battery Charge/Discharge Power = 300
2025-05-19 15:21:01,431 [INFO] [READ] State of Capacity = 30.0
2025-05-19 15:21:01,507 [INFO] [READ] Battery Charge/Discharge Power = 301
2025-05-19 15:21:07,184 [INFO] [READ] State of Capacity = 30.0
2025-05-19 15:21:07,248 [INFO] [READ] Battery Charge/Discharge Power = 300
2025-05-19 15:21:12,936 [INFO] [READ] State of Capacity = 30.0
2025-05-19 15:21:13,013 [INFO] [READ] Battery Charge/Discharge Power = 301
2025-05-19 15:21:18,775 [INFO] [READ] State of Capacity = 30.0
2025-05-19 15:21:18,864 [INFO] [READ] Battery Charge/Discharge Power = 301
2025-05-19 15:21:24,668 [INFO] [READ] State of Capacity = 30.0
2025-05-19 15:21:24,753 [INFO] [READ] Battery Charge/Discharge Power = 301
2025-05-19 15:21:30,367 [INFO] [READ] State of Capacity = 30.0
2025-05-19 15:21:30,441 [INFO] [READ] Battery Charge/Discharge Power = 299
2025-05-19 15:21:36,179 [INFO] [READ] State of Capacity = 30.0
2025-05-19 15:21:36,249 [INFO] [READ] Battery Charge/Discharge Power = 302
2025-05-19 15:21:42,290 [INFO] [READ] State of Capacity = 30.0
2025-05-19 15:21:42,365 [INFO] [READ] Battery Charge/Discharge Power = 301
2025-05-19 15:21:48,185 [INFO] [READ] State of Capacity = 30.0
2025-05-19 15:21:48,261 [INFO] [READ] Battery Charge/Discharge Power = 301
2025-05-19 15:21:53,392 [INFO] [READ] State of Capacity = 30.0
2025-05-19 15:21:53,467 [INFO] [READ] Battery Charge/Discharge Power = 301
2025-05-19 15:21:55,374 [INFO] [SET] Discharge Period (min) = 0
2025-05-19 15:21:55,782 [INFO] [VALIDATED] Discharge Period (min) = 0
2025-05-19 15:21:55,851 [INFO] [SET] Charge Power = 0
2025-05-19 15:21:55,936 [INFO] [VALIDATED] Charge Power = 0
2025-05-19 15:21:56,005 [INFO] [SET] Discharge Power = 0
2025-05-19 15:21:56,078 [INFO] [VALIDATED] Discharge Power = 0
2025-05-19 15:21:56,171 [INFO] [SET] Stop Charge/Discharge = 0
2025-05-19 15:21:56,243 [INFO] [VALIDATED] Stop Charge/Discharge = Stop
2025-05-19 15:21:56,245 [INFO] [MONITOR] Monitoring stopped.
2025-05-19 15:21:56,327 [INFO] [SET] Target SoC for Discharge = 0
2025-05-19 15:21:56,390 [INFO] [VALIDATED] Target SoC for Discharge = 0.0
2025-05-19 15:21:56,456 [INFO] [SET] Discharge Period = 2
2025-05-19 15:21:56,565 [INFO] [VALIDATED] Discharge Period = 2
2025-05-19 15:21:56,765 [INFO] [SET] Discharge Power = 300
2025-05-19 15:21:56,833 [INFO] [VALIDATED] Discharge Power = 300
2025-05-19 15:21:57,025 [INFO] [SET] Trigger Discharge = 2
2025-05-19 15:21:57,099 [INFO] [VALIDATED] Trigger Discharge = Discharge
2025-05-19 15:21:57,100 [INFO] [MONITOR] Monitoring started.
2025-05-19 15:21:57,173 [INFO] [READ] State of Capacity = 30.0
2025-05-19 15:21:57,247 [INFO] [READ] Battery Charge/Discharge Power = 300
2025-05-19 15:22:02,283 [INFO] [READ] State of Capacity = 30.0
2025-05-19 15:22:02,367 [INFO] [READ] Battery Charge/Discharge Power = 0
2025-05-19 15:22:07,736 [INFO] [READ] State of Capacity = 30.0
2025-05-19 15:22:07,807 [INFO] [READ] Battery Charge/Discharge Power = 0
2025-05-19 15:22:12,828 [INFO] [READ] State of Capacity = 30.0
2025-05-19 15:22:12,897 [INFO] [READ] Battery Charge/Discharge Power = -266
2025-05-19 15:22:17,919 [INFO] [READ] State of Capacity = 30.0
2025-05-19 15:22:17,997 [INFO] [READ] Battery Charge/Discharge Power = -266
2025-05-19 15:22:23,028 [INFO] [READ] State of Capacity = 30.0
2025-05-19 15:22:23,089 [INFO] [READ] Battery Charge/Discharge Power = -264
2025-05-19 15:22:28,358 [INFO] [READ] State of Capacity = 30.0
2025-05-19 15:22:28,448 [INFO] [READ] Battery Charge/Discharge Power = -265
2025-05-19 15:22:34,016 [INFO] [READ] State of Capacity = 30.0
2025-05-19 15:22:34,095 [INFO] [READ] Battery Charge/Discharge Power = -267
2025-05-19 15:22:39,877 [INFO] [READ] State of Capacity = 30.0
2025-05-19 15:22:39,951 [INFO] [READ] Battery Charge/Discharge Power = -266
2025-05-19 15:22:45,261 [INFO] [READ] State of Capacity = 30.0
2025-05-19 15:22:45,332 [INFO] [READ] Battery Charge/Discharge Power = -265
2025-05-19 15:22:50,995 [INFO] [READ] State of Capacity = 30.0
2025-05-19 15:22:51,070 [INFO] [READ] Battery Charge/Discharge Power = -267
2025-05-19 15:22:56,717 [INFO] [READ] State of Capacity = 30.0
2025-05-19 15:22:56,800 [INFO] [READ] Battery Charge/Discharge Power = -266
2025-05-19 15:23:02,493 [INFO] [READ] State of Capacity = 30.0
2025-05-19 15:23:02,568 [INFO] [READ] Battery Charge/Discharge Power = -268
2025-05-19 15:23:08,234 [INFO] [READ] State of Capacity = 30.0
2025-05-19 15:23:08,312 [INFO] [READ] Battery Charge/Discharge Power = -268
2025-05-19 15:23:14,149 [INFO] [READ] State of Capacity = 30.0
2025-05-19 15:23:14,218 [INFO] [READ] Battery Charge/Discharge Power = -268
2025-05-19 15:23:19,812 [INFO] [READ] State of Capacity = 30.0
2025-05-19 15:23:19,899 [INFO] [READ] Battery Charge/Discharge Power = -266
2025-05-19 15:23:25,568 [INFO] [READ] State of Capacity = 30.0
2025-05-19 15:23:25,634 [INFO] [READ] Battery Charge/Discharge Power = -266
2025-05-19 15:23:31,463 [INFO] [READ] State of Capacity = 30.0
2025-05-19 15:23:31,648 [INFO] [READ] Battery Charge/Discharge Power = -266
2025-05-19 15:23:37,312 [INFO] [READ] State of Capacity = 30.0
2025-05-19 15:23:37,385 [INFO] [READ] Battery Charge/Discharge Power = -267
2025-05-19 15:23:42,741 [INFO] [READ] State of Capacity = 30.0
2025-05-19 15:23:42,876 [INFO] [READ] Battery Charge/Discharge Power = -267
2025-05-19 15:23:48,620 [INFO] [READ] State of Capacity = 30.0
2025-05-19 15:23:48,695 [INFO] [READ] Battery Charge/Discharge Power = -266
2025-05-19 15:23:54,276 [INFO] [READ] State of Capacity = 30.0
2025-05-19 15:23:54,351 [INFO] [READ] Battery Charge/Discharge Power = -268
2025-05-19 15:23:57,139 [INFO] [SET] Discharge Period (min) = 0
2025-05-19 15:23:57,212 [INFO] [VALIDATED] Discharge Period (min) = 0
2025-05-19 15:23:57,325 [INFO] [SET] Charge Power = 0
2025-05-19 15:23:57,392 [INFO] [VALIDATED] Charge Power = 0
2025-05-19 15:23:57,470 [INFO] [SET] Discharge Power = 0
2025-05-19 15:23:57,546 [INFO] [VALIDATED] Discharge Power = 0
2025-05-19 15:23:57,609 [INFO] [SET] Stop Charge/Discharge = 0
2025-05-19 15:23:57,686 [INFO] [VALIDATED] Stop Charge/Discharge = Stop
2025-05-19 15:23:57,687 [INFO] [MONITOR] Monitoring stopped.
2025-05-19 15:23:57,689 [INFO] Bridge stopped successfully.
2025-05-19 15:30:11,144 [WARNING] Failed to connect 
2025-05-19 15:30:11,255 [INFO] Waiting for connection
2025-05-19 15:30:16,265 [ERROR] Timeout while waiting for connection. Reconnecting
Traceback (most recent call last):
  File "C:\Program Files\WindowsApps\PythonSoftwareFoundation.Python.3.11_3.11.2544.0_x64__qbz5n2kfra8p0\Lib\asyncio\tasks.py", line 500, in wait_for
    return fut.result()
           ^^^^^^^^^^^^
  File "C:\Program Files\WindowsApps\PythonSoftwareFoundation.Python.3.11_3.11.2544.0_x64__qbz5n2kfra8p0\Lib\asyncio\locks.py", line 213, in wait
    await fut
asyncio.exceptions.CancelledError

The above exception was the direct cause of the following exception:

Traceback (most recent call last):
  File "C:\Users\Andraž\Desktop\huawei_sun2000_control\.venv\Lib\site-packages\huawei_solar\huawei_solar.py", line 141, in _communication_lock
    await asyncio.wait_for(
  File "C:\Program Files\WindowsApps\PythonSoftwareFoundation.Python.3.11_3.11.2544.0_x64__qbz5n2kfra8p0\Lib\asyncio\tasks.py", line 502, in wait_for
    raise exceptions.TimeoutError() from exc
TimeoutError
2025-05-19 15:30:16,272 [ERROR] Connection or login failed: 
2025-05-19 15:31:41,036 [WARNING] Failed to connect 
2025-05-19 15:31:41,146 [INFO] Waiting for connection
2025-05-19 15:31:46,151 [ERROR] Timeout while waiting for connection. Reconnecting
Traceback (most recent call last):
  File "C:\Program Files\WindowsApps\PythonSoftwareFoundation.Python.3.11_3.11.2544.0_x64__qbz5n2kfra8p0\Lib\asyncio\tasks.py", line 500, in wait_for
    return fut.result()
           ^^^^^^^^^^^^
  File "C:\Program Files\WindowsApps\PythonSoftwareFoundation.Python.3.11_3.11.2544.0_x64__qbz5n2kfra8p0\Lib\asyncio\locks.py", line 213, in wait
    await fut
asyncio.exceptions.CancelledError

The above exception was the direct cause of the following exception:

Traceback (most recent call last):
  File "C:\Users\Andraž\Desktop\huawei_sun2000_control\.venv\Lib\site-packages\huawei_solar\huawei_solar.py", line 141, in _communication_lock
    await asyncio.wait_for(
  File "C:\Program Files\WindowsApps\PythonSoftwareFoundation.Python.3.11_3.11.2544.0_x64__qbz5n2kfra8p0\Lib\asyncio\tasks.py", line 502, in wait_for
    raise exceptions.TimeoutError() from exc
TimeoutError
2025-05-19 15:31:46,157 [ERROR] Connection or login failed: 
2025-05-19 15:43:23,204 [INFO] Waiting for connection
2025-05-19 15:43:27,980 [INFO] Logged in as installer.
2025-05-19 15:43:27,981 [INFO] Waiting 5 seconds for inverter to stabilize...
2025-05-19 15:43:33,300 [INFO] [SET] Target SoC for Charge = 100
2025-05-19 15:43:33,362 [INFO] [VALIDATED] Target SoC for Charge = 100.0
2025-05-19 15:43:33,430 [INFO] [SET] Charge Period = 2
2025-05-19 15:43:33,506 [INFO] [VALIDATED] Charge Period = 2
2025-05-19 15:43:33,600 [INFO] [SET] Charge Power = 100
2025-05-19 15:43:33,790 [INFO] [VALIDATED] Charge Power = 100
2025-05-19 15:43:33,862 [INFO] [SET] Trigger Charge = 1
2025-05-19 15:43:33,956 [INFO] [VALIDATED] Trigger Charge = Charge
2025-05-19 15:43:33,957 [INFO] [MONITOR] Monitoring started.
2025-05-19 15:43:34,040 [INFO] [READ] State of Capacity = 31.0
2025-05-19 15:43:34,135 [INFO] [READ] Battery Charge/Discharge Power = -18
2025-05-19 15:43:39,410 [INFO] [READ] State of Capacity = 31.0
2025-05-19 15:43:39,496 [INFO] [READ] Battery Charge/Discharge Power = -19
2025-05-19 15:43:44,512 [INFO] [READ] State of Capacity = 31.0
2025-05-19 15:43:44,606 [INFO] [READ] Battery Charge/Discharge Power = -17
2025-05-19 15:43:50,340 [INFO] [READ] State of Capacity = 31.0
2025-05-19 15:43:50,532 [INFO] [READ] Battery Charge/Discharge Power = 1712
2025-05-19 15:43:56,013 [INFO] [READ] State of Capacity = 31.0
2025-05-19 15:43:56,082 [INFO] [READ] Battery Charge/Discharge Power = 210
2025-05-19 15:44:01,761 [INFO] [READ] State of Capacity = 31.0
2025-05-19 15:44:01,836 [INFO] [READ] Battery Charge/Discharge Power = 209
2025-05-19 15:44:07,521 [INFO] [READ] State of Capacity = 31.0
2025-05-19 15:44:07,598 [INFO] [READ] Battery Charge/Discharge Power = 210
2025-05-19 15:44:13,282 [INFO] [READ] State of Capacity = 31.0
2025-05-19 15:44:13,365 [INFO] [READ] Battery Charge/Discharge Power = 210
2025-05-19 15:44:19,093 [INFO] [READ] State of Capacity = 31.0
2025-05-19 15:44:19,169 [INFO] [READ] Battery Charge/Discharge Power = 209
2025-05-19 15:44:25,132 [INFO] [READ] State of Capacity = 31.0
2025-05-19 15:44:25,200 [INFO] [READ] Battery Charge/Discharge Power = 210
2025-05-19 15:44:30,540 [INFO] [READ] State of Capacity = 31.0
2025-05-19 15:44:30,616 [INFO] [READ] Battery Charge/Discharge Power = 209
2025-05-19 15:44:36,360 [INFO] [READ] State of Capacity = 31.0
2025-05-19 15:44:36,430 [INFO] [READ] Battery Charge/Discharge Power = 209
2025-05-19 15:44:42,043 [INFO] [READ] State of Capacity = 31.0
2025-05-19 15:44:42,121 [INFO] [READ] Battery Charge/Discharge Power = 208
2025-05-19 15:44:47,804 [INFO] [READ] State of Capacity = 31.0
2025-05-19 15:44:47,895 [INFO] [READ] Battery Charge/Discharge Power = 208
2025-05-19 15:44:53,636 [INFO] [READ] State of Capacity = 31.0
2025-05-19 15:44:53,711 [INFO] [READ] Battery Charge/Discharge Power = 209
2025-05-19 15:44:59,351 [INFO] [READ] State of Capacity = 31.0
2025-05-19 15:44:59,417 [INFO] [READ] Battery Charge/Discharge Power = 210
2025-05-19 15:45:05,079 [INFO] [READ] State of Capacity = 31.0
2025-05-19 15:45:05,162 [INFO] [READ] Battery Charge/Discharge Power = 211
2025-05-19 15:45:10,837 [INFO] [READ] State of Capacity = 31.0
2025-05-19 15:45:10,917 [INFO] [READ] Battery Charge/Discharge Power = 209
2025-05-19 15:45:16,685 [INFO] [READ] State of Capacity = 31.0
2025-05-19 15:45:16,748 [INFO] [READ] Battery Charge/Discharge Power = 210
2025-05-19 15:45:22,529 [INFO] [READ] State of Capacity = 31.0
2025-05-19 15:45:22,620 [INFO] [READ] Battery Charge/Discharge Power = 209
2025-05-19 15:45:28,092 [INFO] [READ] State of Capacity = 31.0
2025-05-19 15:45:28,488 [INFO] [READ] Battery Charge/Discharge Power = 210
2025-05-19 15:45:33,875 [INFO] [READ] State of Capacity = 31.0
2025-05-19 15:45:33,944 [INFO] [READ] Battery Charge/Discharge Power = 210
2025-05-19 15:45:34,018 [INFO] [SET] Discharge Period (min) = 0
2025-05-19 15:45:34,086 [INFO] [VALIDATED] Discharge Period (min) = 0
2025-05-19 15:45:34,490 [INFO] [SET] Charge Power = 0
2025-05-19 15:45:34,569 [INFO] [VALIDATED] Charge Power = 0
2025-05-19 15:45:34,654 [INFO] [SET] Discharge Power = 0
2025-05-19 15:45:34,721 [INFO] [VALIDATED] Discharge Power = 0
2025-05-19 15:45:34,940 [INFO] [SET] Stop Charge/Discharge = 0
2025-05-19 15:45:35,005 [INFO] [VALIDATED] Stop Charge/Discharge = Stop
2025-05-19 15:45:35,007 [INFO] [MONITOR] Monitoring stopped.
2025-05-19 15:45:35,149 [INFO] [SET] Target SoC for Discharge = 0
2025-05-19 15:45:35,221 [INFO] [VALIDATED] Target SoC for Discharge = 0.0
2025-05-19 15:45:35,289 [INFO] [SET] Discharge Period = 2
2025-05-19 15:45:35,361 [INFO] [VALIDATED] Discharge Period = 2
2025-05-19 15:45:35,450 [INFO] [SET] Discharge Power = 100
2025-05-19 15:45:35,529 [INFO] [VALIDATED] Discharge Power = 100
2025-05-19 15:45:35,593 [INFO] [SET] Trigger Discharge = 2
2025-05-19 15:45:35,663 [INFO] [VALIDATED] Trigger Discharge = Discharge
2025-05-19 15:45:35,664 [INFO] [MONITOR] Monitoring started.
2025-05-19 15:45:35,835 [INFO] [READ] State of Capacity = 31.0
2025-05-19 15:45:35,929 [INFO] [READ] Battery Charge/Discharge Power = 210
2025-05-19 15:45:41,119 [INFO] [READ] State of Capacity = 31.0
2025-05-19 15:45:41,185 [INFO] [READ] Battery Charge/Discharge Power = 210
2025-05-19 15:45:46,524 [INFO] [READ] State of Capacity = 31.0
2025-05-19 15:45:46,596 [INFO] [READ] Battery Charge/Discharge Power = -17
2025-05-19 15:45:51,621 [INFO] [READ] State of Capacity = 31.0
2025-05-19 15:45:51,691 [INFO] [READ] Battery Charge/Discharge Power = -67
2025-05-19 15:45:56,898 [INFO] [READ] State of Capacity = 31.0
2025-05-19 15:45:56,972 [INFO] [READ] Battery Charge/Discharge Power = -79
2025-05-19 15:46:02,870 [INFO] [READ] State of Capacity = 31.0
2025-05-19 15:46:02,977 [INFO] [READ] Battery Charge/Discharge Power = -80
2025-05-19 15:46:08,406 [INFO] [READ] State of Capacity = 31.0
2025-05-19 15:46:08,481 [INFO] [READ] Battery Charge/Discharge Power = -79
2025-05-19 15:46:14,358 [INFO] [READ] State of Capacity = 31.0
2025-05-19 15:46:14,441 [INFO] [READ] Battery Charge/Discharge Power = -79
2025-05-19 15:46:20,247 [INFO] [READ] State of Capacity = 31.0
2025-05-19 15:46:20,323 [INFO] [READ] Battery Charge/Discharge Power = -80
2025-05-19 15:46:25,673 [INFO] [READ] State of Capacity = 31.0
2025-05-19 15:46:25,748 [INFO] [READ] Battery Charge/Discharge Power = -79
2025-05-19 15:46:31,591 [INFO] [READ] State of Capacity = 31.0
2025-05-19 15:46:31,664 [INFO] [READ] Battery Charge/Discharge Power = -79
2025-05-19 15:46:37,217 [INFO] [READ] State of Capacity = 31.0
2025-05-19 15:46:37,289 [INFO] [READ] Battery Charge/Discharge Power = -79
2025-05-19 15:46:42,931 [INFO] [READ] State of Capacity = 31.0
2025-05-19 15:46:43,009 [INFO] [READ] Battery Charge/Discharge Power = -79
2025-05-19 15:46:48,885 [INFO] [READ] State of Capacity = 31.0
2025-05-19 15:46:49,024 [INFO] [READ] Battery Charge/Discharge Power = -79
2025-05-19 15:46:54,526 [INFO] [READ] State of Capacity = 31.0
2025-05-19 15:46:54,596 [INFO] [READ] Battery Charge/Discharge Power = -79
2025-05-19 15:47:00,252 [INFO] [READ] State of Capacity = 31.0
2025-05-19 15:47:00,365 [INFO] [READ] Battery Charge/Discharge Power = -80
2025-05-19 15:47:06,105 [INFO] [READ] State of Capacity = 31.0
2025-05-19 15:47:06,177 [INFO] [READ] Battery Charge/Discharge Power = -80
2025-05-19 15:47:12,032 [INFO] [READ] State of Capacity = 31.0
2025-05-19 15:47:12,117 [INFO] [READ] Battery Charge/Discharge Power = -79
2025-05-19 15:47:17,475 [INFO] [READ] State of Capacity = 31.0
2025-05-19 15:47:17,891 [INFO] [READ] Battery Charge/Discharge Power = -80
2025-05-19 15:47:23,219 [INFO] [READ] State of Capacity = 31.0
2025-05-19 15:47:23,289 [INFO] [READ] Battery Charge/Discharge Power = -79
2025-05-19 15:47:29,029 [INFO] [READ] State of Capacity = 31.0
2025-05-19 15:47:29,099 [INFO] [READ] Battery Charge/Discharge Power = -79
2025-05-19 15:47:34,796 [INFO] [READ] State of Capacity = 31.0
2025-05-19 15:47:34,887 [INFO] [READ] Battery Charge/Discharge Power = -79
2025-05-19 15:47:35,748 [INFO] [SET] Discharge Period (min) = 0
2025-05-19 15:47:35,822 [INFO] [VALIDATED] Discharge Period (min) = 0
2025-05-19 15:47:35,957 [INFO] [SET] Charge Power = 0
2025-05-19 15:47:36,022 [INFO] [VALIDATED] Charge Power = 0
2025-05-19 15:47:36,083 [INFO] [SET] Discharge Power = 0
2025-05-19 15:47:36,186 [INFO] [VALIDATED] Discharge Power = 0
2025-05-19 15:47:36,258 [INFO] [SET] Stop Charge/Discharge = 0
2025-05-19 15:47:36,327 [INFO] [VALIDATED] Stop Charge/Discharge = Stop
2025-05-19 15:47:36,328 [INFO] [MONITOR] Monitoring stopped.
2025-05-19 15:47:36,397 [INFO] [SET] Target SoC for Charge = 100
2025-05-19 15:47:36,462 [INFO] [VALIDATED] Target SoC for Charge = 100.0
2025-05-19 15:47:36,538 [INFO] [SET] Charge Period = 2
2025-05-19 15:47:36,599 [INFO] [VALIDATED] Charge Period = 2
2025-05-19 15:47:36,667 [INFO] [SET] Charge Power = 200
2025-05-19 15:47:36,744 [INFO] [VALIDATED] Charge Power = 200
2025-05-19 15:47:36,819 [INFO] [SET] Trigger Charge = 1
2025-05-19 15:47:36,907 [INFO] [VALIDATED] Trigger Charge = Charge
2025-05-19 15:47:36,908 [INFO] [MONITOR] Monitoring started.
2025-05-19 15:47:36,973 [INFO] [READ] State of Capacity = 31.0
2025-05-19 15:47:37,333 [INFO] [READ] Battery Charge/Discharge Power = -79
2025-05-19 15:47:42,360 [INFO] [READ] State of Capacity = 31.0
2025-05-19 15:47:42,426 [INFO] [READ] Battery Charge/Discharge Power = -79
2025-05-19 15:47:47,688 [INFO] [READ] State of Capacity = 31.0
2025-05-19 15:47:47,755 [INFO] [READ] Battery Charge/Discharge Power = -77
2025-05-19 15:47:52,781 [INFO] [READ] State of Capacity = 31.0
2025-05-19 15:47:52,981 [INFO] [READ] Battery Charge/Discharge Power = 208
2025-05-19 15:47:58,009 [INFO] [READ] State of Capacity = 31.0
2025-05-19 15:47:58,103 [INFO] [READ] Battery Charge/Discharge Power = 209
2025-05-19 15:48:03,616 [INFO] [READ] State of Capacity = 31.0
2025-05-19 15:48:03,676 [INFO] [READ] Battery Charge/Discharge Power = 208
2025-05-19 15:48:09,537 [INFO] [READ] State of Capacity = 31.0
2025-05-19 15:48:09,613 [INFO] [READ] Battery Charge/Discharge Power = 208
2025-05-19 15:48:15,014 [INFO] [READ] State of Capacity = 31.0
2025-05-19 15:48:15,426 [INFO] [READ] Battery Charge/Discharge Power = 208
2025-05-19 15:48:20,789 [INFO] [READ] State of Capacity = 31.0
2025-05-19 15:48:20,861 [INFO] [READ] Battery Charge/Discharge Power = 208
2025-05-19 15:48:26,548 [INFO] [READ] State of Capacity = 31.0
2025-05-19 15:48:26,751 [INFO] [READ] Battery Charge/Discharge Power = 209
2025-05-19 15:48:32,336 [INFO] [READ] State of Capacity = 31.0
2025-05-19 15:48:32,403 [INFO] [READ] Battery Charge/Discharge Power = 209
2025-05-19 15:48:34,135 [INFO] Waiting for connection
2025-05-19 15:48:37,399 [INFO] Waiting for connection
2025-05-19 15:48:38,817 [INFO] Logged in as installer.
2025-05-19 15:48:38,819 [INFO] Waiting 5 seconds for inverter to stabilize...
2025-05-19 15:48:42,409 [ERROR] Timeout while waiting for connection. Reconnecting
Traceback (most recent call last):
  File "C:\Program Files\WindowsApps\PythonSoftwareFoundation.Python.3.11_3.11.2544.0_x64__qbz5n2kfra8p0\Lib\asyncio\tasks.py", line 500, in wait_for
    return fut.result()
           ^^^^^^^^^^^^
  File "C:\Program Files\WindowsApps\PythonSoftwareFoundation.Python.3.11_3.11.2544.0_x64__qbz5n2kfra8p0\Lib\asyncio\locks.py", line 213, in wait
    await fut
asyncio.exceptions.CancelledError

The above exception was the direct cause of the following exception:

Traceback (most recent call last):
  File "C:\Users\Andraž\Desktop\huawei_sun2000_control\.venv\Lib\site-packages\huawei_solar\huawei_solar.py", line 141, in _communication_lock
    await asyncio.wait_for(
  File "C:\Program Files\WindowsApps\PythonSoftwareFoundation.Python.3.11_3.11.2544.0_x64__qbz5n2kfra8p0\Lib\asyncio\tasks.py", line 502, in wait_for
    raise exceptions.TimeoutError() from exc
TimeoutError
2025-05-19 15:48:42,414 [ERROR] Failed to read State of Capacity: 
2025-05-19 15:48:42,416 [INFO] Waiting for connection
2025-05-19 15:48:43,836 [INFO] Waiting for connection
2025-05-19 15:48:44,309 [INFO] [READ] Battery Charge/Discharge Power = 209
2025-05-19 15:48:46,424 [ERROR] Exception response 134 / 0
2025-05-19 15:48:46,425 [WARNING] Received an error after sending the heartbeat command: 80
2025-05-19 15:48:48,850 [ERROR] Timeout while waiting for connection. Reconnecting
Traceback (most recent call last):
  File "C:\Program Files\WindowsApps\PythonSoftwareFoundation.Python.3.11_3.11.2544.0_x64__qbz5n2kfra8p0\Lib\asyncio\tasks.py", line 500, in wait_for
    return fut.result()
           ^^^^^^^^^^^^
  File "C:\Program Files\WindowsApps\PythonSoftwareFoundation.Python.3.11_3.11.2544.0_x64__qbz5n2kfra8p0\Lib\asyncio\locks.py", line 213, in wait
    await fut
asyncio.exceptions.CancelledError

The above exception was the direct cause of the following exception:

Traceback (most recent call last):
  File "C:\Users\Andraž\Desktop\huawei_sun2000_control\.venv\Lib\site-packages\huawei_solar\huawei_solar.py", line 141, in _communication_lock
    await asyncio.wait_for(
  File "C:\Program Files\WindowsApps\PythonSoftwareFoundation.Python.3.11_3.11.2544.0_x64__qbz5n2kfra8p0\Lib\asyncio\tasks.py", line 502, in wait_for
    raise exceptions.TimeoutError() from exc
TimeoutError
2025-05-19 15:48:48,856 [ERROR] Failed to set Target SoC for Charge: 
2025-05-19 15:48:48,857 [INFO] Waiting for connection
2025-05-19 15:48:49,320 [INFO] Waiting for connection
2025-05-19 15:48:50,488 [ERROR] Exception response 134 / 0
2025-05-19 15:48:52,109 [INFO] [SET] Charge Period = 2
2025-05-19 15:48:52,198 [INFO] [VALIDATED] Charge Period = 2
2025-05-19 15:48:52,274 [INFO] [SET] Charge Power = 2000
2025-05-19 15:48:52,344 [INFO] [VALIDATED] Charge Power = 2000
2025-05-19 15:48:52,405 [INFO] [SET] Trigger Charge = 1
2025-05-19 15:48:52,774 [INFO] [VALIDATED] Trigger Charge = Charge
2025-05-19 15:48:52,775 [INFO] [MONITOR] Monitoring started.
2025-05-19 15:48:52,849 [INFO] [READ] State of Capacity = 31.0
2025-05-19 15:48:52,913 [INFO] [READ] Battery Charge/Discharge Power = 208
2025-05-19 15:48:54,323 [ERROR] Timeout while waiting for connection. Reconnecting
Traceback (most recent call last):
  File "C:\Program Files\WindowsApps\PythonSoftwareFoundation.Python.3.11_3.11.2544.0_x64__qbz5n2kfra8p0\Lib\asyncio\tasks.py", line 500, in wait_for
    return fut.result()
           ^^^^^^^^^^^^
  File "C:\Program Files\WindowsApps\PythonSoftwareFoundation.Python.3.11_3.11.2544.0_x64__qbz5n2kfra8p0\Lib\asyncio\locks.py", line 213, in wait
    await fut
asyncio.exceptions.CancelledError

The above exception was the direct cause of the following exception:

Traceback (most recent call last):
  File "C:\Users\Andraž\Desktop\huawei_sun2000_control\.venv\Lib\site-packages\huawei_solar\huawei_solar.py", line 141, in _communication_lock
    await asyncio.wait_for(
  File "C:\Program Files\WindowsApps\PythonSoftwareFoundation.Python.3.11_3.11.2544.0_x64__qbz5n2kfra8p0\Lib\asyncio\tasks.py", line 502, in wait_for
    raise exceptions.TimeoutError() from exc
TimeoutError
2025-05-19 15:48:54,326 [ERROR] Failed to read State of Capacity: 
2025-05-19 15:48:54,328 [INFO] Waiting for connection
2025-05-19 15:48:55,997 [INFO] [READ] Battery Charge/Discharge Power = 208
2025-05-19 15:48:57,926 [INFO] Waiting for connection
2025-05-19 15:49:01,875 [INFO] [READ] State of Capacity = 31.0
2025-05-19 15:49:01,945 [INFO] [READ] Battery Charge/Discharge Power = 740
2025-05-19 15:49:02,938 [ERROR] Timeout while waiting for connection. Reconnecting
Traceback (most recent call last):
  File "C:\Program Files\WindowsApps\PythonSoftwareFoundation.Python.3.11_3.11.2544.0_x64__qbz5n2kfra8p0\Lib\asyncio\tasks.py", line 500, in wait_for
    return fut.result()
           ^^^^^^^^^^^^
  File "C:\Program Files\WindowsApps\PythonSoftwareFoundation.Python.3.11_3.11.2544.0_x64__qbz5n2kfra8p0\Lib\asyncio\locks.py", line 213, in wait
    await fut
asyncio.exceptions.CancelledError

The above exception was the direct cause of the following exception:

Traceback (most recent call last):
  File "C:\Users\Andraž\Desktop\huawei_sun2000_control\.venv\Lib\site-packages\huawei_solar\huawei_solar.py", line 141, in _communication_lock
    await asyncio.wait_for(
  File "C:\Program Files\WindowsApps\PythonSoftwareFoundation.Python.3.11_3.11.2544.0_x64__qbz5n2kfra8p0\Lib\asyncio\tasks.py", line 502, in wait_for
    raise exceptions.TimeoutError() from exc
TimeoutError
2025-05-19 15:49:02,942 [ERROR] Failed to read State of Capacity: 
2025-05-19 15:49:02,944 [INFO] Waiting for connection
2025-05-19 15:49:04,522 [INFO] [READ] Battery Charge/Discharge Power = 2016
2025-05-19 15:49:06,953 [INFO] Waiting for connection
2025-05-19 15:49:09,049 [ERROR] Exception response 134 / 0
2025-05-19 15:49:09,051 [WARNING] Received an error after sending the heartbeat command: 80
2025-05-19 15:49:09,565 [INFO] [READ] State of Capacity = 31.0
2025-05-19 15:49:09,645 [INFO] [READ] Battery Charge/Discharge Power = 2016
2025-05-19 15:49:11,957 [ERROR] Timeout while waiting for connection. Reconnecting
Traceback (most recent call last):
  File "C:\Program Files\WindowsApps\PythonSoftwareFoundation.Python.3.11_3.11.2544.0_x64__qbz5n2kfra8p0\Lib\asyncio\tasks.py", line 500, in wait_for
    return fut.result()
           ^^^^^^^^^^^^
  File "C:\Program Files\WindowsApps\PythonSoftwareFoundation.Python.3.11_3.11.2544.0_x64__qbz5n2kfra8p0\Lib\asyncio\locks.py", line 213, in wait
    await fut
asyncio.exceptions.CancelledError

The above exception was the direct cause of the following exception:

Traceback (most recent call last):
  File "C:\Users\Andraž\Desktop\huawei_sun2000_control\.venv\Lib\site-packages\huawei_solar\huawei_solar.py", line 141, in _communication_lock
    await asyncio.wait_for(
  File "C:\Program Files\WindowsApps\PythonSoftwareFoundation.Python.3.11_3.11.2544.0_x64__qbz5n2kfra8p0\Lib\asyncio\tasks.py", line 502, in wait_for
    raise exceptions.TimeoutError() from exc
TimeoutError
2025-05-19 15:49:11,960 [ERROR] Failed to read State of Capacity: 
2025-05-19 15:49:11,961 [INFO] Waiting for connection
2025-05-19 15:49:13,495 [INFO] [READ] Battery Charge/Discharge Power = 2017
2025-05-19 15:49:14,668 [INFO] Waiting for connection
2025-05-19 15:49:18,517 [INFO] [READ] State of Capacity = 31.0
2025-05-19 15:49:18,577 [INFO] [READ] Battery Charge/Discharge Power = 2017
2025-05-19 15:49:19,685 [ERROR] Timeout while waiting for connection. Reconnecting
Traceback (most recent call last):
  File "C:\Program Files\WindowsApps\PythonSoftwareFoundation.Python.3.11_3.11.2544.0_x64__qbz5n2kfra8p0\Lib\asyncio\tasks.py", line 500, in wait_for
    return fut.result()
           ^^^^^^^^^^^^
  File "C:\Program Files\WindowsApps\PythonSoftwareFoundation.Python.3.11_3.11.2544.0_x64__qbz5n2kfra8p0\Lib\asyncio\locks.py", line 213, in wait
    await fut
asyncio.exceptions.CancelledError

The above exception was the direct cause of the following exception:

Traceback (most recent call last):
  File "C:\Users\Andraž\Desktop\huawei_sun2000_control\.venv\Lib\site-packages\huawei_solar\huawei_solar.py", line 141, in _communication_lock
    await asyncio.wait_for(
  File "C:\Program Files\WindowsApps\PythonSoftwareFoundation.Python.3.11_3.11.2544.0_x64__qbz5n2kfra8p0\Lib\asyncio\tasks.py", line 502, in wait_for
    raise exceptions.TimeoutError() from exc
TimeoutError
2025-05-19 15:49:19,690 [ERROR] Failed to read State of Capacity: 
2025-05-19 15:49:19,691 [INFO] Waiting for connection
2025-05-19 15:49:23,587 [INFO] Waiting for connection
2025-05-19 15:49:28,593 [ERROR] Timeout while waiting for connection. Reconnecting
Traceback (most recent call last):
  File "C:\Program Files\WindowsApps\PythonSoftwareFoundation.Python.3.11_3.11.2544.0_x64__qbz5n2kfra8p0\Lib\asyncio\tasks.py", line 500, in wait_for
    return fut.result()
           ^^^^^^^^^^^^
  File "C:\Program Files\WindowsApps\PythonSoftwareFoundation.Python.3.11_3.11.2544.0_x64__qbz5n2kfra8p0\Lib\asyncio\locks.py", line 213, in wait
    await fut
asyncio.exceptions.CancelledError

The above exception was the direct cause of the following exception:

Traceback (most recent call last):
  File "C:\Users\Andraž\Desktop\huawei_sun2000_control\.venv\Lib\site-packages\huawei_solar\huawei_solar.py", line 141, in _communication_lock
    await asyncio.wait_for(
  File "C:\Program Files\WindowsApps\PythonSoftwareFoundation.Python.3.11_3.11.2544.0_x64__qbz5n2kfra8p0\Lib\asyncio\tasks.py", line 502, in wait_for
    raise exceptions.TimeoutError() from exc
TimeoutError
2025-05-19 15:49:28,597 [ERROR] Failed to read State of Capacity: 
2025-05-19 15:49:28,599 [INFO] Waiting for connection
2025-05-19 15:49:30,206 [INFO] [READ] Battery Charge/Discharge Power = 2015
2025-05-19 15:49:31,250 [ERROR] Cancel send, because not connected!
2025-05-19 15:49:35,227 [INFO] [READ] State of Capacity = 31.0
2025-05-19 15:49:35,303 [INFO] [READ] Battery Charge/Discharge Power = 2016
2025-05-19 15:49:39,272 [INFO] [SET] Discharge Period (min) = 0
2025-05-19 15:49:39,352 [INFO] [VALIDATED] Discharge Period (min) = 0
2025-05-19 15:49:39,426 [INFO] [SET] Charge Power = 0
2025-05-19 15:49:39,488 [INFO] [VALIDATED] Charge Power = 0
2025-05-19 15:49:39,618 [INFO] [SET] Discharge Power = 0
2025-05-19 15:49:39,741 [INFO] [VALIDATED] Discharge Power = 0
2025-05-19 15:49:39,816 [INFO] [SET] Stop Charge/Discharge = 0
2025-05-19 15:49:39,878 [INFO] [VALIDATED] Stop Charge/Discharge = Stop
2025-05-19 15:49:39,879 [INFO] [MONITOR] Monitoring stopped.
2025-05-19 15:49:39,947 [INFO] [SET] Target SoC for Discharge = 0
2025-05-19 15:49:40,018 [INFO] [VALIDATED] Target SoC for Discharge = 0.0
2025-05-19 15:49:40,092 [INFO] [SET] Discharge Period = 2
2025-05-19 15:49:40,162 [INFO] [VALIDATED] Discharge Period = 2
2025-05-19 15:49:40,541 [INFO] [SET] Discharge Power = 200
2025-05-19 15:49:40,618 [INFO] [VALIDATED] Discharge Power = 200
2025-05-19 15:49:40,692 [INFO] [SET] Trigger Discharge = 2
2025-05-19 15:49:40,870 [INFO] [VALIDATED] Trigger Discharge = Discharge
2025-05-19 15:49:40,871 [INFO] [MONITOR] Monitoring started.
2025-05-19 15:49:40,946 [INFO] [READ] State of Capacity = 31.0
2025-05-19 15:49:41,008 [INFO] [READ] Battery Charge/Discharge Power = 2016
2025-05-19 15:49:41,263 [ERROR] Cancel send, because not connected!
2025-05-19 15:49:46,030 [INFO] [READ] State of Capacity = 31.0
2025-05-19 15:49:46,123 [INFO] [READ] Battery Charge/Discharge Power = 2015
2025-05-19 15:49:51,150 [INFO] [READ] State of Capacity = 31.0
2025-05-19 15:49:51,233 [INFO] [READ] Battery Charge/Discharge Power = 0
2025-05-19 15:49:51,277 [ERROR] Cancel send, because not connected!
2025-05-19 15:49:56,271 [INFO] [READ] State of Capacity = 31.0
2025-05-19 15:49:56,683 [INFO] [READ] Battery Charge/Discharge Power = 0
2025-05-19 15:50:01,729 [INFO] [READ] State of Capacity = 31.0
2025-05-19 15:50:01,806 [INFO] [READ] Battery Charge/Discharge Power = -169
2025-05-19 15:50:07,259 [INFO] [READ] State of Capacity = 31.0
2025-05-19 15:50:07,329 [INFO] [READ] Battery Charge/Discharge Power = -170
2025-05-19 15:50:13,093 [INFO] [READ] State of Capacity = 31.0
2025-05-19 15:50:13,254 [INFO] [READ] Battery Charge/Discharge Power = -169
2025-05-19 15:50:18,778 [INFO] [READ] State of Capacity = 31.0
2025-05-19 15:50:18,965 [INFO] [READ] Battery Charge/Discharge Power = -169
2025-05-19 15:50:24,737 [INFO] [READ] State of Capacity = 31.0
2025-05-19 15:50:24,820 [INFO] [READ] Battery Charge/Discharge Power = -169
2025-05-19 15:50:30,652 [INFO] [READ] State of Capacity = 31.0
2025-05-19 15:50:30,722 [INFO] [READ] Battery Charge/Discharge Power = -169
2025-05-19 15:50:34,811 [INFO] Bridge stopped successfully.
2025-05-19 15:50:34,813 [INFO] [MONITOR] Monitoring stopped.
2025-05-19 15:50:44,699 [INFO] Waiting for connection
2025-05-19 15:50:49,437 [INFO] Logged in as installer.
2025-05-19 15:50:49,439 [INFO] Waiting 5 seconds for inverter to stabilize...
2025-05-19 15:50:54,512 [INFO] [SET] Target SoC for Charge = 100
2025-05-19 15:50:54,583 [INFO] [VALIDATED] Target SoC for Charge = 100.0
2025-05-19 15:50:54,661 [INFO] [SET] Charge Period = 2
2025-05-19 15:50:54,741 [INFO] [VALIDATED] Charge Period = 2
2025-05-19 15:50:54,812 [INFO] [SET] Charge Power = 2000
2025-05-19 15:50:54,879 [INFO] [VALIDATED] Charge Power = 2000
2025-05-19 15:50:55,054 [INFO] [SET] Trigger Charge = 1
2025-05-19 15:50:55,133 [INFO] [VALIDATED] Trigger Charge = Charge
2025-05-19 15:50:55,135 [INFO] [MONITOR] Monitoring started.
2025-05-19 15:50:55,193 [INFO] [READ] State of Capacity = 31.0
2025-05-19 15:50:55,271 [INFO] [READ] Battery Charge/Discharge Power = -169
2025-05-19 15:51:00,299 [INFO] [READ] State of Capacity = 31.0
2025-05-19 15:51:00,378 [INFO] [READ] Battery Charge/Discharge Power = -169
2025-05-19 15:51:05,460 [INFO] [READ] State of Capacity = 31.0
2025-05-19 15:51:05,529 [INFO] [READ] Battery Charge/Discharge Power = -170
2025-05-19 15:51:10,916 [INFO] [READ] State of Capacity = 31.0
2025-05-19 15:51:11,020 [INFO] [READ] Battery Charge/Discharge Power = -156
2025-05-19 15:51:16,699 [INFO] [READ] State of Capacity = 31.0
2025-05-19 15:51:16,775 [INFO] [READ] Battery Charge/Discharge Power = 2016
2025-05-19 15:51:22,442 [INFO] [READ] State of Capacity = 31.0
2025-05-19 15:51:22,506 [INFO] [READ] Battery Charge/Discharge Power = 2016
2025-05-19 15:51:28,456 [INFO] [READ] State of Capacity = 31.0
2025-05-19 15:51:28,529 [INFO] [READ] Battery Charge/Discharge Power = 2016
2025-05-19 15:51:34,293 [INFO] [READ] State of Capacity = 31.0
2025-05-19 15:51:34,362 [INFO] [READ] Battery Charge/Discharge Power = 2015
2025-05-19 15:51:39,718 [INFO] [READ] State of Capacity = 32.0
2025-05-19 15:51:40,137 [INFO] [READ] Battery Charge/Discharge Power = 2017
2025-05-19 15:51:45,517 [INFO] [READ] State of Capacity = 32.0
2025-05-19 15:51:45,582 [INFO] [READ] Battery Charge/Discharge Power = 2016
2025-05-19 15:51:51,290 [INFO] [READ] State of Capacity = 32.0
2025-05-19 15:51:51,358 [INFO] [READ] Battery Charge/Discharge Power = 2015
2025-05-19 15:51:57,001 [INFO] [READ] State of Capacity = 32.0
2025-05-19 15:51:57,079 [INFO] [READ] Battery Charge/Discharge Power = 2015
2025-05-19 15:52:02,859 [INFO] [READ] State of Capacity = 32.0
2025-05-19 15:52:02,933 [INFO] [READ] Battery Charge/Discharge Power = 2016
2025-05-19 15:52:08,492 [INFO] [READ] State of Capacity = 32.0
2025-05-19 15:52:08,553 [INFO] [READ] Battery Charge/Discharge Power = 2014
2025-05-19 15:52:14,282 [INFO] [READ] State of Capacity = 32.0
2025-05-19 15:52:14,353 [INFO] [READ] Battery Charge/Discharge Power = 2016
2025-05-19 15:52:20,114 [INFO] [READ] State of Capacity = 32.0
2025-05-19 15:52:20,179 [INFO] [READ] Battery Charge/Discharge Power = 2016
2025-05-19 15:52:26,114 [INFO] [READ] State of Capacity = 32.0
2025-05-19 15:52:26,198 [INFO] [READ] Battery Charge/Discharge Power = 2015
2025-05-19 15:52:31,498 [INFO] [READ] State of Capacity = 32.0
2025-05-19 15:52:31,579 [INFO] [READ] Battery Charge/Discharge Power = 2015
2025-05-19 15:52:37,373 [INFO] [READ] State of Capacity = 32.0
2025-05-19 15:52:37,445 [INFO] [READ] Battery Charge/Discharge Power = 2016
2025-05-19 15:52:43,013 [INFO] [READ] State of Capacity = 32.0
2025-05-19 15:52:43,077 [INFO] [READ] Battery Charge/Discharge Power = 2015
2025-05-19 15:52:48,895 [INFO] [READ] State of Capacity = 32.0
2025-05-19 15:52:48,957 [INFO] [READ] Battery Charge/Discharge Power = 2016
2025-05-19 15:52:54,575 [INFO] [READ] State of Capacity = 32.0
2025-05-19 15:52:54,642 [INFO] [READ] Battery Charge/Discharge Power = 2016
2025-05-19 15:52:55,156 [INFO] [SET] Discharge Period (min) = 0
2025-05-19 15:52:55,233 [INFO] [VALIDATED] Discharge Period (min) = 0
2025-05-19 15:52:55,340 [INFO] [SET] Charge Power = 0
2025-05-19 15:52:55,407 [INFO] [VALIDATED] Charge Power = 0
2025-05-19 15:52:55,793 [INFO] [SET] Discharge Power = 0
2025-05-19 15:52:55,861 [INFO] [VALIDATED] Discharge Power = 0
2025-05-19 15:52:56,007 [INFO] [SET] Stop Charge/Discharge = 0
2025-05-19 15:52:56,077 [INFO] [VALIDATED] Stop Charge/Discharge = Stop
2025-05-19 15:52:56,078 [INFO] [MONITOR] Monitoring stopped.
2025-05-19 15:52:56,150 [INFO] [SET] Target SoC for Discharge = 0
2025-05-19 15:52:56,218 [INFO] [VALIDATED] Target SoC for Discharge = 0.0
2025-05-19 15:52:56,292 [INFO] [SET] Discharge Period = 2
2025-05-19 15:52:56,371 [INFO] [VALIDATED] Discharge Period = 2
2025-05-19 15:52:56,436 [INFO] [SET] Discharge Power = 2000
2025-05-19 15:52:56,513 [INFO] [VALIDATED] Discharge Power = 2000
2025-05-19 15:52:56,602 [INFO] [SET] Trigger Discharge = 2
2025-05-19 15:52:56,681 [INFO] [VALIDATED] Trigger Discharge = Discharge
2025-05-19 15:52:56,682 [INFO] [MONITOR] Monitoring started.
2025-05-19 15:52:56,747 [INFO] [READ] State of Capacity = 32.0
2025-05-19 15:52:56,823 [INFO] [READ] Battery Charge/Discharge Power = 2016
2025-05-19 15:53:01,842 [INFO] [READ] State of Capacity = 32.0
2025-05-19 15:53:01,928 [INFO] [READ] Battery Charge/Discharge Power = 2016
2025-05-19 15:53:06,997 [INFO] [READ] State of Capacity = 32.0
2025-05-19 15:53:07,063 [INFO] [READ] Battery Charge/Discharge Power = -768
2025-05-19 15:53:12,084 [INFO] [READ] State of Capacity = 32.0
2025-05-19 15:53:12,172 [INFO] [READ] Battery Charge/Discharge Power = 0
2025-05-19 15:53:17,836 [INFO] [READ] State of Capacity = 32.0
2025-05-19 15:53:17,932 [INFO] [READ] Battery Charge/Discharge Power = -1903
2025-05-19 15:53:23,618 [INFO] [READ] State of Capacity = 32.0
2025-05-19 15:53:23,690 [INFO] [READ] Battery Charge/Discharge Power = -1903
2025-05-19 15:53:29,085 [INFO] [READ] State of Capacity = 32.0
2025-05-19 15:53:29,162 [INFO] [READ] Battery Charge/Discharge Power = -1903
2025-05-19 15:53:34,817 [INFO] [READ] State of Capacity = 32.0
2025-05-19 15:53:34,960 [INFO] [READ] Battery Charge/Discharge Power = -1903
2025-05-19 15:53:40,571 [INFO] [READ] State of Capacity = 32.0
2025-05-19 15:53:40,809 [INFO] [READ] Battery Charge/Discharge Power = -1904
2025-05-19 15:53:46,333 [INFO] [READ] State of Capacity = 32.0
2025-05-19 15:53:46,420 [INFO] [READ] Battery Charge/Discharge Power = -1903
2025-05-19 15:53:52,093 [INFO] [READ] State of Capacity = 32.0
2025-05-19 15:53:52,161 [INFO] [READ] Battery Charge/Discharge Power = -1904
2025-05-19 15:53:57,854 [INFO] [READ] State of Capacity = 32.0
2025-05-19 15:53:57,922 [INFO] [READ] Battery Charge/Discharge Power = -1904
2025-05-19 15:54:03,612 [INFO] [READ] State of Capacity = 32.0
2025-05-19 15:54:03,682 [INFO] [READ] Battery Charge/Discharge Power = -1903
2025-05-19 15:54:09,435 [INFO] [READ] State of Capacity = 32.0
2025-05-19 15:54:09,612 [INFO] [READ] Battery Charge/Discharge Power = -1904
2025-05-19 15:54:15,176 [INFO] [READ] State of Capacity = 32.0
2025-05-19 15:54:15,252 [INFO] [READ] Battery Charge/Discharge Power = -1903
2025-05-19 15:54:21,219 [INFO] [READ] State of Capacity = 32.0
2025-05-19 15:54:21,313 [INFO] [READ] Battery Charge/Discharge Power = -1905
2025-05-19 15:54:27,156 [INFO] [READ] State of Capacity = 32.0
2025-05-19 15:54:27,229 [INFO] [READ] Battery Charge/Discharge Power = -1904
2025-05-19 15:54:32,401 [INFO] [READ] State of Capacity = 31.0
2025-05-19 15:54:32,478 [INFO] [READ] Battery Charge/Discharge Power = -1904
2025-05-19 15:54:38,151 [INFO] [READ] State of Capacity = 31.0
2025-05-19 15:54:38,230 [INFO] [READ] Battery Charge/Discharge Power = -1903
2025-05-19 15:54:43,956 [INFO] [READ] State of Capacity = 31.0
2025-05-19 15:54:44,015 [INFO] [READ] Battery Charge/Discharge Power = -1903
2025-05-19 15:54:49,669 [INFO] [READ] State of Capacity = 31.0
2025-05-19 15:54:49,749 [INFO] [READ] Battery Charge/Discharge Power = -1905
2025-05-19 15:54:55,403 [INFO] [READ] State of Capacity = 31.0
2025-05-19 15:54:55,472 [INFO] [READ] Battery Charge/Discharge Power = -1905
2025-05-19 15:54:56,714 [INFO] [SET] Discharge Period (min) = 0
2025-05-19 15:54:56,789 [INFO] [VALIDATED] Discharge Period (min) = 0
2025-05-19 15:54:56,860 [INFO] [SET] Charge Power = 0
2025-05-19 15:54:56,936 [INFO] [VALIDATED] Charge Power = 0
2025-05-19 15:54:57,012 [INFO] [SET] Discharge Power = 0
2025-05-19 15:54:57,090 [INFO] [VALIDATED] Discharge Power = 0
2025-05-19 15:54:57,411 [INFO] [SET] Stop Charge/Discharge = 0
2025-05-19 15:54:57,482 [INFO] [VALIDATED] Stop Charge/Discharge = Stop
2025-05-19 15:54:57,484 [INFO] [MONITOR] Monitoring stopped.
2025-05-19 15:54:57,640 [INFO] [SET] Target SoC for Charge = 100
2025-05-19 15:54:57,721 [INFO] [VALIDATED] Target SoC for Charge = 100.0
2025-05-19 15:54:57,792 [INFO] [SET] Charge Period = 2
2025-05-19 15:54:57,860 [INFO] [VALIDATED] Charge Period = 2
2025-05-19 15:54:57,932 [INFO] [SET] Charge Power = 2000
2025-05-19 15:54:57,996 [INFO] [VALIDATED] Charge Power = 2000
2025-05-19 15:54:58,072 [INFO] [SET] Trigger Charge = 1
2025-05-19 15:54:58,140 [INFO] [VALIDATED] Trigger Charge = Charge
2025-05-19 15:54:58,142 [INFO] [MONITOR] Monitoring started.
2025-05-19 15:54:58,515 [INFO] [READ] State of Capacity = 31.0
2025-05-19 15:54:58,592 [INFO] [READ] Battery Charge/Discharge Power = -1905
2025-05-19 15:55:03,615 [INFO] [READ] State of Capacity = 31.0
2025-05-19 15:55:03,692 [INFO] [READ] Battery Charge/Discharge Power = -1905
2025-05-19 15:55:08,717 [INFO] [READ] State of Capacity = 31.0
2025-05-19 15:55:08,792 [INFO] [READ] Battery Charge/Discharge Power = 1433
2025-05-19 15:55:13,817 [INFO] [READ] State of Capacity = 31.0
2025-05-19 15:55:13,881 [INFO] [READ] Battery Charge/Discharge Power = 141
2025-05-19 15:55:18,921 [INFO] [READ] State of Capacity = 31.0
2025-05-19 15:55:19,073 [INFO] [READ] Battery Charge/Discharge Power = 2016
2025-05-19 15:55:24,170 [INFO] [READ] State of Capacity = 31.0
2025-05-19 15:55:24,238 [INFO] [READ] Battery Charge/Discharge Power = 2016
2025-05-19 15:55:29,930 [INFO] [READ] State of Capacity = 31.0
2025-05-19 15:55:30,002 [INFO] [READ] Battery Charge/Discharge Power = 2016
2025-05-19 15:55:35,755 [INFO] [READ] State of Capacity = 31.0
2025-05-19 15:55:35,824 [INFO] [READ] Battery Charge/Discharge Power = 2016
2025-05-19 15:55:41,442 [INFO] [READ] State of Capacity = 31.0
2025-05-19 15:55:41,520 [INFO] [READ] Battery Charge/Discharge Power = 2015
2025-05-19 15:55:47,289 [INFO] [READ] State of Capacity = 31.0
2025-05-19 15:55:47,358 [INFO] [READ] Battery Charge/Discharge Power = 2015
2025-05-19 15:55:53,027 [INFO] [READ] State of Capacity = 31.0
2025-05-19 15:55:53,220 [INFO] [READ] Battery Charge/Discharge Power = 2016
2025-05-19 15:55:58,783 [INFO] [READ] State of Capacity = 32.0
2025-05-19 15:55:58,969 [INFO] [READ] Battery Charge/Discharge Power = 2016
2025-05-19 15:56:04,636 [INFO] [READ] State of Capacity = 32.0
2025-05-19 15:56:04,720 [INFO] [READ] Battery Charge/Discharge Power = 2015
2025-05-19 15:56:10,687 [INFO] [READ] State of Capacity = 32.0
2025-05-19 15:56:10,757 [INFO] [READ] Battery Charge/Discharge Power = 2015
2025-05-19 15:56:16,527 [INFO] [READ] State of Capacity = 32.0
2025-05-19 15:56:16,598 [INFO] [READ] Battery Charge/Discharge Power = 2014
2025-05-19 15:56:21,884 [INFO] [READ] State of Capacity = 32.0
2025-05-19 15:56:21,957 [INFO] [READ] Battery Charge/Discharge Power = 2015
2025-05-19 15:56:27,648 [INFO] [READ] State of Capacity = 32.0
2025-05-19 15:56:27,723 [INFO] [READ] Battery Charge/Discharge Power = 2014
2025-05-19 15:56:33,393 [INFO] [READ] State of Capacity = 32.0
2025-05-19 15:56:33,487 [INFO] [READ] Battery Charge/Discharge Power = 2016
2025-05-19 15:56:39,384 [INFO] [READ] State of Capacity = 32.0
2025-05-19 15:56:39,458 [INFO] [READ] Battery Charge/Discharge Power = 2016
2025-05-19 15:56:44,989 [INFO] [READ] State of Capacity = 32.0
2025-05-19 15:56:45,060 [INFO] [READ] Battery Charge/Discharge Power = 2016
2025-05-19 15:56:50,679 [INFO] [READ] State of Capacity = 32.0
2025-05-19 15:56:50,746 [INFO] [READ] Battery Charge/Discharge Power = 2016
2025-05-19 15:56:56,457 [INFO] [READ] State of Capacity = 32.0
2025-05-19 15:56:56,530 [INFO] [READ] Battery Charge/Discharge Power = 2016
2025-05-19 15:56:58,182 [INFO] [SET] Discharge Period (min) = 0
2025-05-19 15:56:58,251 [INFO] [VALIDATED] Discharge Period (min) = 0
2025-05-19 15:56:58,328 [INFO] [SET] Charge Power = 0
2025-05-19 15:56:58,397 [INFO] [VALIDATED] Charge Power = 0
2025-05-19 15:56:58,475 [INFO] [SET] Discharge Power = 0
2025-05-19 15:56:58,557 [INFO] [VALIDATED] Discharge Power = 0
2025-05-19 15:56:58,632 [INFO] [SET] Stop Charge/Discharge = 0
2025-05-19 15:56:58,705 [INFO] [VALIDATED] Stop Charge/Discharge = Stop
2025-05-19 15:56:58,708 [INFO] [MONITOR] Monitoring stopped.
2025-05-19 15:56:58,770 [INFO] [SET] Target SoC for Discharge = 0
2025-05-19 15:56:58,860 [INFO] [VALIDATED] Target SoC for Discharge = 0.0
2025-05-19 15:56:58,935 [INFO] [SET] Discharge Period = 2
2025-05-19 15:56:59,001 [INFO] [VALIDATED] Discharge Period = 2
2025-05-19 15:56:59,075 [INFO] [SET] Discharge Power = 2000
2025-05-19 15:56:59,163 [INFO] [VALIDATED] Discharge Power = 2000
2025-05-19 15:56:59,710 [INFO] [SET] Trigger Discharge = 2
2025-05-19 15:56:59,790 [INFO] [VALIDATED] Trigger Discharge = Discharge
2025-05-19 15:56:59,792 [INFO] [MONITOR] Monitoring started.
2025-05-19 15:56:59,860 [INFO] [READ] State of Capacity = 32.0
2025-05-19 15:56:59,955 [INFO] [READ] Battery Charge/Discharge Power = 2016
2025-05-19 15:57:04,981 [INFO] [READ] State of Capacity = 32.0
2025-05-19 15:57:05,051 [INFO] [READ] Battery Charge/Discharge Power = 0
2025-05-19 15:57:10,094 [INFO] [READ] State of Capacity = 32.0
2025-05-19 15:57:10,166 [INFO] [READ] Battery Charge/Discharge Power = -1658
2025-05-19 15:57:15,192 [INFO] [READ] State of Capacity = 32.0
2025-05-19 15:57:15,280 [INFO] [READ] Battery Charge/Discharge Power = -1904
2025-05-19 15:57:20,290 [INFO] [READ] State of Capacity = 32.0
2025-05-19 15:57:20,373 [INFO] [READ] Battery Charge/Discharge Power = -1904
2025-05-19 15:57:25,412 [INFO] [READ] State of Capacity = 32.0
2025-05-19 15:57:25,473 [INFO] [READ] Battery Charge/Discharge Power = -1904
2025-05-19 15:57:31,068 [INFO] [READ] State of Capacity = 32.0
2025-05-19 15:57:31,156 [INFO] [READ] Battery Charge/Discharge Power = -1904
2025-05-19 15:57:36,766 [INFO] [READ] State of Capacity = 32.0
2025-05-19 15:57:36,843 [INFO] [READ] Battery Charge/Discharge Power = -1905
2025-05-19 15:57:42,602 [INFO] [READ] State of Capacity = 32.0
2025-05-19 15:57:42,674 [INFO] [READ] Battery Charge/Discharge Power = -1904
2025-05-19 15:57:48,277 [INFO] [READ] State of Capacity = 32.0
2025-05-19 15:57:48,350 [INFO] [READ] Battery Charge/Discharge Power = -1905
2025-05-19 15:57:54,127 [INFO] [READ] State of Capacity = 32.0
2025-05-19 15:57:54,188 [INFO] [READ] Battery Charge/Discharge Power = -1904
2025-05-19 15:58:00,255 [INFO] [READ] State of Capacity = 32.0
2025-05-19 15:58:00,328 [INFO] [READ] Battery Charge/Discharge Power = -1904
2025-05-19 15:58:05,683 [INFO] [READ] State of Capacity = 32.0
2025-05-19 15:58:06,051 [INFO] [READ] Battery Charge/Discharge Power = -1904
2025-05-19 15:58:11,335 [INFO] [READ] State of Capacity = 32.0
2025-05-19 15:58:11,406 [INFO] [READ] Battery Charge/Discharge Power = -1905
2025-05-19 15:58:17,115 [INFO] [READ] State of Capacity = 32.0
2025-05-19 15:58:17,190 [INFO] [READ] Battery Charge/Discharge Power = -1905
2025-05-19 15:58:22,954 [INFO] [READ] State of Capacity = 31.0
2025-05-19 15:58:23,025 [INFO] [READ] Battery Charge/Discharge Power = -1904
2025-05-19 15:58:28,754 [INFO] [READ] State of Capacity = 31.0
2025-05-19 15:58:28,817 [INFO] [READ] Battery Charge/Discharge Power = -1904
2025-05-19 15:58:34,569 [INFO] [READ] State of Capacity = 31.0
2025-05-19 15:58:34,641 [INFO] [READ] Battery Charge/Discharge Power = -1904
2025-05-19 15:58:40,205 [INFO] [READ] State of Capacity = 31.0
2025-05-19 15:58:40,268 [INFO] [READ] Battery Charge/Discharge Power = -1904
2025-05-19 15:58:45,966 [INFO] [READ] State of Capacity = 31.0
2025-05-19 15:58:46,046 [INFO] [READ] Battery Charge/Discharge Power = -1903
2025-05-19 15:58:51,952 [INFO] [READ] State of Capacity = 31.0
2025-05-19 15:58:52,035 [INFO] [READ] Battery Charge/Discharge Power = -1905
2025-05-19 15:58:57,779 [INFO] [READ] State of Capacity = 31.0
2025-05-19 15:58:57,840 [INFO] [READ] Battery Charge/Discharge Power = -1905
2025-05-19 15:58:59,974 [INFO] [SET] Discharge Period (min) = 0
2025-05-19 15:59:00,049 [INFO] [VALIDATED] Discharge Period (min) = 0
2025-05-19 15:59:00,119 [INFO] [SET] Charge Power = 0
2025-05-19 15:59:00,189 [INFO] [VALIDATED] Charge Power = 0
2025-05-19 15:59:00,273 [INFO] [SET] Discharge Power = 0
2025-05-19 15:59:00,462 [INFO] [VALIDATED] Discharge Power = 0
2025-05-19 15:59:00,538 [INFO] [SET] Stop Charge/Discharge = 0
2025-05-19 15:59:00,614 [INFO] [VALIDATED] Stop Charge/Discharge = Stop
2025-05-19 15:59:00,616 [INFO] [MONITOR] Monitoring stopped.
2025-05-19 15:59:00,710 [INFO] [SET] Target SoC for Charge = 100
2025-05-19 15:59:00,773 [INFO] [VALIDATED] Target SoC for Charge = 100.0
2025-05-19 15:59:00,840 [INFO] [SET] Charge Period = 2
2025-05-19 15:59:00,916 [INFO] [VALIDATED] Charge Period = 2
2025-05-19 15:59:00,979 [INFO] [SET] Charge Power = 2000
2025-05-19 15:59:01,368 [INFO] [VALIDATED] Charge Power = 2000
2025-05-19 15:59:01,449 [INFO] [SET] Trigger Charge = 1
2025-05-19 15:59:01,565 [INFO] [VALIDATED] Trigger Charge = Charge
2025-05-19 15:59:01,566 [INFO] [MONITOR] Monitoring started.
2025-05-19 15:59:01,656 [INFO] [READ] State of Capacity = 31.0
2025-05-19 15:59:01,721 [INFO] [READ] Battery Charge/Discharge Power = -1905
2025-05-19 15:59:06,798 [INFO] [READ] State of Capacity = 31.0
2025-05-19 15:59:06,874 [INFO] [READ] Battery Charge/Discharge Power = -1904
2025-05-19 15:59:11,919 [INFO] [READ] State of Capacity = 31.0
2025-05-19 15:59:11,983 [INFO] [READ] Battery Charge/Discharge Power = -1901
2025-05-19 15:59:17,009 [INFO] [READ] State of Capacity = 31.0
2025-05-19 15:59:17,084 [INFO] [READ] Battery Charge/Discharge Power = 2014
2025-05-19 15:59:22,135 [INFO] [READ] State of Capacity = 31.0
2025-05-19 15:59:22,200 [INFO] [READ] Battery Charge/Discharge Power = 2014
2025-05-19 15:59:27,504 [INFO] [READ] State of Capacity = 31.0
2025-05-19 15:59:27,587 [INFO] [READ] Battery Charge/Discharge Power = 2015
2025-05-19 15:59:32,651 [INFO] [READ] State of Capacity = 31.0
2025-05-19 15:59:32,721 [INFO] [READ] Battery Charge/Discharge Power = 2013
2025-05-19 15:59:37,810 [INFO] [READ] State of Capacity = 31.0
2025-05-19 15:59:37,880 [INFO] [READ] Battery Charge/Discharge Power = 2014
2025-05-19 15:59:43,534 [INFO] [READ] State of Capacity = 31.0
2025-05-19 15:59:43,611 [INFO] [READ] Battery Charge/Discharge Power = 2013
2025-05-19 15:59:49,365 [INFO] [READ] State of Capacity = 31.0
2025-05-19 15:59:49,433 [INFO] [READ] Battery Charge/Discharge Power = 2012
2025-05-19 15:59:55,045 [INFO] [READ] State of Capacity = 31.0
2025-05-19 15:59:55,398 [INFO] [READ] Battery Charge/Discharge Power = 2014
2025-05-19 16:00:00,810 [INFO] [READ] State of Capacity = 31.0
2025-05-19 16:00:00,874 [INFO] [READ] Battery Charge/Discharge Power = 2013
2025-05-19 16:00:06,570 [INFO] [READ] State of Capacity = 31.0
2025-05-19 16:00:06,644 [INFO] [READ] Battery Charge/Discharge Power = 2012
2025-05-19 16:00:12,319 [INFO] [READ] State of Capacity = 32.0
2025-05-19 16:00:12,393 [INFO] [READ] Battery Charge/Discharge Power = 2012
2025-05-19 16:00:18,164 [INFO] [READ] State of Capacity = 32.0
2025-05-19 16:00:18,235 [INFO] [READ] Battery Charge/Discharge Power = 2014
2025-05-19 16:00:23,927 [INFO] [READ] State of Capacity = 32.0
2025-05-19 16:00:24,014 [INFO] [READ] Battery Charge/Discharge Power = 2012
2025-05-19 16:00:29,688 [INFO] [READ] State of Capacity = 32.0
2025-05-19 16:00:29,761 [INFO] [READ] Battery Charge/Discharge Power = 2013
2025-05-19 16:00:35,454 [INFO] [READ] State of Capacity = 32.0
2025-05-19 16:00:35,525 [INFO] [READ] Battery Charge/Discharge Power = 2013
2025-05-19 16:00:41,284 [INFO] [READ] State of Capacity = 32.0
2025-05-19 16:00:41,361 [INFO] [READ] Battery Charge/Discharge Power = 2014
2025-05-19 16:00:46,965 [INFO] [READ] State of Capacity = 32.0
2025-05-19 16:00:47,341 [INFO] [READ] Battery Charge/Discharge Power = 2013
2025-05-19 16:00:52,704 [INFO] [READ] State of Capacity = 32.0
2025-05-19 16:00:52,767 [INFO] [READ] Battery Charge/Discharge Power = 2014
2025-05-19 16:00:58,499 [INFO] [READ] State of Capacity = 32.0
2025-05-19 16:00:58,577 [INFO] [READ] Battery Charge/Discharge Power = 2013
2025-05-19 16:01:01,632 [INFO] [SET] Discharge Period (min) = 0
2025-05-19 16:01:01,703 [INFO] [VALIDATED] Discharge Period (min) = 0
2025-05-19 16:01:01,843 [INFO] [SET] Charge Power = 0
2025-05-19 16:01:01,913 [INFO] [VALIDATED] Charge Power = 0
2025-05-19 16:01:01,993 [INFO] [SET] Discharge Power = 0
2025-05-19 16:01:02,168 [INFO] [VALIDATED] Discharge Power = 0
2025-05-19 16:01:02,238 [INFO] [SET] Stop Charge/Discharge = 0
2025-05-19 16:01:02,304 [INFO] [VALIDATED] Stop Charge/Discharge = Stop
2025-05-19 16:01:02,306 [INFO] [MONITOR] Monitoring stopped.
2025-05-19 16:01:02,372 [INFO] [SET] Target SoC for Discharge = 0
2025-05-19 16:01:02,449 [INFO] [VALIDATED] Target SoC for Discharge = 0.0
2025-05-19 16:01:02,842 [INFO] [SET] Discharge Period = 2
2025-05-19 16:01:02,912 [INFO] [VALIDATED] Discharge Period = 2
2025-05-19 16:01:02,986 [INFO] [SET] Discharge Power = 2000
2025-05-19 16:01:03,067 [INFO] [VALIDATED] Discharge Power = 2000
2025-05-19 16:01:03,136 [INFO] [SET] Trigger Discharge = 2
2025-05-19 16:01:03,231 [INFO] [VALIDATED] Trigger Discharge = Discharge
2025-05-19 16:01:03,233 [INFO] [MONITOR] Monitoring started.
2025-05-19 16:01:03,454 [INFO] [READ] State of Capacity = 32.0
2025-05-19 16:01:04,274 [INFO] [READ] Battery Charge/Discharge Power = 2013
2025-05-19 16:01:10,070 [INFO] [READ] State of Capacity = 32.0
2025-05-19 16:01:10,143 [INFO] [READ] Battery Charge/Discharge Power = 0
2025-05-19 16:01:15,827 [INFO] [READ] State of Capacity = 32.0
2025-05-19 16:01:15,904 [INFO] [READ] Battery Charge/Discharge Power = -110
2025-05-19 16:01:21,764 [INFO] [READ] State of Capacity = 32.0
2025-05-19 16:01:21,831 [INFO] [READ] Battery Charge/Discharge Power = -1905
2025-05-19 16:01:27,530 [INFO] [READ] State of Capacity = 32.0
2025-05-19 16:01:27,600 [INFO] [READ] Battery Charge/Discharge Power = -1906
2025-05-19 16:01:33,259 [INFO] [READ] State of Capacity = 32.0
2025-05-19 16:01:33,329 [INFO] [READ] Battery Charge/Discharge Power = -1905
2025-05-19 16:01:38,888 [INFO] [READ] State of Capacity = 32.0
2025-05-19 16:01:39,290 [INFO] [READ] Battery Charge/Discharge Power = -1904
2025-05-19 16:01:44,637 [INFO] [READ] State of Capacity = 32.0
2025-05-19 16:01:44,707 [INFO] [READ] Battery Charge/Discharge Power = -1906
2025-05-19 16:01:50,385 [INFO] [READ] State of Capacity = 32.0
2025-05-19 16:01:50,460 [INFO] [READ] Battery Charge/Discharge Power = -1905
2025-05-19 16:01:56,195 [INFO] [READ] State of Capacity = 32.0
2025-05-19 16:01:56,310 [INFO] [READ] Battery Charge/Discharge Power = -1905
2025-05-19 16:02:01,886 [INFO] [READ] State of Capacity = 32.0
2025-05-19 16:02:01,976 [INFO] [READ] Battery Charge/Discharge Power = -1905
2025-05-19 16:02:07,649 [INFO] [READ] State of Capacity = 32.0
2025-05-19 16:02:07,778 [INFO] [READ] Battery Charge/Discharge Power = -1906
2025-05-19 16:02:13,471 [INFO] [READ] State of Capacity = 31.0
2025-05-19 16:02:13,543 [INFO] [READ] Battery Charge/Discharge Power = -1906
2025-05-19 16:02:19,149 [INFO] [READ] State of Capacity = 31.0
2025-05-19 16:02:19,219 [INFO] [READ] Battery Charge/Discharge Power = -1905
2025-05-19 16:02:25,058 [INFO] [READ] State of Capacity = 31.0
2025-05-19 16:02:25,134 [INFO] [READ] Battery Charge/Discharge Power = -1906
2025-05-19 16:02:30,953 [INFO] [READ] State of Capacity = 31.0
2025-05-19 16:02:31,023 [INFO] [READ] Battery Charge/Discharge Power = -1906
2025-05-19 16:02:36,397 [INFO] [READ] State of Capacity = 31.0
2025-05-19 16:02:36,943 [INFO] [READ] Battery Charge/Discharge Power = -1907
2025-05-19 16:02:42,169 [INFO] [READ] State of Capacity = 31.0
2025-05-19 16:02:42,368 [INFO] [READ] Battery Charge/Discharge Power = -1906
2025-05-19 16:02:48,018 [INFO] [READ] State of Capacity = 31.0
2025-05-19 16:02:48,329 [INFO] [READ] Battery Charge/Discharge Power = -1906
2025-05-19 16:02:53,678 [INFO] [READ] State of Capacity = 31.0
2025-05-19 16:02:53,751 [INFO] [READ] Battery Charge/Discharge Power = -1906
2025-05-19 16:02:59,434 [INFO] [READ] State of Capacity = 31.0
2025-05-19 16:02:59,505 [INFO] [READ] Battery Charge/Discharge Power = -1906
2025-05-19 16:03:03,266 [INFO] [SET] Discharge Period (min) = 0
2025-05-19 16:03:03,352 [INFO] [VALIDATED] Discharge Period (min) = 0
2025-05-19 16:03:03,418 [INFO] [SET] Charge Power = 0
2025-05-19 16:03:03,481 [INFO] [VALIDATED] Charge Power = 0
2025-05-19 16:03:03,545 [INFO] [SET] Discharge Power = 0
2025-05-19 16:03:03,968 [INFO] [VALIDATED] Discharge Power = 0
2025-05-19 16:03:04,048 [INFO] [SET] Stop Charge/Discharge = 0
2025-05-19 16:03:04,131 [INFO] [VALIDATED] Stop Charge/Discharge = Stop
2025-05-19 16:03:04,163 [INFO] [MONITOR] Monitoring stopped.
2025-05-19 16:03:04,165 [INFO] Bridge stopped successfully.
2025-05-28 12:37:53,146 [INFO] Waiting for connection
2025-05-28 12:37:54,627 [ERROR] Modbus client is not connected to the inverter
NoneType: None
2025-05-28 12:37:54,635 [INFO] Backing off _do_read(...) for 1.0s (huawei_solar.exceptions.ConnectionInterruptedException: Modbus client is not connected to the inverter)
2025-05-28 12:37:55,650 [ERROR] Modbus client is not connected to the inverter
NoneType: None
2025-05-28 12:37:55,653 [INFO] Backing off _do_read(...) for 2.0s (huawei_solar.exceptions.ConnectionInterruptedException: Modbus client is not connected to the inverter)
2025-05-28 12:37:57,667 [ERROR] Modbus client is not connected to the inverter
NoneType: None
2025-05-28 12:37:57,668 [INFO] Backing off _do_read(...) for 4.0s (huawei_solar.exceptions.ConnectionInterruptedException: Modbus client is not connected to the inverter)
2025-05-28 12:38:01,692 [ERROR] Modbus client is not connected to the inverter
NoneType: None
2025-05-28 12:38:01,694 [INFO] Backing off _do_read(...) for 8.0s (huawei_solar.exceptions.ConnectionInterruptedException: Modbus client is not connected to the inverter)
2025-05-28 12:38:09,704 [ERROR] Modbus client is not connected to the inverter
NoneType: None
2025-05-28 12:38:09,704 [INFO] Backing off _do_read(...) for 16.0s (huawei_solar.exceptions.ConnectionInterruptedException: Modbus client is not connected to the inverter)
2025-05-28 12:38:25,709 [ERROR] Modbus client is not connected to the inverter
NoneType: None
2025-05-28 12:38:25,711 [ERROR] Giving up _do_read(...) after 6 tries (huawei_solar.exceptions.ConnectionInterruptedException: Modbus client is not connected to the inverter)
2025-05-28 12:38:25,782 [ERROR] Connection or login failed: Failed to read register 30000 after 6 tries
2025-05-28 12:49:35,704 [INFO] Waiting for connection
2025-05-28 12:50:16,111 [ERROR] No response received after 3 retries, continue with next request
2025-05-28 12:50:16,113 [ERROR] RTU connection failed: Modbus Error: [Input/Output] No response received after 3 retries, continue with next request
2025-05-28 12:50:16,162 [ERROR] Task exception was never retrieved
future: <Task finished name='SerialTransport poll' coro=<SerialTransport.polling_task() done, defined at C:\Users\Andraž\Desktop\huawei_sun2000_control\.venv\Lib\site-packages\pymodbus\transport\serialtransport.py:155> exception=InvalidStateError('invalid state')>
Traceback (most recent call last):
  File "C:\Users\Andraž\Desktop\huawei_sun2000_control\.venv\Lib\site-packages\pymodbus\transport\serialtransport.py", line 162, in polling_task
    self.intern_read_ready()
  File "C:\Users\Andraž\Desktop\huawei_sun2000_control\.venv\Lib\site-packages\pymodbus\transport\serialtransport.py", line 134, in intern_read_ready
    self.intern_protocol.data_received(data)  # type: ignore[attr-defined]
    ^^^^^^^^^^^^^^^^^^^^^^^^^^^^^^^^^^^^^^^^
  File "C:\Users\Andraž\Desktop\huawei_sun2000_control\.venv\Lib\site-packages\pymodbus\transport\transport.py", line 304, in data_received
    self.datagram_received(data, None)
  File "C:\Users\Andraž\Desktop\huawei_sun2000_control\.venv\Lib\site-packages\pymodbus\transport\transport.py", line 338, in datagram_received
    cut = self.callback_data(self.recv_buffer, addr=addr)
          ^^^^^^^^^^^^^^^^^^^^^^^^^^^^^^^^^^^^^^^^^^^^^^^
  File "C:\Users\Andraž\Desktop\huawei_sun2000_control\.venv\Lib\site-packages\pymodbus\transaction\transaction.py", line 183, in callback_data
    self.response_future.set_result(pdu)
asyncio.exceptions.InvalidStateError: invalid state
2025-05-29 12:38:15,458 [INFO] Waiting for connection
2025-05-29 12:38:16,844 [ERROR] Modbus client is not connected to the inverter
NoneType: None
2025-05-29 12:38:16,846 [INFO] Backing off _do_read(...) for 1.0s (huawei_solar.exceptions.ConnectionInterruptedException: Modbus client is not connected to the inverter)
2025-05-29 12:38:17,854 [ERROR] Modbus client is not connected to the inverter
NoneType: None
2025-05-29 12:38:17,856 [INFO] Backing off _do_read(...) for 2.0s (huawei_solar.exceptions.ConnectionInterruptedException: Modbus client is not connected to the inverter)
2025-05-29 12:38:19,864 [ERROR] Modbus client is not connected to the inverter
NoneType: None
2025-05-29 12:38:19,865 [INFO] Backing off _do_read(...) for 4.0s (huawei_solar.exceptions.ConnectionInterruptedException: Modbus client is not connected to the inverter)
2025-05-29 12:38:23,875 [ERROR] Modbus client is not connected to the inverter
NoneType: None
2025-05-29 12:38:23,876 [INFO] Backing off _do_read(...) for 8.0s (huawei_solar.exceptions.ConnectionInterruptedException: Modbus client is not connected to the inverter)
2025-05-29 12:38:31,880 [ERROR] Modbus client is not connected to the inverter
NoneType: None
2025-05-29 12:38:31,882 [INFO] Backing off _do_read(...) for 16.0s (huawei_solar.exceptions.ConnectionInterruptedException: Modbus client is not connected to the inverter)
2025-05-29 12:38:47,890 [ERROR] Modbus client is not connected to the inverter
NoneType: None
2025-05-29 12:38:47,891 [ERROR] Giving up _do_read(...) after 6 tries (huawei_solar.exceptions.ConnectionInterruptedException: Modbus client is not connected to the inverter)
2025-05-29 12:38:47,908 [ERROR] Connection or login failed: Failed to read register 30000 after 6 tries
2025-05-29 15:24:32,104 [INFO] Waiting for connection
2025-05-29 15:24:36,081 [INFO] Logged in as installer.
2025-05-29 15:24:36,083 [INFO] Waiting 5 seconds for inverter to stabilize...
2025-05-29 15:24:41,111 [INFO] [SET] Target SoC for Charge = 100
2025-05-29 15:24:41,186 [INFO] [VALIDATED] Target SoC for Charge = 100.0
2025-05-29 15:24:41,260 [INFO] [SET] Charge Period = 2
2025-05-29 15:24:42,939 [INFO] [VALIDATED] Charge Period = 2
2025-05-29 15:24:43,103 [INFO] [SET] Charge Power = 500
2025-05-29 15:24:43,173 [INFO] [VALIDATED] Charge Power = 500
2025-05-29 15:24:43,245 [INFO] [SET] Trigger Charge = 1
2025-05-29 15:24:43,320 [INFO] [VALIDATED] Trigger Charge = Charge
2025-05-29 15:24:43,322 [INFO] [MONITOR] Monitoring started.
2025-05-29 15:24:43,394 [INFO] [READ] State of Capacity = 38.0
2025-05-29 15:24:43,458 [INFO] [READ] Battery Charge/Discharge Power = -19
2025-05-29 15:24:48,473 [INFO] [READ] State of Capacity = 38.0
2025-05-29 15:24:48,567 [INFO] [READ] Battery Charge/Discharge Power = -19
2025-05-29 15:24:53,607 [INFO] [READ] State of Capacity = 38.0
2025-05-29 15:24:53,678 [INFO] [READ] Battery Charge/Discharge Power = -19
2025-05-29 15:24:58,707 [INFO] [READ] State of Capacity = 38.0
2025-05-29 15:24:58,786 [INFO] [READ] Battery Charge/Discharge Power = 498
2025-05-29 15:25:03,828 [INFO] [READ] State of Capacity = 38.0
2025-05-29 15:25:03,889 [INFO] [READ] Battery Charge/Discharge Power = 498
2025-05-29 15:25:08,910 [INFO] [READ] State of Capacity = 38.0
2025-05-29 15:25:08,978 [INFO] [READ] Battery Charge/Discharge Power = 499
2025-05-29 15:25:14,116 [INFO] [READ] State of Capacity = 38.0
2025-05-29 15:25:14,191 [INFO] [READ] Battery Charge/Discharge Power = 499
2025-05-29 15:25:19,240 [INFO] [READ] State of Capacity = 38.0
2025-05-29 15:25:19,318 [INFO] [READ] Battery Charge/Discharge Power = 498
2025-05-29 15:25:24,410 [INFO] [READ] State of Capacity = 38.0
2025-05-29 15:25:24,485 [INFO] [READ] Battery Charge/Discharge Power = 499
2025-05-29 15:25:29,540 [INFO] [READ] State of Capacity = 38.0
2025-05-29 15:25:29,611 [INFO] [READ] Battery Charge/Discharge Power = 500
2025-05-29 15:25:34,716 [INFO] [READ] State of Capacity = 38.0
2025-05-29 15:25:34,781 [INFO] [READ] Battery Charge/Discharge Power = 500
2025-05-29 15:25:39,831 [INFO] [READ] State of Capacity = 38.0
2025-05-29 15:25:39,906 [INFO] [READ] Battery Charge/Discharge Power = 499
2025-05-29 15:25:44,941 [INFO] [READ] State of Capacity = 38.0
2025-05-29 15:25:45,012 [INFO] [READ] Battery Charge/Discharge Power = 500
2025-05-29 15:25:50,139 [INFO] [READ] State of Capacity = 38.0
2025-05-29 15:25:50,212 [INFO] [READ] Battery Charge/Discharge Power = 499
2025-05-29 15:25:55,332 [INFO] [READ] State of Capacity = 38.0
2025-05-29 15:25:55,402 [INFO] [READ] Battery Charge/Discharge Power = 500
2025-05-29 15:26:00,458 [INFO] [READ] State of Capacity = 38.0
2025-05-29 15:26:00,523 [INFO] [READ] Battery Charge/Discharge Power = 500
2025-05-29 15:26:05,724 [INFO] [READ] State of Capacity = 38.0
2025-05-29 15:26:05,793 [INFO] [READ] Battery Charge/Discharge Power = 500
2025-05-29 15:26:10,814 [INFO] [READ] State of Capacity = 38.0
2025-05-29 15:26:10,877 [INFO] [READ] Battery Charge/Discharge Power = 501
2025-05-29 15:26:15,983 [INFO] [READ] State of Capacity = 38.0
2025-05-29 15:26:16,059 [INFO] [READ] Battery Charge/Discharge Power = 499
2025-05-29 15:26:21,268 [INFO] [READ] State of Capacity = 38.0
2025-05-29 15:26:21,353 [INFO] [READ] Battery Charge/Discharge Power = 500
2025-05-29 15:26:26,382 [INFO] [READ] State of Capacity = 38.0
2025-05-29 15:26:26,449 [INFO] [READ] Battery Charge/Discharge Power = 499
2025-05-29 15:26:31,658 [INFO] [READ] State of Capacity = 38.0
2025-05-29 15:26:31,730 [INFO] [READ] Battery Charge/Discharge Power = 500
2025-05-29 15:26:36,811 [INFO] [READ] State of Capacity = 38.0
2025-05-29 15:26:36,998 [INFO] [READ] Battery Charge/Discharge Power = 499
2025-05-29 15:26:42,031 [INFO] [READ] State of Capacity = 38.0
2025-05-29 15:26:42,109 [INFO] [READ] Battery Charge/Discharge Power = 499
2025-05-29 15:26:43,696 [INFO] [SET] Discharge Period (min) = 0
2025-05-29 15:26:43,905 [INFO] [VALIDATED] Discharge Period (min) = 0
2025-05-29 15:26:44,030 [INFO] [SET] Charge Power = 0
2025-05-29 15:26:44,108 [INFO] [VALIDATED] Charge Power = 0
2025-05-29 15:26:44,176 [INFO] [SET] Discharge Power = 0
2025-05-29 15:26:44,258 [INFO] [VALIDATED] Discharge Power = 0
2025-05-29 15:26:44,332 [INFO] [SET] Stop Charge/Discharge = 0
2025-05-29 15:26:44,414 [INFO] [VALIDATED] Stop Charge/Discharge = Stop
2025-05-29 15:26:44,415 [INFO] [MONITOR] Monitoring stopped.
2025-05-29 15:26:44,489 [INFO] [SET] Target SoC for Discharge = 0
2025-05-29 15:26:44,560 [INFO] [VALIDATED] Target SoC for Discharge = 0.0
2025-05-29 15:26:44,644 [INFO] [SET] Discharge Period = 2
2025-05-29 15:26:44,714 [INFO] [VALIDATED] Discharge Period = 2
2025-05-29 15:26:44,791 [INFO] [SET] Discharge Power = 500
2025-05-29 15:26:44,870 [INFO] [VALIDATED] Discharge Power = 500
2025-05-29 15:26:44,945 [INFO] [SET] Trigger Discharge = 2
2025-05-29 15:26:45,021 [INFO] [VALIDATED] Trigger Discharge = Discharge
2025-05-29 15:26:45,022 [INFO] [MONITOR] Monitoring started.
2025-05-29 15:26:45,094 [INFO] [READ] State of Capacity = 38.0
2025-05-29 15:26:45,521 [INFO] [READ] Battery Charge/Discharge Power = 500
2025-05-29 15:26:50,856 [INFO] [READ] State of Capacity = 38.0
2025-05-29 15:26:50,920 [INFO] [READ] Battery Charge/Discharge Power = 500
2025-05-29 15:26:56,016 [INFO] [READ] State of Capacity = 38.0
2025-05-29 15:26:56,085 [INFO] [READ] Battery Charge/Discharge Power = 0
2025-05-29 15:27:01,289 [INFO] [READ] State of Capacity = 38.0
2025-05-29 15:27:01,358 [INFO] [READ] Battery Charge/Discharge Power = -455
2025-05-29 15:27:06,471 [INFO] [READ] State of Capacity = 38.0
2025-05-29 15:27:06,547 [INFO] [READ] Battery Charge/Discharge Power = -455
2025-05-29 15:27:11,581 [INFO] [READ] State of Capacity = 38.0
2025-05-29 15:27:11,653 [INFO] [READ] Battery Charge/Discharge Power = -455
2025-05-29 15:27:16,848 [INFO] [READ] State of Capacity = 38.0
2025-05-29 15:27:16,919 [INFO] [READ] Battery Charge/Discharge Power = -456
2025-05-29 15:27:22,023 [INFO] [READ] State of Capacity = 38.0
2025-05-29 15:27:22,095 [INFO] [READ] Battery Charge/Discharge Power = -456
2025-05-29 15:27:27,114 [INFO] [READ] State of Capacity = 38.0
2025-05-29 15:27:27,177 [INFO] [READ] Battery Charge/Discharge Power = -456
2025-05-29 15:27:32,260 [INFO] [READ] State of Capacity = 38.0
2025-05-29 15:27:32,333 [INFO] [READ] Battery Charge/Discharge Power = -456
2025-05-29 15:27:37,550 [INFO] [READ] State of Capacity = 38.0
2025-05-29 15:27:37,633 [INFO] [READ] Battery Charge/Discharge Power = -456
2025-05-29 15:27:42,750 [INFO] [READ] State of Capacity = 38.0
2025-05-29 15:27:42,814 [INFO] [READ] Battery Charge/Discharge Power = -456
2025-05-29 15:27:47,857 [INFO] [READ] State of Capacity = 38.0
2025-05-29 15:27:48,067 [INFO] [READ] Battery Charge/Discharge Power = -456
2025-05-29 15:27:53,241 [INFO] [READ] State of Capacity = 38.0
2025-05-29 15:27:53,310 [INFO] [READ] Battery Charge/Discharge Power = -455
2025-05-29 15:27:58,347 [INFO] [READ] State of Capacity = 38.0
2025-05-29 15:27:58,421 [INFO] [READ] Battery Charge/Discharge Power = -456
2025-05-29 15:28:03,442 [INFO] [READ] State of Capacity = 38.0
2025-05-29 15:28:03,510 [INFO] [READ] Battery Charge/Discharge Power = -455
2025-05-29 15:28:08,527 [INFO] [READ] State of Capacity = 38.0
2025-05-29 15:28:08,602 [INFO] [READ] Battery Charge/Discharge Power = -455
2025-05-29 15:28:13,790 [INFO] [READ] State of Capacity = 38.0
2025-05-29 15:28:13,855 [INFO] [READ] Battery Charge/Discharge Power = -454
2025-05-29 15:28:18,897 [INFO] [READ] State of Capacity = 38.0
2025-05-29 15:28:18,967 [INFO] [READ] Battery Charge/Discharge Power = -454
2025-05-29 15:28:24,081 [INFO] [READ] State of Capacity = 38.0
2025-05-29 15:28:24,152 [INFO] [READ] Battery Charge/Discharge Power = -455
2025-05-29 15:28:29,202 [INFO] [READ] State of Capacity = 38.0
2025-05-29 15:28:29,268 [INFO] [READ] Battery Charge/Discharge Power = -456
2025-05-29 15:28:34,458 [INFO] [READ] State of Capacity = 38.0
2025-05-29 15:28:34,531 [INFO] [READ] Battery Charge/Discharge Power = -456
2025-05-29 15:28:39,678 [INFO] [READ] State of Capacity = 38.0
2025-05-29 15:28:39,742 [INFO] [READ] Battery Charge/Discharge Power = -455
2025-05-29 15:28:44,754 [INFO] [READ] State of Capacity = 38.0
2025-05-29 15:28:44,822 [INFO] [READ] Battery Charge/Discharge Power = -457
2025-05-29 15:28:45,099 [INFO] [SET] Discharge Period (min) = 0
2025-05-29 15:28:45,165 [INFO] [VALIDATED] Discharge Period (min) = 0
2025-05-29 15:28:45,273 [INFO] [SET] Charge Power = 0
2025-05-29 15:28:45,392 [INFO] [VALIDATED] Charge Power = 0
2025-05-29 15:28:45,464 [INFO] [SET] Discharge Power = 0
2025-05-29 15:28:45,532 [INFO] [VALIDATED] Discharge Power = 0
2025-05-29 15:28:45,605 [INFO] [SET] Stop Charge/Discharge = 0
2025-05-29 15:28:45,669 [INFO] [VALIDATED] Stop Charge/Discharge = Stop
2025-05-29 15:28:45,671 [INFO] [MONITOR] Monitoring stopped.
2025-05-29 15:28:45,729 [INFO] [SET] Target SoC for Charge = 100
2025-05-29 15:28:45,795 [INFO] [VALIDATED] Target SoC for Charge = 100.0
2025-05-29 15:28:45,882 [INFO] [SET] Charge Period = 2
2025-05-29 15:28:45,950 [INFO] [VALIDATED] Charge Period = 2
2025-05-29 15:28:46,103 [INFO] [SET] Charge Power = 500
2025-05-29 15:28:46,169 [INFO] [VALIDATED] Charge Power = 500
2025-05-29 15:28:46,566 [INFO] [SET] Trigger Charge = 1
2025-05-29 15:28:46,643 [INFO] [VALIDATED] Trigger Charge = Charge
2025-05-29 15:28:46,644 [INFO] [MONITOR] Monitoring started.
2025-05-29 15:28:46,738 [INFO] [READ] State of Capacity = 38.0
2025-05-29 15:28:46,934 [INFO] [READ] Battery Charge/Discharge Power = -456
2025-05-29 15:28:51,979 [INFO] [READ] State of Capacity = 38.0
2025-05-29 15:28:52,042 [INFO] [READ] Battery Charge/Discharge Power = -457
2025-05-29 15:28:57,064 [INFO] [READ] State of Capacity = 38.0
2025-05-29 15:28:57,134 [INFO] [READ] Battery Charge/Discharge Power = -457
2025-05-29 15:29:02,149 [INFO] [READ] State of Capacity = 38.0
2025-05-29 15:29:02,214 [INFO] [READ] Battery Charge/Discharge Power = 498
2025-05-29 15:29:07,359 [INFO] [READ] State of Capacity = 38.0
2025-05-29 15:29:07,426 [INFO] [READ] Battery Charge/Discharge Power = 498
2025-05-29 15:29:12,509 [INFO] [READ] State of Capacity = 38.0
2025-05-29 15:29:12,574 [INFO] [READ] Battery Charge/Discharge Power = 498
2025-05-29 15:29:17,672 [INFO] [READ] State of Capacity = 38.0
2025-05-29 15:29:17,738 [INFO] [READ] Battery Charge/Discharge Power = 499
2025-05-29 15:29:22,775 [INFO] [READ] State of Capacity = 38.0
2025-05-29 15:29:22,840 [INFO] [READ] Battery Charge/Discharge Power = 498
2025-05-29 15:29:27,962 [INFO] [READ] State of Capacity = 38.0
2025-05-29 15:29:28,027 [INFO] [READ] Battery Charge/Discharge Power = 498
2025-05-29 15:29:33,055 [INFO] [READ] State of Capacity = 38.0
2025-05-29 15:29:33,128 [INFO] [READ] Battery Charge/Discharge Power = 497
2025-05-29 15:29:38,257 [INFO] [READ] State of Capacity = 38.0
2025-05-29 15:29:38,330 [INFO] [READ] Battery Charge/Discharge Power = 496
2025-05-29 15:29:43,496 [INFO] [READ] State of Capacity = 38.0
2025-05-29 15:29:43,568 [INFO] [READ] Battery Charge/Discharge Power = 496
2025-05-29 15:29:48,642 [INFO] [READ] State of Capacity = 38.0
2025-05-29 15:29:48,704 [INFO] [READ] Battery Charge/Discharge Power = 496
2025-05-29 15:29:53,739 [INFO] [READ] State of Capacity = 38.0
2025-05-29 15:29:53,798 [INFO] [READ] Battery Charge/Discharge Power = 497
2025-05-29 15:29:58,988 [INFO] [READ] State of Capacity = 38.0
2025-05-29 15:29:59,049 [INFO] [READ] Battery Charge/Discharge Power = 497
2025-05-29 15:30:04,164 [INFO] [READ] State of Capacity = 38.0
2025-05-29 15:30:04,238 [INFO] [READ] Battery Charge/Discharge Power = 498
2025-05-29 15:30:09,464 [INFO] [READ] State of Capacity = 38.0
2025-05-29 15:30:09,548 [INFO] [READ] Battery Charge/Discharge Power = 497
2025-05-29 15:30:14,576 [INFO] [READ] State of Capacity = 38.0
2025-05-29 15:30:14,774 [INFO] [READ] Battery Charge/Discharge Power = 498
2025-05-29 15:30:19,821 [INFO] [READ] State of Capacity = 38.0
2025-05-29 15:30:20,086 [INFO] [READ] Battery Charge/Discharge Power = 497
2025-05-29 15:30:25,116 [INFO] [READ] State of Capacity = 38.0
2025-05-29 15:30:25,198 [INFO] [READ] Battery Charge/Discharge Power = 498
2025-05-29 15:30:30,241 [INFO] [READ] State of Capacity = 38.0
2025-05-29 15:30:30,321 [INFO] [READ] Battery Charge/Discharge Power = 498
2025-05-29 15:30:35,367 [INFO] [READ] State of Capacity = 38.0
2025-05-29 15:30:35,501 [INFO] [READ] Battery Charge/Discharge Power = 498
2025-05-29 15:30:40,536 [INFO] [READ] State of Capacity = 38.0
2025-05-29 15:30:40,601 [INFO] [READ] Battery Charge/Discharge Power = 497
2025-05-29 15:30:45,621 [INFO] [READ] State of Capacity = 38.0
2025-05-29 15:30:45,707 [INFO] [READ] Battery Charge/Discharge Power = 497
2025-05-29 15:30:46,678 [INFO] [SET] Discharge Period (min) = 0
2025-05-29 15:30:46,748 [INFO] [VALIDATED] Discharge Period (min) = 0
2025-05-29 15:30:46,822 [INFO] [SET] Charge Power = 0
2025-05-29 15:30:46,901 [INFO] [VALIDATED] Charge Power = 0
2025-05-29 15:30:47,317 [INFO] [SET] Discharge Power = 0
2025-05-29 15:30:47,391 [INFO] [VALIDATED] Discharge Power = 0
2025-05-29 15:30:47,470 [INFO] [SET] Stop Charge/Discharge = 0
2025-05-29 15:30:47,543 [INFO] [VALIDATED] Stop Charge/Discharge = Stop
2025-05-29 15:30:47,545 [INFO] [MONITOR] Monitoring stopped.
2025-05-29 15:30:47,637 [INFO] [SET] Target SoC for Discharge = 0
2025-05-29 15:30:47,791 [INFO] [VALIDATED] Target SoC for Discharge = 0.0
2025-05-29 15:30:47,863 [INFO] [SET] Discharge Period = 2
2025-05-29 15:30:47,935 [INFO] [VALIDATED] Discharge Period = 2
2025-05-29 15:30:48,051 [INFO] [SET] Discharge Power = 500
2025-05-29 15:30:48,137 [INFO] [VALIDATED] Discharge Power = 500
2025-05-29 15:30:48,231 [INFO] [SET] Trigger Discharge = 2
2025-05-29 15:30:48,306 [INFO] [VALIDATED] Trigger Discharge = Discharge
2025-05-29 15:30:48,307 [INFO] [MONITOR] Monitoring started.
2025-05-29 15:30:48,386 [INFO] [READ] State of Capacity = 38.0
2025-05-29 15:30:48,448 [INFO] [READ] Battery Charge/Discharge Power = 497
2025-05-29 15:30:53,498 [INFO] [READ] State of Capacity = 38.0
2025-05-29 15:30:53,637 [INFO] [READ] Battery Charge/Discharge Power = 0
2025-05-29 15:30:58,663 [INFO] [READ] State of Capacity = 38.0
2025-05-29 15:30:58,803 [INFO] [READ] Battery Charge/Discharge Power = -3
2025-05-29 15:31:03,849 [INFO] [READ] State of Capacity = 38.0
2025-05-29 15:31:03,913 [INFO] [READ] Battery Charge/Discharge Power = -457
2025-05-29 15:31:08,965 [INFO] [READ] State of Capacity = 38.0
2025-05-29 15:31:09,039 [INFO] [READ] Battery Charge/Discharge Power = -457
2025-05-29 15:31:14,063 [INFO] [READ] State of Capacity = 38.0
2025-05-29 15:31:14,158 [INFO] [READ] Battery Charge/Discharge Power = -457
2025-05-29 15:31:19,183 [INFO] [READ] State of Capacity = 38.0
2025-05-29 15:31:19,254 [INFO] [READ] Battery Charge/Discharge Power = -457
2025-05-29 15:31:24,312 [INFO] [READ] State of Capacity = 38.0
2025-05-29 15:31:24,394 [INFO] [READ] Battery Charge/Discharge Power = -457
2025-05-29 15:31:29,723 [INFO] [READ] State of Capacity = 38.0
2025-05-29 15:31:29,818 [INFO] [READ] Battery Charge/Discharge Power = -457
2025-05-29 15:31:34,954 [INFO] [READ] State of Capacity = 38.0
2025-05-29 15:31:35,020 [INFO] [READ] Battery Charge/Discharge Power = -457
2025-05-29 15:31:40,052 [INFO] [READ] State of Capacity = 38.0
2025-05-29 15:31:40,132 [INFO] [READ] Battery Charge/Discharge Power = -457
2025-05-29 15:31:45,151 [INFO] [READ] State of Capacity = 38.0
2025-05-29 15:31:45,227 [INFO] [READ] Battery Charge/Discharge Power = -458
2025-05-29 15:31:50,285 [INFO] [READ] State of Capacity = 38.0
2025-05-29 15:31:50,352 [INFO] [READ] Battery Charge/Discharge Power = -457
2025-05-29 15:31:55,397 [INFO] [READ] State of Capacity = 38.0
2025-05-29 15:31:55,457 [INFO] [READ] Battery Charge/Discharge Power = -456
2025-05-29 15:32:00,483 [INFO] [READ] State of Capacity = 38.0
2025-05-29 15:32:00,557 [INFO] [READ] Battery Charge/Discharge Power = -457
2025-05-29 15:32:05,581 [INFO] [READ] State of Capacity = 38.0
2025-05-29 15:32:05,653 [INFO] [READ] Battery Charge/Discharge Power = -456
2025-05-29 15:32:10,708 [INFO] [READ] State of Capacity = 38.0
2025-05-29 15:32:10,797 [INFO] [READ] Battery Charge/Discharge Power = -457
2025-05-29 15:32:15,839 [INFO] [READ] State of Capacity = 38.0
2025-05-29 15:32:15,914 [INFO] [READ] Battery Charge/Discharge Power = -456
2025-05-29 15:32:20,975 [INFO] [READ] State of Capacity = 38.0
2025-05-29 15:32:21,044 [INFO] [READ] Battery Charge/Discharge Power = -458
2025-05-29 15:32:26,065 [INFO] [READ] State of Capacity = 38.0
2025-05-29 15:32:26,147 [INFO] [READ] Battery Charge/Discharge Power = -458
2025-05-29 15:32:31,278 [INFO] [READ] State of Capacity = 38.0
2025-05-29 15:32:31,353 [INFO] [READ] Battery Charge/Discharge Power = -458
2025-05-29 15:32:36,381 [INFO] [READ] State of Capacity = 38.0
2025-05-29 15:32:36,553 [INFO] [READ] Battery Charge/Discharge Power = -458
2025-05-29 15:32:41,582 [INFO] [READ] State of Capacity = 38.0
2025-05-29 15:32:41,663 [INFO] [READ] Battery Charge/Discharge Power = -457
2025-05-29 15:32:46,691 [INFO] [READ] State of Capacity = 38.0
2025-05-29 15:32:46,756 [INFO] [READ] Battery Charge/Discharge Power = -457
2025-05-29 15:32:48,378 [INFO] [SET] Discharge Period (min) = 0
2025-05-29 15:32:48,516 [INFO] [VALIDATED] Discharge Period (min) = 0
2025-05-29 15:32:48,619 [INFO] [SET] Charge Power = 0
2025-05-29 15:32:48,693 [INFO] [VALIDATED] Charge Power = 0
2025-05-29 15:32:48,764 [INFO] [SET] Discharge Power = 0
2025-05-29 15:32:48,837 [INFO] [VALIDATED] Discharge Power = 0
2025-05-29 15:32:48,910 [INFO] [SET] Stop Charge/Discharge = 0
2025-05-29 15:32:48,971 [INFO] [VALIDATED] Stop Charge/Discharge = Stop
2025-05-29 15:32:48,972 [INFO] [MONITOR] Monitoring stopped.
2025-05-29 15:32:49,038 [INFO] [SET] Target SoC for Charge = 100
2025-05-29 15:32:49,113 [INFO] [VALIDATED] Target SoC for Charge = 100.0
2025-05-29 15:32:49,180 [INFO] [SET] Charge Period = 2
2025-05-29 15:32:49,366 [INFO] [VALIDATED] Charge Period = 2
2025-05-29 15:32:49,441 [INFO] [SET] Charge Power = 500
2025-05-29 15:32:49,516 [INFO] [VALIDATED] Charge Power = 500
2025-05-29 15:32:49,581 [INFO] [SET] Trigger Charge = 1
2025-05-29 15:32:49,646 [INFO] [VALIDATED] Trigger Charge = Charge
2025-05-29 15:32:49,647 [INFO] [MONITOR] Monitoring started.
2025-05-29 15:32:49,706 [INFO] [READ] State of Capacity = 38.0
2025-05-29 15:32:49,862 [INFO] [READ] Battery Charge/Discharge Power = -457
2025-05-29 15:32:54,900 [INFO] [READ] State of Capacity = 38.0
2025-05-29 15:32:55,129 [INFO] [READ] Battery Charge/Discharge Power = -456
2025-05-29 15:33:00,152 [INFO] [READ] State of Capacity = 38.0
2025-05-29 15:33:00,212 [INFO] [READ] Battery Charge/Discharge Power = 517
2025-05-29 15:33:05,236 [INFO] [READ] State of Capacity = 38.0
2025-05-29 15:33:05,302 [INFO] [READ] Battery Charge/Discharge Power = 497
2025-05-29 15:33:10,353 [INFO] [READ] State of Capacity = 38.0
2025-05-29 15:33:10,427 [INFO] [READ] Battery Charge/Discharge Power = 498
2025-05-29 15:33:15,458 [INFO] [READ] State of Capacity = 38.0
2025-05-29 15:33:15,541 [INFO] [READ] Battery Charge/Discharge Power = 498
2025-05-29 15:33:20,563 [INFO] [READ] State of Capacity = 38.0
2025-05-29 15:33:20,623 [INFO] [READ] Battery Charge/Discharge Power = 498
2025-05-29 15:33:25,648 [INFO] [READ] State of Capacity = 38.0
2025-05-29 15:33:25,725 [INFO] [READ] Battery Charge/Discharge Power = 497
2025-05-29 15:33:30,775 [INFO] [READ] State of Capacity = 38.0
2025-05-29 15:33:30,838 [INFO] [READ] Battery Charge/Discharge Power = 498
2025-05-29 15:33:35,855 [INFO] [READ] State of Capacity = 38.0
2025-05-29 15:33:35,921 [INFO] [READ] Battery Charge/Discharge Power = 497
2025-05-29 15:33:40,955 [INFO] [READ] State of Capacity = 38.0
2025-05-29 15:33:41,022 [INFO] [READ] Battery Charge/Discharge Power = 497
2025-05-29 15:33:46,043 [INFO] [READ] State of Capacity = 38.0
2025-05-29 15:33:46,115 [INFO] [READ] Battery Charge/Discharge Power = 497
2025-05-29 15:33:51,129 [INFO] [READ] State of Capacity = 38.0
2025-05-29 15:33:51,308 [INFO] [READ] Battery Charge/Discharge Power = 497
2025-05-29 15:33:56,325 [INFO] [READ] State of Capacity = 38.0
2025-05-29 15:33:56,400 [INFO] [READ] Battery Charge/Discharge Power = 497
2025-05-29 15:34:01,420 [INFO] [READ] State of Capacity = 38.0
2025-05-29 15:34:01,496 [INFO] [READ] Battery Charge/Discharge Power = 498
2025-05-29 15:34:06,534 [INFO] [READ] State of Capacity = 38.0
2025-05-29 15:34:06,620 [INFO] [READ] Battery Charge/Discharge Power = 499
2025-05-29 15:34:11,634 [INFO] [READ] State of Capacity = 38.0
2025-05-29 15:34:11,701 [INFO] [READ] Battery Charge/Discharge Power = 498
2025-05-29 15:34:16,761 [INFO] [READ] State of Capacity = 38.0
2025-05-29 15:34:16,928 [INFO] [READ] Battery Charge/Discharge Power = 498
2025-05-29 15:34:22,042 [INFO] [READ] State of Capacity = 38.0
2025-05-29 15:34:22,106 [INFO] [READ] Battery Charge/Discharge Power = 497
2025-05-29 15:34:27,122 [INFO] [READ] State of Capacity = 38.0
2025-05-29 15:34:27,186 [INFO] [READ] Battery Charge/Discharge Power = 497
2025-05-29 15:34:32,203 [INFO] [READ] State of Capacity = 38.0
2025-05-29 15:34:32,268 [INFO] [READ] Battery Charge/Discharge Power = 496
2025-05-29 15:34:37,296 [INFO] [READ] State of Capacity = 38.0
2025-05-29 15:34:37,373 [INFO] [READ] Battery Charge/Discharge Power = 498
2025-05-29 15:34:42,582 [INFO] [READ] State of Capacity = 38.0
2025-05-29 15:34:42,648 [INFO] [READ] Battery Charge/Discharge Power = 498
2025-05-29 15:34:47,777 [INFO] [READ] State of Capacity = 38.0
2025-05-29 15:34:47,848 [INFO] [READ] Battery Charge/Discharge Power = 498
2025-05-29 15:34:49,704 [INFO] [SET] Discharge Period (min) = 0
2025-05-29 15:34:49,770 [INFO] [VALIDATED] Discharge Period (min) = 0
2025-05-29 15:34:49,938 [INFO] [SET] Charge Power = 0
2025-05-29 15:34:50,005 [INFO] [VALIDATED] Charge Power = 0
2025-05-29 15:34:50,185 [INFO] [SET] Discharge Power = 0
2025-05-29 15:34:50,254 [INFO] [VALIDATED] Discharge Power = 0
2025-05-29 15:34:50,337 [INFO] [SET] Stop Charge/Discharge = 0
2025-05-29 15:34:50,403 [INFO] [VALIDATED] Stop Charge/Discharge = Stop
2025-05-29 15:34:50,404 [INFO] [MONITOR] Monitoring stopped.
2025-05-29 15:34:50,469 [INFO] [SET] Target SoC for Discharge = 0
2025-05-29 15:34:50,548 [INFO] [VALIDATED] Target SoC for Discharge = 0.0
2025-05-29 15:34:50,624 [INFO] [SET] Discharge Period = 2
2025-05-29 15:34:50,704 [INFO] [VALIDATED] Discharge Period = 2
2025-05-29 15:34:50,787 [INFO] [SET] Discharge Power = 500
2025-05-29 15:34:50,859 [INFO] [VALIDATED] Discharge Power = 500
2025-05-29 15:34:50,934 [INFO] [SET] Trigger Discharge = 2
2025-05-29 15:34:51,431 [INFO] [VALIDATED] Trigger Discharge = Discharge
2025-05-29 15:34:51,433 [INFO] [MONITOR] Monitoring started.
2025-05-29 15:34:51,505 [INFO] [READ] State of Capacity = 38.0
2025-05-29 15:34:51,579 [INFO] [READ] Battery Charge/Discharge Power = 498
2025-05-29 15:34:56,610 [INFO] [READ] State of Capacity = 38.0
2025-05-29 15:34:56,673 [INFO] [READ] Battery Charge/Discharge Power = 498
2025-05-29 15:35:01,713 [INFO] [READ] State of Capacity = 38.0
2025-05-29 15:35:01,878 [INFO] [READ] Battery Charge/Discharge Power = 0
2025-05-29 15:35:06,929 [INFO] [READ] State of Capacity = 38.0
2025-05-29 15:35:07,007 [INFO] [READ] Battery Charge/Discharge Power = -457
2025-05-29 15:35:12,135 [INFO] [READ] State of Capacity = 38.0
2025-05-29 15:35:12,211 [INFO] [READ] Battery Charge/Discharge Power = -456
2025-05-29 15:35:17,359 [INFO] [READ] State of Capacity = 38.0
2025-05-29 15:35:17,434 [INFO] [READ] Battery Charge/Discharge Power = -456
2025-05-29 15:35:22,490 [INFO] [READ] State of Capacity = 38.0
2025-05-29 15:35:22,556 [INFO] [READ] Battery Charge/Discharge Power = -456
2025-05-29 15:35:27,660 [INFO] [READ] State of Capacity = 38.0
2025-05-29 15:35:27,751 [INFO] [READ] Battery Charge/Discharge Power = -457
2025-05-29 15:35:33,006 [INFO] [READ] State of Capacity = 38.0
2025-05-29 15:35:33,078 [INFO] [READ] Battery Charge/Discharge Power = -456
2025-05-29 15:35:38,208 [INFO] [READ] State of Capacity = 38.0
2025-05-29 15:35:38,273 [INFO] [READ] Battery Charge/Discharge Power = -457
2025-05-29 15:35:43,283 [INFO] [READ] State of Capacity = 38.0
2025-05-29 15:35:43,346 [INFO] [READ] Battery Charge/Discharge Power = -457
2025-05-29 15:35:48,371 [INFO] [READ] State of Capacity = 38.0
2025-05-29 15:35:48,443 [INFO] [READ] Battery Charge/Discharge Power = -457
2025-05-29 15:35:53,502 [INFO] [READ] State of Capacity = 38.0
2025-05-29 15:35:53,563 [INFO] [READ] Battery Charge/Discharge Power = -457
2025-05-29 15:35:58,593 [INFO] [READ] State of Capacity = 38.0
2025-05-29 15:35:58,678 [INFO] [READ] Battery Charge/Discharge Power = -457
2025-05-29 15:36:03,704 [INFO] [READ] State of Capacity = 38.0
2025-05-29 15:36:03,778 [INFO] [READ] Battery Charge/Discharge Power = -457
2025-05-29 15:36:08,844 [INFO] [READ] State of Capacity = 38.0
2025-05-29 15:36:08,915 [INFO] [READ] Battery Charge/Discharge Power = -456
2025-05-29 15:36:14,177 [INFO] [READ] State of Capacity = 38.0
2025-05-29 15:36:14,251 [INFO] [READ] Battery Charge/Discharge Power = -457
2025-05-29 15:36:19,314 [INFO] [READ] State of Capacity = 38.0
2025-05-29 15:36:19,386 [INFO] [READ] Battery Charge/Discharge Power = -457
2025-05-29 15:36:24,514 [INFO] [READ] State of Capacity = 38.0
2025-05-29 15:36:24,586 [INFO] [READ] Battery Charge/Discharge Power = -457
2025-05-29 15:36:29,623 [INFO] [READ] State of Capacity = 38.0
2025-05-29 15:36:29,696 [INFO] [READ] Battery Charge/Discharge Power = -458
2025-05-29 15:36:34,910 [INFO] [READ] State of Capacity = 38.0
2025-05-29 15:36:34,986 [INFO] [READ] Battery Charge/Discharge Power = -458
2025-05-29 15:36:40,006 [INFO] [READ] State of Capacity = 38.0
2025-05-29 15:36:40,291 [INFO] [READ] Battery Charge/Discharge Power = -458
2025-05-29 15:36:45,302 [INFO] [READ] State of Capacity = 38.0
2025-05-29 15:36:45,375 [INFO] [READ] Battery Charge/Discharge Power = -458
2025-05-29 15:36:50,466 [INFO] [READ] State of Capacity = 38.0
2025-05-29 15:36:50,541 [INFO] [READ] Battery Charge/Discharge Power = -458
2025-05-29 15:36:51,470 [INFO] [SET] Discharge Period (min) = 0
2025-05-29 15:36:51,537 [INFO] [VALIDATED] Discharge Period (min) = 0
2025-05-29 15:36:52,092 [INFO] [SET] Charge Power = 0
2025-05-29 15:36:52,168 [INFO] [VALIDATED] Charge Power = 0
2025-05-29 15:36:52,235 [INFO] [SET] Discharge Power = 0
2025-05-29 15:36:52,318 [INFO] [VALIDATED] Discharge Power = 0
2025-05-29 15:36:52,440 [INFO] [SET] Stop Charge/Discharge = 0
2025-05-29 15:36:52,508 [INFO] [VALIDATED] Stop Charge/Discharge = Stop
2025-05-29 15:36:52,508 [INFO] [MONITOR] Monitoring stopped.
2025-05-29 15:36:52,509 [INFO] Bridge stopped successfully.
